2019-05-13 17:52:26,881 INFO /home/puhl/project/minas-py/tests/test_minas_fake.py:88 fake_seed trainingDf
          item                                                               
         count unique                                                top freq
label                                                                        
Class #0    25     25  [-2.3060776104835847, 6.129885714749248, 2.107...    1
Class #1    62     62  [5.807881282426957, 6.2703715040291845, 4.5722...    1
Class #2   101    101  [7.5324534645058545, 7.681722021634586, 7.8009...    1

2019-05-13 17:52:27,882 INFO /home/puhl/project/minas-py/tests/test_minas_fake.py:92 fake_seed MinasBase(exampleCount=0, knownCount=0, noveltyIndex=0, lastExapleTMS=0, lastCleaningCycle=0, minasAlgorith=MinasAlgorithTimed(CONSTS=MinasConsts(k=100, radiusFactor=1.1, noveltyThr=100, ndProcedureThr=2000, windowSize=4000, representationThr=1, silhouetteThr=0)), daskClient=None, clustersLen=45, clusters=[
	Cluster(label='Class #0', n=4, lastExapleTMS=1557780745888476848, maxDistance=13.012893516176806, center=[ 2.3920, -1.3915, -0.2733,  2.3267,  1.4225,  2.5101,  4.0107,  4.6686,  1.4293, -1.5995, -0.0997,  1.7365, -0.2039, -0.7970,  4.2432,  4.0180,  0.9259,  3.6490,  4.0806,  2.9612,  3.5306, -0.1103,  0.4586,  4.9884, -0.1843,  3.0039,  2.7899,  3.6409]),
	Cluster(label='Class #0', n=6, lastExapleTMS=1557780745888476848, maxDistance=13.694938398068631, center=[ 2.8728,  4.9688,  1.8187,  3.0330, -0.3246,  2.1840,  2.9501,  2.4959,  1.0976,  2.2601,  4.1244,  2.3776,  3.9136,  1.6930,  1.7226,  2.0529,  2.1683,  0.2251,  0.8992,  2.8893,  1.5282,  3.3304,  2.8981,  4.0214,  3.4138,  5.8056,  2.5860,  2.9910]),
	Cluster(label='Class #0', n=6, lastExapleTMS=1557780745888476848, maxDistance=14.402836697236138, center=[ 3.5773,  1.2124,  3.1507,  0.7372,  0.3810,  1.1193,  1.5498,  1.6288,  2.3650,  4.2826,  2.2880, -0.0741,  2.1937,  4.7939,  2.8052,  1.8474,  2.7783,  1.8251,  2.0167,  1.9392,  0.1622, -1.6703,  4.4069,  2.2532,  2.4370,  1.8587,  2.9522,  2.5998]),
	Cluster(label='Class #0', n=2, lastExapleTMS=1557780745888476848, maxDistance=9.234776057150876, center=[ 2.8662,  4.6444,  4.3835,  2.7593,  0.5786, -1.2972,  4.0029,  0.2224,  3.3898,  2.9259,  2.5254,  4.0276, -0.0590, -0.8363,  3.6822,  3.4355,  4.7187,  2.3661, -1.7508, -2.5349, -2.1436,  4.2959,  5.1705, -0.0978, -0.4017,  2.3145,  0.4269,  0.7302]),
	Cluster(label='Class #0', n=3, lastExapleTMS=1557780745888476848, maxDistance=11.280355904322121, center=[ 4.6160,  1.5519,  6.5657,  1.2512,  4.0749,  0.7286,  3.8787,  4.2751,  2.4142,  2.2908,  1.3697,  3.5551,  1.4135,  6.3652,  2.1325,  1.6876,  1.1711,  2.1595,  1.5143,  0.2975,  5.8822,  2.7458, -0.1957,  1.3765,  4.8790,  2.5643,  2.2780,  1.2882]),
	Cluster(label='Class #0', n=1, lastExapleTMS=1557780745888476848, maxDistance=1.2755491433176288e-15, center=[-0.7141, -0.5989,  3.1018, -1.3673,  2.4621,  5.1032, -6.0492,  6.6995,  2.2708,  2.3839,  5.6273,  3.3723,  5.8618,  9.2822, -0.5399,  6.3552,  6.4313,  4.3044,  1.9596,  0.5537,  3.6555,  3.3277,  0.4377, -1.0566,  0.9868,  3.8373,  0.5627,  7.4905]),
	Cluster(label='Class #0', n=1, lastExapleTMS=1557780745888476848, maxDistance=8.005932084973442e-16, center=[ 2.4098, -2.8179, -0.4199, -1.0172, -2.4704,  2.1086,  0.0374, -0.2444,  2.9927,  2.3577, -2.4822,  5.3450,  1.0704, -0.0517, -3.7605, -1.0146,  0.5374,  8.4593,  2.7589,  0.7812,  2.5709,  3.8486, -0.7051, -3.0370,  9.3076,  8.8683,  0.6144,  2.9662]),
	Cluster(label='Class #0', n=2, lastExapleTMS=1557780745888476848, maxDistance=9.606675023618061, center=[-3.9578,  5.7382,  1.0237,  4.3713,  0.5807, -0.7820,  2.0321,  0.4561,  1.4109,  5.6305,  5.7890,  2.5751,  1.5810,  1.3751,  2.0337,  2.1112,  3.3795,  4.8254,  3.0367,  6.7048,  4.5508,  1.3402,  5.5485,  1.9695, -4.3617,  1.7196,  4.1217, -0.8907]),
	Cluster(label='Class #1', n=1, lastExapleTMS=1557780745888476848, maxDistance=1.2161883888976235e-15, center=[ 2.0116,  6.8115, -1.0651, -1.1947,  2.3660, -2.6302,  4.5457,  3.7984,  3.4802,  5.4465,  1.0557, -2.1497,  3.8721, -4.1239,  0.7313,  2.2876,  7.3240,  0.1730,  2.2589, -2.6959,  0.8300,  5.0476,  8.6771, -3.4651,  8.9465,  0.4364,  1.6350,  5.7008]),
	Cluster(label='Class #1', n=5, lastExapleTMS=1557780745888476848, maxDistance=15.422438639902106, center=[ 1.2023,  4.1773,  3.7707,  3.7313,  10.5198,  1.9967,  2.6481,  2.7287,  0.5935,  2.4605,  3.7388,  1.0425,  1.1207,  4.5329,  5.3753,  3.5393,  4.3205,  0.3214,  3.7467,  2.3493,  3.8993,  0.3971,  1.3446,  0.8095,  2.7527,  3.0118,  3.8638,  1.8862])
], sleepClustersLen=0, sleepClusters=[], unknownBufferLen=0, unknownBuffer=[])MinasBase(exampleCount=0, knownCount=0, noveltyIndex=0, lastExapleTMS=0, lastCleaningCycle=0, minasAlgorith=MinasAlgorithTimed(CONSTS=MinasConsts(k=100, radiusFactor=1.1, noveltyThr=100, ndProcedureThr=2000, windowSize=4000, representationThr=1, silhouetteThr=0)), daskClient=None, clustersLen=45, clusters=[
	Cluster(label='Class #0', n=4, lastExapleTMS=1557780745888476848, maxDistance=13.012893516176806, center=[ 2.3920, -1.3915, -0.2733,  2.3267,  1.4225,  2.5101,  4.0107,  4.6686,  1.4293, -1.5995, -0.0997,  1.7365, -0.2039, -0.7970,  4.2432,  4.0180,  0.9259,  3.6490,  4.0806,  2.9612,  3.5306, -0.1103,  0.4586,  4.9884, -0.1843,  3.0039,  2.7899,  3.6409]),
	Cluster(label='Class #0', n=6, lastExapleTMS=1557780745888476848, maxDistance=13.694938398068631, center=[ 2.8728,  4.9688,  1.8187,  3.0330, -0.3246,  2.1840,  2.9501,  2.4959,  1.0976,  2.2601,  4.1244,  2.3776,  3.9136,  1.6930,  1.7226,  2.0529,  2.1683,  0.2251,  0.8992,  2.8893,  1.5282,  3.3304,  2.8981,  4.0214,  3.4138,  5.8056,  2.5860,  2.9910]),
	Cluster(label='Class #0', n=6, lastExapleTMS=1557780745888476848, maxDistance=14.402836697236138, center=[ 3.5773,  1.2124,  3.1507,  0.7372,  0.3810,  1.1193,  1.5498,  1.6288,  2.3650,  4.2826,  2.2880, -0.0741,  2.1937,  4.7939,  2.8052,  1.8474,  2.7783,  1.8251,  2.0167,  1.9392,  0.1622, -1.6703,  4.4069,  2.2532,  2.4370,  1.8587,  2.9522,  2.5998]),
	Cluster(label='Class #0', n=2, lastExapleTMS=1557780745888476848, maxDistance=9.234776057150876, center=[ 2.8662,  4.6444,  4.3835,  2.7593,  0.5786, -1.2972,  4.0029,  0.2224,  3.3898,  2.9259,  2.5254,  4.0276, -0.0590, -0.8363,  3.6822,  3.4355,  4.7187,  2.3661, -1.7508, -2.5349, -2.1436,  4.2959,  5.1705, -0.0978, -0.4017,  2.3145,  0.4269,  0.7302]),
	Cluster(label='Class #0', n=3, lastExapleTMS=1557780745888476848, maxDistance=11.280355904322121, center=[ 4.6160,  1.5519,  6.5657,  1.2512,  4.0749,  0.7286,  3.8787,  4.2751,  2.4142,  2.2908,  1.3697,  3.5551,  1.4135,  6.3652,  2.1325,  1.6876,  1.1711,  2.1595,  1.5143,  0.2975,  5.8822,  2.7458, -0.1957,  1.3765,  4.8790,  2.5643,  2.2780,  1.2882]),
	Cluster(label='Class #0', n=1, lastExapleTMS=1557780745888476848, maxDistance=1.2755491433176288e-15, center=[-0.7141, -0.5989,  3.1018, -1.3673,  2.4621,  5.1032, -6.0492,  6.6995,  2.2708,  2.3839,  5.6273,  3.3723,  5.8618,  9.2822, -0.5399,  6.3552,  6.4313,  4.3044,  1.9596,  0.5537,  3.6555,  3.3277,  0.4377, -1.0566,  0.9868,  3.8373,  0.5627,  7.4905]),
	Cluster(label='Class #0', n=1, lastExapleTMS=1557780745888476848, maxDistance=8.005932084973442e-16, center=[ 2.4098, -2.8179, -0.4199, -1.0172, -2.4704,  2.1086,  0.0374, -0.2444,  2.9927,  2.3577, -2.4822,  5.3450,  1.0704, -0.0517, -3.7605, -1.0146,  0.5374,  8.4593,  2.7589,  0.7812,  2.5709,  3.8486, -0.7051, -3.0370,  9.3076,  8.8683,  0.6144,  2.9662]),
	Cluster(label='Class #0', n=2, lastExapleTMS=1557780745888476848, maxDistance=9.606675023618061, center=[-3.9578,  5.7382,  1.0237,  4.3713,  0.5807, -0.7820,  2.0321,  0.4561,  1.4109,  5.6305,  5.7890,  2.5751,  1.5810,  1.3751,  2.0337,  2.1112,  3.3795,  4.8254,  3.0367,  6.7048,  4.5508,  1.3402,  5.5485,  1.9695, -4.3617,  1.7196,  4.1217, -0.8907]),
	Cluster(label='Class #1', n=1, lastExapleTMS=1557780745888476848, maxDistance=1.2161883888976235e-15, center=[ 2.0116,  6.8115, -1.0651, -1.1947,  2.3660, -2.6302,  4.5457,  3.7984,  3.4802,  5.4465,  1.0557, -2.1497,  3.8721, -4.1239,  0.7313,  2.2876,  7.3240,  0.1730,  2.2589, -2.6959,  0.8300,  5.0476,  8.6771, -3.4651,  8.9465,  0.4364,  1.6350,  5.7008]),
	Cluster(label='Class #1', n=5, lastExapleTMS=1557780745888476848, maxDistance=15.422438639902106, center=[ 1.2023,  4.1773,  3.7707,  3.7313,  10.5198,  1.9967,  2.6481,  2.7287,  0.5935,  2.4605,  3.7388,  1.0425,  1.1207,  4.5329,  5.3753,  3.5393,  4.3205,  0.3214,  3.7467,  2.3493,  3.8993,  0.3971,  1.3446,  0.8095,  2.7527,  3.0118,  3.8638,  1.8862])
], sleepClustersLen=0, sleepClusters=[], unknownBufferLen=0, unknownBuffer=[])
2019-05-13 17:52:31,753 INFO /home/puhl/project/minas-py/tests/test_minas_fake.py:103 fake_seed aggregatin resutls
2019-05-13 17:52:34,944 INFO /home/puhl/project/minas-py/tests/test_minas_fake.py:140 fake_seed 

	=== Final Results ===
MinasBase(exampleCount=0, knownCount=0, noveltyIndex=0, lastExapleTMS=0, lastCleaningCycle=0, minasAlgorith=MinasAlgorithTimed(CONSTS=MinasConsts(k=100, radiusFactor=1.1, noveltyThr=100, ndProcedureThr=2000, windowSize=4000, representationThr=1, silhouetteThr=0)), daskClient=None, clustersLen=45, clusters=[
	Cluster(label='Class #0', n=61, lastExapleTMS=1557780745888476848, maxDistance=20.112057733637677, center=[ 2.3920, -1.3915, -0.2733,  2.3267,  1.4225,  2.5101,  4.0107,  4.6686,  1.4293, -1.5995, -0.0997,  1.7365, -0.2039, -0.7970,  4.2432,  4.0180,  0.9259,  3.6490,  4.0806,  2.9612,  3.5306, -0.1103,  0.4586,  4.9884, -0.1843,  3.0039,  2.7899,  3.6409]),
	Cluster(label='Class #0', n=216, lastExapleTMS=1557780745888476848, maxDistance=21.89728366272633, center=[ 2.8728,  4.9688,  1.8187,  3.0330, -0.3246,  2.1840,  2.9501,  2.4959,  1.0976,  2.2601,  4.1244,  2.3776,  3.9136,  1.6930,  1.7226,  2.0529,  2.1683,  0.2251,  0.8992,  2.8893,  1.5282,  3.3304,  2.8981,  4.0214,  3.4138,  5.8056,  2.5860,  2.9910]),
	Cluster(label='Class #0', n=179, lastExapleTMS=1557780745888476848, maxDistance=20.870102991862257, center=[ 3.5773,  1.2124,  3.1507,  0.7372,  0.3810,  1.1193,  1.5498,  1.6288,  2.3650,  4.2826,  2.2880, -0.0741,  2.1937,  4.7939,  2.8052,  1.8474,  2.7783,  1.8251,  2.0167,  1.9392,  0.1622, -1.6703,  4.4069,  2.2532,  2.4370,  1.8587,  2.9522,  2.5998]),
	Cluster(label='Class #0', n=2, lastExapleTMS=1557780745888476848, maxDistance=9.234776057150876, center=[ 2.8662,  4.6444,  4.3835,  2.7593,  0.5786, -1.2972,  4.0029,  0.2224,  3.3898,  2.9259,  2.5254,  4.0276, -0.0590, -0.8363,  3.6822,  3.4355,  4.7187,  2.3661, -1.7508, -2.5349, -2.1436,  4.2959,  5.1705, -0.0978, -0.4017,  2.3145,  0.4269,  0.7302]),
	Cluster(label='Class #0', n=35, lastExapleTMS=1557780745888476848, maxDistance=17.128894767987255, center=[ 4.6160,  1.5519,  6.5657,  1.2512,  4.0749,  0.7286,  3.8787,  4.2751,  2.4142,  2.2908,  1.3697,  3.5551,  1.4135,  6.3652,  2.1325,  1.6876,  1.1711,  2.1595,  1.5143,  0.2975,  5.8822,  2.7458, -0.1957,  1.3765,  4.8790,  2.5643,  2.2780,  1.2882]),
	Cluster(label='Class #0', n=1, lastExapleTMS=1557780745888476848, maxDistance=1.2755491433176288e-15, center=[-0.7141, -0.5989,  3.1018, -1.3673,  2.4621,  5.1032, -6.0492,  6.6995,  2.2708,  2.3839,  5.6273,  3.3723,  5.8618,  9.2822, -0.5399,  6.3552,  6.4313,  4.3044,  1.9596,  0.5537,  3.6555,  3.3277,  0.4377, -1.0566,  0.9868,  3.8373,  0.5627,  7.4905]),
	Cluster(label='Class #0', n=1, lastExapleTMS=1557780745888476848, maxDistance=8.005932084973442e-16, center=[ 2.4098, -2.8179, -0.4199, -1.0172, -2.4704,  2.1086,  0.0374, -0.2444,  2.9927,  2.3577, -2.4822,  5.3450,  1.0704, -0.0517, -3.7605, -1.0146,  0.5374,  8.4593,  2.7589,  0.7812,  2.5709,  3.8486, -0.7051, -3.0370,  9.3076,  8.8683,  0.6144,  2.9662]),
	Cluster(label='Class #0', n=2, lastExapleTMS=1557780745888476848, maxDistance=9.606675023618061, center=[-3.9578,  5.7382,  1.0237,  4.3713,  0.5807, -0.7820,  2.0321,  0.4561,  1.4109,  5.6305,  5.7890,  2.5751,  1.5810,  1.3751,  2.0337,  2.1112,  3.3795,  4.8254,  3.0367,  6.7048,  4.5508,  1.3402,  5.5485,  1.9695, -4.3617,  1.7196,  4.1217, -0.8907]),
	Cluster(label='Class #1', n=1, lastExapleTMS=1557780745888476848, maxDistance=1.2161883888976235e-15, center=[ 2.0116,  6.8115, -1.0651, -1.1947,  2.3660, -2.6302,  4.5457,  3.7984,  3.4802,  5.4465,  1.0557, -2.1497,  3.8721, -4.1239,  0.7313,  2.2876,  7.3240,  0.1730,  2.2589, -2.6959,  0.8300,  5.0476,  8.6771, -3.4651,  8.9465,  0.4364,  1.6350,  5.7008]),
	Cluster(label='Class #1', n=48, lastExapleTMS=1557780745888476848, maxDistance=20.712637891206036, center=[ 1.2023,  4.1773,  3.7707,  3.7313,  10.5198,  1.9967,  2.6481,  2.7287,  0.5935,  2.4605,  3.7388,  1.0425,  1.1207,  4.5329,  5.3753,  3.5393,  4.3205,  0.3214,  3.7467,  2.3493,  3.8993,  0.3971,  1.3446,  0.8095,  2.7527,  3.0118,  3.8638,  1.8862])
], sleepClustersLen=0, sleepClusters=[], unknownBufferLen=2, unknownBuffer=[
	Example(label=None, timestamp=1557780745888476848, tries=1, item=[ 6.2096,  3.3091,  2.6848,  7.7611,  1.3808,  4.1695, -2.8504,  1.1178, -4.9407,  4.2786,  4.3155, -2.6411,  1.6679,  2.9474, -3.4410,  2.2371,  1.4321,  5.0769,  1.3985, -0.1229, -2.3658, -2.1969,  7.2269, -2.7209, -1.0128, -0.0248,  0.6275,  4.3699]),
	Example(label=None, timestamp=1557780745888476848, tries=1, item=[ 7.7962,  7.8510,  6.3844,  8.3150,  7.9129,  7.5060,  7.0623,  7.6661,  7.1458,  7.5253,  7.6866,  8.0593,  7.7844,  7.0999,  7.4723,  7.2652,  7.9672,  7.6187,  8.4034,  7.3588,  6.7105,  7.4491,  7.7155,  7.3184,  7.6413,  6.9213,  7.0393,  7.5385])
])
[seed 200] positive: 1467(77.91%), negative: 415(22.04%), unknown: 1(0.05%)

