2019-05-02 00:39:29,937 INFO ./minas.py:188 clustering clustering 54, Example(Class #0, ) # ${'len': 7, 'timestamp': 1556768369.5586617, 'tries': 0}
2019-05-02 00:39:29,990 INFO ./minas.py:188 clustering clustering 83, Example(Class #1, ) # ${'len': 7, 'timestamp': 1556768369.579667, 'tries': 0}
2019-05-02 00:39:30,063 INFO ./minas.py:295 offline [offline end]
2019-05-02 00:39:30,063 INFO C:\dev\minas-py\self_test.py:40 runMinas <Model Status clusters: 15, sleepers: 0, known: 0, unkown: 0 (0), total: 0># <Model Status clusters: 15, sleepers: 0, known: 0, unkown: 0 (0), total: 0>
Model({'k': 100, 'radiusFactor': 1.1, 'noveltyThr': 100, 'windowTimeSize': 100, 'ndProcedureThr': 137, 'representationThr': 3, 'globalCount': 0, 'lastExapleTMS': -inf, 'lastCleaningCycle': -inf, 'counter': 0, 'noveltyIndex': 0, 'clusters': 15, 'sleepers': 0, 'unknownBuffer': 0, 'diff': 0, 'known': 0}
	Cluster(label=Class #0,	n=8,	sum=5.51,	max=0.98,	center=[7.55, 6.79, 6.80, 6.85, 7.01, 7.42, 7.28])
	Cluster(label=Class #0,	n=8,	sum=5.94,	max=1.10,	center=[7.40, 7.22, 7.51, 7.63, 7.40, 7.51, 6.91])
	Cluster(label=Class #0,	n=10,	sum=6.81,	max=0.98,	center=[6.92, 7.08, 6.86, 7.28, 6.84, 7.35, 7.04])
	Cluster(label=Class #0,	n=11,	sum=7.95,	max=1.01,	center=[7.10, 7.19, 7.57, 7.02, 7.24, 7.15, 7.41])
	Cluster(label=Class #0,	n=11,	sum=7.94,	max=0.99,	center=[7.37, 7.25, 6.81, 7.21, 7.42, 6.61, 7.23])
	Cluster(label=Class #0,	n=6,	sum=3.07,	max=0.64,	center=[6.93, 7.05, 7.00, 6.61, 7.31, 7.12, 6.91])
	Cluster(label=Class #1,	n=4,	sum=7.05,	max=2.33,	center=[11.19, 9.35, 8.24, 8.80, 10.55, 9.55, 8.82])
	Cluster(label=Class #1,	n=14,	sum=23.51,	max=2.35,	center=[9.26, 9.93, 9.69, 10.03, 10.99, 8.94, 9.56])
	Cluster(label=Class #1,	n=10,	sum=15.00,	max=2.56,	center=[9.64, 10.28, 9.18, 10.04, 10.17, 10.75, 8.88])
	Cluster(label=Class #1,	n=9,	sum=13.76,	max=2.33,	center=[9.16, 10.11, 10.05, 9.88, 10.15, 10.79, 10.33])
	Cluster(label=Class #1,	n=6,	sum=7.45,	max=1.73,	center=[10.78, 9.14, 9.21, 9.94, 8.92, 10.65, 9.65])
	Cluster(label=Class #1,	n=8,	sum=13.28,	max=2.29,	center=[10.64, 9.85, 10.40, 11.12, 9.33, 9.08, 9.73])
	Cluster(label=Class #1,	n=6,	sum=8.79,	max=2.03,	center=[10.37, 10.72, 10.84, 8.62, 10.43, 10.25, 9.72])
	Cluster(label=Class #1,	n=12,	sum=19.89,	max=2.57,	center=[9.62, 9.71, 9.76, 8.82, 9.22, 9.33, 9.30])
	Cluster(label=Class #1,	n=14,	sum=23.81,	max=2.27,	center=[9.67, 8.69, 9.95, 9.89, 9.60, 9.22, 10.63])
)
2019-05-02 00:39:31,246 INFO C:\dev\minas-py\self_test.py:149 testRun aggregatin resutls
2019-05-02 00:39:31,969 INFO C:\dev\minas-py\self_test.py:185 testRun 

	=== Final Results ===
# <Model Status clusters: 15, sleepers: 0, known: 1122, unkown: 116 (116), total: 1238>
Model({'k': 100, 'radiusFactor': 1.1, 'noveltyThr': 100, 'windowTimeSize': 100, 'ndProcedureThr': 137, 'representationThr': 3, 'globalCount': 1238, 'lastExapleTMS': 1556768371.2466455, 'lastCleaningCycle': -inf, 'counter': 1122, 'noveltyIndex': 0, 'clusters': 15, 'sleepers': 0, 'unknownBuffer': 116, 'diff': 116, 'known': 1122}
	Cluster(label=Class #0,	n=57,	sum=48.04,	max=1.31,	center=[7.55, 6.79, 6.80, 6.85, 7.01, 7.42, 7.28])
	Cluster(label=Class #0,	n=74,	sum=60.86,	max=1.26,	center=[7.40, 7.22, 7.51, 7.63, 7.40, 7.51, 6.91])
	Cluster(label=Class #0,	n=115,	sum=101.85,	max=1.48,	center=[6.92, 7.08, 6.86, 7.28, 6.84, 7.35, 7.04])
	Cluster(label=Class #0,	n=130,	sum=106.02,	max=1.41,	center=[7.10, 7.19, 7.57, 7.02, 7.24, 7.15, 7.41])
	Cluster(label=Class #0,	n=83,	sum=69.34,	max=1.18,	center=[7.37, 7.25, 6.81, 7.21, 7.42, 6.61, 7.23])
	Cluster(label=Class #0,	n=32,	sum=20.76,	max=0.99,	center=[6.93, 7.05, 7.00, 6.61, 7.31, 7.12, 6.91])
	Cluster(label=Class #1,	n=33,	sum=62.03,	max=2.53,	center=[11.19, 9.35, 8.24, 8.80, 10.55, 9.55, 8.82])
	Cluster(label=Class #1,	n=103,	sum=184.79,	max=2.96,	center=[9.26, 9.93, 9.69, 10.03, 10.99, 8.94, 9.56])
	Cluster(label=Class #1,	n=93,	sum=165.00,	max=2.78,	center=[9.64, 10.28, 9.18, 10.04, 10.17, 10.75, 8.88])
	Cluster(label=Class #1,	n=102,	sum=180.48,	max=2.86,	center=[9.16, 10.11, 10.05, 9.88, 10.15, 10.79, 10.33])
	Cluster(label=Class #1,	n=55,	sum=93.19,	max=2.40,	center=[10.78, 9.14, 9.21, 9.94, 8.92, 10.65, 9.65])
	Cluster(label=Class #1,	n=71,	sum=127.64,	max=2.59,	center=[10.64, 9.85, 10.40, 11.12, 9.33, 9.08, 9.73])
	Cluster(label=Class #1,	n=54,	sum=96.27,	max=2.45,	center=[10.37, 10.72, 10.84, 8.62, 10.43, 10.25, 9.72])
	Cluster(label=Class #1,	n=145,	sum=269.30,	max=3.21,	center=[9.62, 9.71, 9.76, 8.82, 9.22, 9.33, 9.30])
	Cluster(label=Class #1,	n=112,	sum=197.59,	max=2.82,	center=[9.67, 8.69, 9.95, 9.89, 9.60, 9.22, 10.63])
)
[seed 203] positive: 1339(97.38%), negative: 0(0.00%), unknown: 36(2.62%)

