2019-05-13 17:52:36,930 INFO /home/puhl/project/minas-py/tests/test_minas_fake.py:88 fake_seed trainingDf
          item                                                        
         count unique                                         top freq
label                                                                 
Class #0    84     84      [8.438110383955795, 4.594533426326659]    1
Class #1    48     48     [6.5289206202665255, 6.390790759584326]    1
Class #2    33     33  [-0.8162353104177009, 0.17320244938814586]    1

2019-05-13 17:52:37,499 INFO /home/puhl/project/minas-py/tests/test_minas_fake.py:92 fake_seed MinasBase(exampleCount=0, knownCount=0, noveltyIndex=0, lastExapleTMS=0, lastCleaningCycle=0, minasAlgorith=MinasAlgorithTimed(CONSTS=MinasConsts(k=100, radiusFactor=1.1, noveltyThr=100, ndProcedureThr=2000, windowSize=4000, representationThr=1, silhouetteThr=0)), daskClient=None, clustersLen=39, clusters=[
	Cluster(label='Class #0', n=5, lastExapleTMS=1557780745888476848, maxDistance=0.7226559607376705, center=[ 6.8741,  7.7107]),
	Cluster(label='Class #0', n=4, lastExapleTMS=1557780745888476848, maxDistance=2.939917726868806, center=[ 7.3286,  11.7250]),
	Cluster(label='Class #0', n=6, lastExapleTMS=1557780745888476848, maxDistance=1.0896201331362163, center=[ 8.7147,  4.9361]),
	Cluster(label='Class #0', n=5, lastExapleTMS=1557780745888476848, maxDistance=0.9063472712615201, center=[ 3.2327,  8.3113]),
	Cluster(label='Class #0', n=7, lastExapleTMS=1557780745888476848, maxDistance=1.1227200142458857, center=[ 10.3047,  7.9375]),
	Cluster(label='Class #0', n=3, lastExapleTMS=1557780745888476848, maxDistance=0.8170141399541492, center=[ 2.9206,  3.6039]),
	Cluster(label='Class #0', n=5, lastExapleTMS=1557780745888476848, maxDistance=0.772078758663258, center=[ 8.5302,  8.6958]),
	Cluster(label='Class #0', n=2, lastExapleTMS=1557780745888476848, maxDistance=0.06470349667698978, center=[ 4.7954,  5.1417]),
	Cluster(label='Class #0', n=6, lastExapleTMS=1557780745888476848, maxDistance=3.6540766493699692, center=[ 10.4214,  10.0469]),
	Cluster(label='Class #0', n=2, lastExapleTMS=1557780745888476848, maxDistance=3.948606552762825, center=[ 6.3846, -1.3163])
], sleepClustersLen=0, sleepClusters=[], unknownBufferLen=0, unknownBuffer=[])MinasBase(exampleCount=0, knownCount=0, noveltyIndex=0, lastExapleTMS=0, lastCleaningCycle=0, minasAlgorith=MinasAlgorithTimed(CONSTS=MinasConsts(k=100, radiusFactor=1.1, noveltyThr=100, ndProcedureThr=2000, windowSize=4000, representationThr=1, silhouetteThr=0)), daskClient=None, clustersLen=39, clusters=[
	Cluster(label='Class #0', n=5, lastExapleTMS=1557780745888476848, maxDistance=0.7226559607376705, center=[ 6.8741,  7.7107]),
	Cluster(label='Class #0', n=4, lastExapleTMS=1557780745888476848, maxDistance=2.939917726868806, center=[ 7.3286,  11.7250]),
	Cluster(label='Class #0', n=6, lastExapleTMS=1557780745888476848, maxDistance=1.0896201331362163, center=[ 8.7147,  4.9361]),
	Cluster(label='Class #0', n=5, lastExapleTMS=1557780745888476848, maxDistance=0.9063472712615201, center=[ 3.2327,  8.3113]),
	Cluster(label='Class #0', n=7, lastExapleTMS=1557780745888476848, maxDistance=1.1227200142458857, center=[ 10.3047,  7.9375]),
	Cluster(label='Class #0', n=3, lastExapleTMS=1557780745888476848, maxDistance=0.8170141399541492, center=[ 2.9206,  3.6039]),
	Cluster(label='Class #0', n=5, lastExapleTMS=1557780745888476848, maxDistance=0.772078758663258, center=[ 8.5302,  8.6958]),
	Cluster(label='Class #0', n=2, lastExapleTMS=1557780745888476848, maxDistance=0.06470349667698978, center=[ 4.7954,  5.1417]),
	Cluster(label='Class #0', n=6, lastExapleTMS=1557780745888476848, maxDistance=3.6540766493699692, center=[ 10.4214,  10.0469]),
	Cluster(label='Class #0', n=2, lastExapleTMS=1557780745888476848, maxDistance=3.948606552762825, center=[ 6.3846, -1.3163])
], sleepClustersLen=0, sleepClusters=[], unknownBufferLen=0, unknownBuffer=[])
2019-05-13 17:52:40,376 INFO /home/puhl/project/minas-py/tests/test_minas_fake.py:103 fake_seed aggregatin resutls
2019-05-13 17:52:42,589 INFO /home/puhl/project/minas-py/tests/test_minas_fake.py:140 fake_seed 

	=== Final Results ===
MinasBase(exampleCount=0, knownCount=0, noveltyIndex=0, lastExapleTMS=0, lastCleaningCycle=0, minasAlgorith=MinasAlgorithTimed(CONSTS=MinasConsts(k=100, radiusFactor=1.1, noveltyThr=100, ndProcedureThr=2000, windowSize=4000, representationThr=1, silhouetteThr=0)), daskClient=None, clustersLen=39, clusters=[
	Cluster(label='Class #0', n=35, lastExapleTMS=1557780745888476848, maxDistance=0.9818335127719665, center=[ 6.8741,  7.7107]),
	Cluster(label='Class #0', n=59, lastExapleTMS=1557780745888476848, maxDistance=3.027706812376053, center=[ 7.3286,  11.7250]),
	Cluster(label='Class #0', n=36, lastExapleTMS=1557780745888476848, maxDistance=1.3090229032548135, center=[ 8.7147,  4.9361]),
	Cluster(label='Class #0', n=19, lastExapleTMS=1557780745888476848, maxDistance=0.9951339487711476, center=[ 3.2327,  8.3113]),
	Cluster(label='Class #0', n=50, lastExapleTMS=1557780745888476848, maxDistance=1.490935907071937, center=[ 10.3047,  7.9375]),
	Cluster(label='Class #0', n=7, lastExapleTMS=1557780745888476848, maxDistance=0.8568764498666492, center=[ 2.9206,  3.6039]),
	Cluster(label='Class #0', n=31, lastExapleTMS=1557780745888476848, maxDistance=0.900617198842763, center=[ 8.5302,  8.6958]),
	Cluster(label='Class #0', n=2, lastExapleTMS=1557780745888476848, maxDistance=0.06470349667698978, center=[ 4.7954,  5.1417]),
	Cluster(label='Class #0', n=87, lastExapleTMS=1557780745888476848, maxDistance=4.04434757214065, center=[ 10.4214,  10.0469]),
	Cluster(label='Class #0', n=15, lastExapleTMS=1557780745888476848, maxDistance=4.513136063359566, center=[ 6.3846, -1.3163])
], sleepClustersLen=0, sleepClusters=[], unknownBufferLen=113, unknownBuffer=[
	Example(label=None, timestamp=1557780745888476848, tries=1, item=[ 0.2781,  0.4154]),
	Example(label=None, timestamp=1557780745888476848, tries=1, item=[-0.8782,  0.5061]),
	Example(label=None, timestamp=1557780745888476848, tries=1, item=[-0.0691,  0.3436]),
	Example(label=None, timestamp=1557780745888476848, tries=1, item=[ 0.5164,  0.8757]),
	Example(label=None, timestamp=1557780745888476848, tries=1, item=[ 0.1453,  0.4537]),
	Example(label=None, timestamp=1557780745888476848, tries=1, item=[-1.0077, -0.2266]),
	Example(label=None, timestamp=1557780745888476848, tries=1, item=[ 0.2582,  1.0220]),
	Example(label=None, timestamp=1557780745888476848, tries=1, item=[ 0.1668,  1.2576]),
	Example(label=None, timestamp=1557780745888476848, tries=1, item=[-0.6917, -0.3722]),
	Example(label=None, timestamp=1557780745888476848, tries=1, item=[ 0.2305,  0.6224])
])
[seed 201] positive: 1534(92.74%), negative: 24(1.45%), unknown: 96(5.80%)

