2019-06-17 16:16:48,693 INFO /home/puhl/project/minas-py/didatic/base.py:39 wrap init prod
2019-06-17 16:16:48,706 INFO /home/puhl/project/minas-py/didatic/base.py:39 wrap init detc
2019-06-17 16:16:48,706 INFO /home/puhl/project/minas-py/didatic/base.py:39 wrap init fina
2019-06-17 16:16:48,722 INFO /home/puhl/project/minas-py/didatic/base.py:39 wrap init clas
2019-06-17 16:16:48,724 INFO /home/puhl/project/minas-py/didatic/base.py:39 wrap init clas
2019-06-17 16:16:48,725 INFO /home/puhl/project/minas-py/didatic/base.py:39 wrap init clas
2019-06-17 16:16:48,727 INFO /home/puhl/project/minas-py/didatic/base.py:39 wrap init clas
2019-06-17 16:16:48,733 INFO /home/puhl/project/minas-py/didatic/base.py:39 wrap init clas
2019-06-17 16:16:48,730 INFO /home/puhl/project/minas-py/didatic/base.py:39 wrap init clas
2019-06-17 16:16:48,737 INFO /home/puhl/project/minas-py/didatic/base.py:39 wrap init clas
2019-06-17 16:16:50,034 INFO ./didatic/clas.py:60 clas clas_0x4211 1.3064 s,     1 i,   0.77 i/s, 1306.35 ms/i, 0.0 bytes/s 11
	{'unknown': 1, 'not_prime': 0, 'partitions': {11: 1}}
2019-06-17 16:16:52,306 INFO /home/puhl/project/minas-py/didatic/base.py:52 wrap clas_0x4213 DONE 3.5768 s,     0 i,   0.00 i/s, 3576.84 ms/i, 0.0 bytes/s
	{'unknown': 0, 'not_prime': 0, 'partitions': {}}
2019-06-17 16:16:52,408 INFO /home/puhl/project/minas-py/didatic/base.py:52 wrap clas_0x421b DONE 3.6708 s,     0 i,   0.00 i/s, 3670.79 ms/i, 0.0 bytes/s
	{'unknown': 0, 'not_prime': 0, 'partitions': {}}
2019-06-17 16:16:52,509 INFO /home/puhl/project/minas-py/didatic/base.py:52 wrap clas_0x420d DONE 3.7838 s,     0 i,   0.00 i/s, 3783.85 ms/i, 0.0 bytes/s
	{'unknown': 0, 'not_prime': 0, 'partitions': {}}
2019-06-17 16:16:52,513 INFO /home/puhl/project/minas-py/didatic/base.py:52 wrap clas_0x4216 DONE 3.7803 s,     0 i,   0.00 i/s, 3780.26 ms/i, 0.0 bytes/s
	{'unknown': 0, 'not_prime': 0, 'partitions': {}}
2019-06-17 16:16:52,514 INFO /home/puhl/project/minas-py/didatic/base.py:52 wrap clas_0x420a DONE 3.7895 s,     0 i,   0.00 i/s, 3789.49 ms/i, 0.0 bytes/s
	{'unknown': 0, 'not_prime': 0, 'partitions': {}}
2019-06-17 16:16:52,519 INFO /home/puhl/project/minas-py/didatic/base.py:52 wrap clas_0x4209 DONE 3.7968 s,     0 i,   0.00 i/s, 3796.76 ms/i, 0.0 bytes/s
	{'unknown': 0, 'not_prime': 0, 'partitions': {}}
2019-06-17 16:16:58,693 INFO ./didatic/prod.py:28 prod prod_0x41f3 10.0001 s, 67532 i, 6753.14 i/s, 0.15 ms/i, 20.1 kB/s
	{'partitions': {1: 4252, 4: 4185, 7: 4215, 10: 4234, 13: 4183, 2: 4139, 5: 4147, 8: 4195, 11: 4171, 14: 4257, 0: 4201, 3: 4151, 6: 4280, 9: 4264, 12: 4144, 15: 4241}}
2019-06-17 16:16:58,707 INFO ./didatic/detc.py:52 detc detc_0x41f5 10.0001 s,  3887 i, 388.69 i/s, 2.57 ms/i, 1.4 kB/s 140485
	{'prime': 2533, 'not_prime': 1354}
2019-06-17 16:16:58,724 INFO ./didatic/fina.py:40 fina fina_0x41f6 10.0183 s,     2 i,   0.20 i/s, 5009.17 ms/i, 4.0 bytes/s 140485
	{'prime': 2533, 'not_prime': 1354, 'unknown': 1, 'total': 3887}
end 0 classifier-0 0x4209 7
end 0 classifier-2 0x420d 6
end 0 classifier-4 0x4213 5
end 0 classifier-6 0x421b 4
waiting 3
end 0 classifier-1 0x420a 3
end 0 classifier-5 0x4216 2
waiting 1
join waiting <Process(classifier-3, started)> classifier-3 0x4211 1
2019-06-17 16:17:00,034 INFO ./didatic/clas.py:60 clas clas_0x4211 11.3067 s, 13670 i, 1209.02 i/s, 0.83 ms/i, 4.7 kB/s 170768
	{'unknown': 4531, 'not_prime': 9138, 'partitions': {11: 3061, 9: 10609}}
2019-06-17 16:17:08,693 INFO ./didatic/prod.py:28 prod prod_0x41f3 20.0004 s, 121149 i, 6057.32 i/s, 0.17 ms/i, 23.2 kB/s
	{'partitions': {1: 7583, 4: 7508, 7: 7518, 10: 7561, 13: 7464, 2: 7417, 5: 7566, 8: 7549, 11: 7585, 14: 7664, 0: 7539, 3: 7561, 6: 7627, 9: 7609, 12: 7385, 15: 7497}}
2019-06-17 16:17:08,708 INFO ./didatic/detc.py:52 detc detc_0x41f5 20.0025 s,  7764 i, 388.15 i/s, 2.58 ms/i, 1.5 kB/s 74521
	{'prime': 4854, 'not_prime': 2910}
join waiting <Process(classifier-3, started)> classifier-3 0x4211 1
join waiting <Process(classifier-3, started)> classifier-3 0x4211 1
join waiting <Process(classifier-3, started)> classifier-3 0x4211 1
join waiting <Process(classifier-3, started)> classifier-3 0x4211 1
join waiting <Process(classifier-3, started)> classifier-3 0x4211 1
join waiting <Process(classifier-3, started)> classifier-3 0x4211 1
join waiting <Process(classifier-3, started)> classifier-3 0x4211 1
join waiting <Process(classifier-3, started)> classifier-3 0x4211 1
join waiting <Process(classifier-3, started)> classifier-3 0x4211 1
__main__ DONE
2019-06-17 16:17:10,034 INFO ./didatic/clas.py:60 clas clas_0x4211 21.3067 s, 25784 i, 1210.14 i/s, 0.83 ms/i, 4.9 kB/s 111139
	{'unknown': 4014, 'not_prime': 8100, 'partitions': {11: 3061, 9: 15778, 10: 6945}}
2019-06-17 16:17:10,037 INFO ./didatic/fina.py:40 fina fina_0x41f6 21.3311 s,     5 i,   0.23 i/s, 4266.22 ms/i, 5.0 bytes/s 111139
	{'prime': 7387, 'not_prime': 21502, 'unknown': 8546, 'total': 28889}
2019-06-17 16:17:18,696 INFO ./didatic/prod.py:28 prod prod_0x41f3 30.0034 s, 183839 i, 6127.27 i/s, 0.16 ms/i, 25.6 kB/s
	{'partitions': {1: 11540, 4: 11444, 7: 11352, 10: 11448, 13: 11467, 2: 11392, 5: 11508, 8: 11516, 11: 11584, 14: 11787, 0: 11532, 3: 11414, 6: 11501, 9: 11463, 12: 11425, 15: 11445}}
2019-06-17 16:17:18,709 INFO ./didatic/detc.py:52 detc detc_0x41f5 30.0030 s, 12812 i, 427.02 i/s, 2.34 ms/i, 1.8 kB/s 322565
	{'prime': 7595, 'not_prime': 5217}
2019-06-17 16:17:20,036 INFO ./didatic/clas.py:60 clas clas_0x4211 31.3083 s, 41142 i, 1314.09 i/s, 0.76 ms/i, 5.7 kB/s 357787
	{'unknown': 5079, 'not_prime': 10279, 'partitions': {11: 3061, 9: 15778, 10: 22303}}
2019-06-17 16:17:20,047 INFO ./didatic/fina.py:40 fina fina_0x41f6 31.3418 s,     7 i,   0.22 i/s, 4477.41 ms/i, 5.0 bytes/s 357787
	{'prime': 14982, 'not_prime': 36998, 'unknown': 13625, 'total': 51980}
2019-06-17 16:17:28,696 INFO ./didatic/prod.py:28 prod prod_0x41f3 40.0034 s, 225096 i, 5626.92 i/s, 0.18 ms/i, 24.3 kB/s
	{'partitions': {1: 14058, 4: 14059, 7: 13892, 10: 13994, 13: 14044, 2: 13934, 5: 14108, 8: 14117, 11: 14224, 14: 14364, 0: 14103, 3: 13899, 6: 14020, 9: 14041, 12: 13991, 15: 14011}}
2019-06-17 16:17:28,712 INFO ./didatic/detc.py:52 detc detc_0x41f5 40.0061 s, 16791 i, 419.71 i/s, 2.38 ms/i, 1.9 kB/s 3337
	{'prime': 9595, 'not_prime': 7196}
2019-06-17 16:17:30,037 INFO ./didatic/clas.py:60 clas clas_0x4211 41.3091 s, 52561 i, 1272.38 i/s, 0.79 ms/i, 5.6 kB/s 35219
	{'unknown': 3876, 'not_prime': 7543, 'partitions': {11: 3061, 9: 15778, 10: 31480, 8: 2242}}
2019-06-17 16:17:38,696 INFO ./didatic/prod.py:28 prod prod_0x41f3 50.0037 s, 282948 i, 5658.54 i/s, 0.18 ms/i, 25.1 kB/s
	{'partitions': {1: 17662, 4: 17719, 7: 17546, 10: 17604, 13: 17675, 2: 17617, 5: 17762, 8: 17670, 11: 17850, 14: 18034, 0: 17728, 3: 17496, 6: 17668, 9: 17577, 12: 17586, 15: 17663}}
2019-06-17 16:17:38,719 INFO ./didatic/detc.py:52 detc detc_0x41f5 50.0133 s, 21648 i, 432.84 i/s, 2.31 ms/i, 1.9 kB/s 236435
	{'prime': 11916, 'not_prime': 9732}
2019-06-17 16:17:38,723 INFO ./didatic/fina.py:40 fina fina_0x41f6 50.0170 s,    10 i,   0.20 i/s, 5001.70 ms/i, 4.0 bytes/s 236435
	{'prime': 36493, 'not_prime': 61469, 'unknown': 17501, 'total': 97962}
2019-06-17 16:17:40,037 INFO ./didatic/clas.py:60 clas clas_0x4211 51.3092 s, 67180 i, 1309.32 i/s, 0.76 ms/i, 5.8 kB/s 269957
	{'unknown': 4881, 'not_prime': 9738, 'partitions': {11: 3061, 9: 15778, 10: 31480, 8: 16861}}
2019-06-17 16:17:48,696 INFO ./didatic/prod.py:28 prod prod_0x41f3 60.0037 s, 345606 i, 5759.74 i/s, 0.17 ms/i, 26.0 kB/s
	{'partitions': {1: 21505, 4: 21556, 7: 21422, 10: 21527, 13: 21590, 2: 21567, 5: 21666, 8: 21630, 11: 21798, 14: 21911, 0: 21588, 3: 21509, 6: 21494, 9: 21538, 12: 21502, 15: 21716}}
2019-06-17 16:17:48,720 INFO ./didatic/detc.py:52 detc detc_0x41f5 60.0135 s, 26535 i, 442.15 i/s, 2.26 ms/i, 2.0 kB/s 464773
	{'prime': 14145, 'not_prime': 12390}
2019-06-17 16:17:48,727 INFO ./didatic/fina.py:40 fina fina_0x41f6 60.0218 s,    12 i,   0.20 i/s, 5001.82 ms/i, 4.0 bytes/s 464773
	{'prime': 50638, 'not_prime': 83597, 'unknown': 22382, 'total': 134235}
2019-06-17 16:17:50,037 INFO ./didatic/clas.py:60 clas clas_0x4211 61.3094 s, 81784 i, 1333.96 i/s, 0.75 ms/i, 6.0 kB/s 1055
	{'unknown': 4930, 'not_prime': 9674, 'partitions': {11: 3061, 9: 15778, 10: 31480, 8: 31465}}
2019-06-17 16:17:58,700 INFO ./didatic/prod.py:28 prod prod_0x41f3 70.0078 s, 412786 i, 5896.29 i/s, 0.17 ms/i, 27.0 kB/s
	{'partitions': {1: 25709, 4: 25666, 7: 25592, 10: 25745, 13: 25808, 2: 25743, 5: 25965, 8: 25815, 11: 26136, 14: 26148, 0: 25849, 3: 25691, 6: 25652, 9: 25757, 12: 25788, 15: 25711}}
2019-06-17 16:17:58,719 INFO ./didatic/detc.py:52 detc detc_0x41f5 70.0135 s, 31264 i, 446.54 i/s, 2.24 ms/i, 2.0 kB/s 156557
	{'prime': 16018, 'not_prime': 15246}
2019-06-17 16:18:00,037 INFO ./didatic/clas.py:60 clas clas_0x4211 71.3097 s, 96121 i, 1347.94 i/s, 0.74 ms/i, 6.0 kB/s 198075
	{'unknown': 4707, 'not_prime': 9630, 'partitions': {11: 3061, 9: 15778, 10: 31480, 8: 33123, 14: 12679}}
2019-06-17 16:18:00,042 INFO ./didatic/fina.py:40 fina fina_0x41f6 71.3362 s,    15 i,   0.21 i/s, 4755.74 ms/i, 5.0 bytes/s 198075
	{'prime': 66656, 'not_prime': 118147, 'unknown': 32019, 'total': 184803}
2019-06-17 16:18:08,700 INFO ./didatic/prod.py:28 prod prod_0x41f3 80.0078 s, 482016 i, 6024.61 i/s, 0.17 ms/i, 27.8 kB/s
	{'partitions': {1: 29966, 4: 29884, 7: 29839, 10: 30017, 13: 30084, 2: 29985, 5: 30268, 8: 30222, 11: 30400, 14: 30368, 0: 30171, 3: 30071, 6: 29930, 9: 30017, 12: 30142, 15: 30079}}
2019-06-17 16:18:08,723 INFO ./didatic/detc.py:52 detc detc_0x41f5 80.0174 s, 36794 i, 459.82 i/s, 2.17 ms/i, 2.1 kB/s 428851
	{'prime': 18349, 'not_prime': 18445}
2019-06-17 16:18:10,038 INFO ./didatic/clas.py:60 clas clas_0x4211 81.3104 s, 112814 i, 1387.45 i/s, 0.72 ms/i, 6.3 kB/s 464369
	{'unknown': 5620, 'not_prime': 11073, 'partitions': {11: 3061, 9: 15778, 10: 31480, 8: 33123, 14: 29372}}
2019-06-17 16:18:11,704 INFO /home/puhl/project/minas-py/didatic/base.py:52 wrap prod_0x41f3 DONE 83.0116 s, 500000 i, 6023.26 i/s, 0.17 ms/i, 27.9 kB/s
	{'partitions': {1: 31124, 4: 30986, 7: 30952, 10: 31171, 13: 31215, 2: 31093, 5: 31464, 8: 31398, 11: 31572, 14: 31556, 0: 31382, 3: 31258, 6: 31052, 9: 31216, 12: 31269, 15: 31278}}
2019-06-17 16:18:18,726 INFO ./didatic/detc.py:52 detc detc_0x41f5 90.0204 s, 41009 i, 455.55 i/s, 2.20 ms/i, 2.0 kB/s 31927
	{'prime': 19296, 'not_prime': 21713}
2019-06-17 16:18:18,730 INFO ./didatic/fina.py:40 fina fina_0x41f6 90.0239 s,    18 i,   0.20 i/s, 5001.33 ms/i, 4.0 bytes/s 31927
	{'prime': 104301, 'not_prime': 169378, 'unknown': 37639, 'total': 273679}
2019-06-17 16:18:20,038 INFO ./didatic/clas.py:60 clas clas_0x4211 91.3107 s, 125147 i, 1370.56 i/s, 0.73 ms/i, 6.1 kB/s 60787
	{'unknown': 4080, 'not_prime': 8253, 'partitions': {11: 3061, 9: 15778, 10: 31480, 8: 33123, 14: 37965, 5: 3740}}
2019-06-17 16:18:28,759 INFO ./didatic/detc.py:52 detc detc_0x41f5 100.0532 s, 45609 i, 455.85 i/s, 2.19 ms/i, 2.0 kB/s 246337
	{'prime': 21209, 'not_prime': 24400}
2019-06-17 16:18:28,762 INFO ./didatic/fina.py:40 fina fina_0x41f6 100.0566 s,    20 i,   0.20 i/s, 5002.83 ms/i, 4.0 bytes/s 246337
	{'prime': 125510, 'not_prime': 202031, 'unknown': 41719, 'total': 327541}
2019-06-17 16:18:30,038 INFO ./didatic/clas.py:60 clas clas_0x4211 101.3108 s, 138646 i, 1368.52 i/s, 0.73 ms/i, 6.1 kB/s 274908
	{'unknown': 4551, 'not_prime': 8948, 'partitions': {11: 3061, 9: 15778, 10: 31480, 8: 33123, 14: 37965, 5: 17239}}
2019-06-17 16:18:39,151 INFO ./didatic/detc.py:52 detc detc_0x41f5 110.4452 s, 50106 i, 453.67 i/s, 2.20 ms/i, 2.0 kB/s 461557
	{'prime': 22905, 'not_prime': 27201}
2019-06-17 16:18:39,155 INFO ./didatic/fina.py:40 fina fina_0x41f6 110.4496 s,    22 i,   0.20 i/s, 5020.43 ms/i, 4.0 bytes/s 461557
	{'prime': 148415, 'not_prime': 238180, 'unknown': 46270, 'total': 386595}
2019-06-17 16:18:40,039 INFO ./didatic/clas.py:60 clas clas_0x4211 111.3112 s, 152343 i, 1368.62 i/s, 0.73 ms/i, 6.2 kB/s 491779
	{'unknown': 4582, 'not_prime': 9115, 'partitions': {11: 3061, 9: 15778, 10: 31480, 8: 33123, 14: 37965, 5: 30936}}
2019-06-17 16:18:49,157 INFO ./didatic/fina.py:40 fina fina_0x41f6 120.4511 s,    24 i,   0.20 i/s, 5018.79 ms/i, 4.0 bytes/s 115717
	{'prime': 172290, 'not_prime': 278053, 'unknown': 50852, 'total': 450343}
2019-06-17 16:18:49,153 INFO ./didatic/detc.py:52 detc detc_0x41f5 120.4475 s, 54633 i, 453.58 i/s, 2.20 ms/i, 2.0 kB/s 115717
	{'prime': 23875, 'not_prime': 30758}
2019-06-17 16:18:50,039 INFO ./didatic/clas.py:60 clas clas_0x4211 121.3120 s, 165228 i, 1362.01 i/s, 0.73 ms/i, 6.1 kB/s 145379
	{'unknown': 4382, 'not_prime': 8503, 'partitions': {11: 9105, 9: 15778, 10: 31480, 8: 33123, 14: 37965, 5: 37777}}
2019-06-17 16:18:59,155 INFO ./didatic/detc.py:52 detc detc_0x41f5 130.4488 s, 59291 i, 454.52 i/s, 2.20 ms/i, 2.0 kB/s 338615
	{'prime': 25728, 'not_prime': 33563}
2019-06-17 16:18:59,160 INFO ./didatic/fina.py:40 fina fina_0x41f6 130.4548 s,    26 i,   0.20 i/s, 5017.49 ms/i, 4.0 bytes/s 338615
	{'prime': 198018, 'not_prime': 320119, 'unknown': 55234, 'total': 518137}
2019-06-17 16:19:00,040 INFO ./didatic/clas.py:60 clas clas_0x4211 131.3123 s, 178623 i, 1360.29 i/s, 0.74 ms/i, 6.1 kB/s 356767
	{'unknown': 4520, 'not_prime': 8875, 'partitions': {11: 22500, 9: 15778, 10: 31480, 8: 33123, 14: 37965, 5: 37777}}
2019-06-17 16:19:09,155 INFO ./didatic/detc.py:52 detc detc_0x41f5 140.4490 s, 63967 i, 455.45 i/s, 2.20 ms/i, 2.0 kB/s 61235
	{'prime': 27057, 'not_prime': 36910}
2019-06-17 16:19:10,043 INFO ./didatic/clas.py:60 clas clas_0x4211 141.3152 s, 192869 i, 1364.81 i/s, 0.73 ms/i, 6.1 kB/s 82769
	{'unknown': 4720, 'not_prime': 9526, 'partitions': {11: 36746, 9: 15778, 10: 31480, 8: 33123, 14: 37965, 5: 37777}}
2019-06-17 16:19:10,047 INFO ./didatic/fina.py:40 fina fina_0x41f6 141.3409 s,    29 i,   0.21 i/s, 4873.83 ms/i, 4.0 bytes/s 82769
	{'prime': 225075, 'not_prime': 375430, 'unknown': 64474, 'total': 600505}
2019-06-17 16:19:19,447 INFO ./didatic/detc.py:52 detc detc_0x41f5 150.7412 s, 68440 i, 454.02 i/s, 2.20 ms/i, 2.0 kB/s 167071
	{'prime': 28490, 'not_prime': 39950}
2019-06-17 16:19:20,043 INFO ./didatic/clas.py:60 clas clas_0x4211 151.3152 s, 205947 i, 1361.05 i/s, 0.73 ms/i, 6.1 kB/s 192596
	{'unknown': 4458, 'not_prime': 8620, 'partitions': {11: 37892, 9: 15778, 10: 31480, 8: 33123, 14: 37965, 5: 37777, 2: 11932}}
2019-06-17 16:19:20,049 INFO ./didatic/fina.py:40 fina fina_0x41f6 151.3434 s,    31 i,   0.20 i/s, 4882.04 ms/i, 4.0 bytes/s 192596
	{'prime': 253565, 'not_prime': 424000, 'unknown': 68932, 'total': 677565}
2019-06-17 16:19:29,447 INFO ./didatic/detc.py:52 detc detc_0x41f5 160.7413 s, 73258 i, 455.75 i/s, 2.19 ms/i, 2.0 kB/s 396139
	{'prime': 30253, 'not_prime': 43005}
2019-06-17 16:19:30,043 INFO ./didatic/clas.py:60 clas clas_0x4211 161.3158 s, 219963 i, 1363.56 i/s, 0.73 ms/i, 6.1 kB/s 415969
	{'unknown': 4777, 'not_prime': 9239, 'partitions': {11: 37892, 9: 15778, 10: 31480, 8: 33123, 14: 37965, 5: 37777, 2: 25948}}
2019-06-17 16:19:30,051 INFO ./didatic/fina.py:40 fina fina_0x41f6 161.3450 s,    33 i,   0.20 i/s, 4889.24 ms/i, 4.0 bytes/s 415969
	{'prime': 283818, 'not_prime': 476244, 'unknown': 73709, 'total': 760062}
2019-06-17 16:19:39,448 INFO ./didatic/detc.py:52 detc detc_0x41f5 170.7420 s, 77895 i, 456.21 i/s, 2.19 ms/i, 2.0 kB/s 20551
	{'prime': 31232, 'not_prime': 46663}
2019-06-17 16:19:40,044 INFO ./didatic/clas.py:60 clas clas_0x4211 171.3167 s, 233870 i, 1365.13 i/s, 0.73 ms/i, 6.1 kB/s 41466
	{'unknown': 4658, 'not_prime': 9249, 'partitions': {11: 37892, 9: 15778, 10: 31480, 8: 33123, 14: 37965, 5: 37777, 2: 37315, 12: 2540}}
2019-06-17 16:19:49,448 INFO ./didatic/detc.py:52 detc detc_0x41f5 180.7424 s, 82984 i, 459.13 i/s, 2.18 ms/i, 2.1 kB/s 267479
	{'prime': 33061, 'not_prime': 49923}
2019-06-17 16:19:49,461 INFO ./didatic/fina.py:40 fina fina_0x41f6 180.7550 s,    36 i,   0.20 i/s, 5020.97 ms/i, 4.0 bytes/s 267479
	{'prime': 348111, 'not_prime': 582079, 'unknown': 78367, 'total': 930190}
2019-06-17 16:19:50,044 INFO ./didatic/clas.py:60 clas clas_0x4211 181.3168 s, 248822 i, 1372.30 i/s, 0.73 ms/i, 6.1 kB/s 281436
	{'unknown': 4938, 'not_prime': 10014, 'partitions': {11: 37892, 9: 15778, 10: 31480, 8: 33123, 14: 37965, 5: 37777, 2: 37315, 12: 17492}}
2019-06-17 16:19:59,449 INFO ./didatic/detc.py:52 detc detc_0x41f5 190.7431 s, 87707 i, 459.82 i/s, 2.17 ms/i, 2.1 kB/s 493135
	{'prime': 34666, 'not_prime': 53041}
2019-06-17 16:20:00,045 INFO ./didatic/clas.py:60 clas clas_0x4211 191.3171 s, 263135 i, 1375.39 i/s, 0.73 ms/i, 6.2 kB/s 8577
	{'unknown': 4743, 'not_prime': 9570, 'partitions': {11: 37892, 9: 15778, 10: 31480, 8: 33123, 14: 37965, 5: 37777, 2: 37315, 12: 31805}}
2019-06-17 16:20:00,048 INFO ./didatic/fina.py:40 fina fina_0x41f6 191.3421 s,    39 i,   0.20 i/s, 4906.21 ms/i, 4.0 bytes/s 8577
	{'prime': 382777, 'not_prime': 654704, 'unknown': 88048, 'total': 1037481}
2019-06-17 16:20:09,453 INFO ./didatic/detc.py:52 detc detc_0x41f5 200.7466 s, 92404 i, 460.30 i/s, 2.17 ms/i, 2.1 kB/s 373733
	{'prime': 35577, 'not_prime': 56827}
2019-06-17 16:20:10,045 INFO ./didatic/clas.py:60 clas clas_0x4211 201.3179 s, 277756 i, 1379.69 i/s, 0.72 ms/i, 6.2 kB/s 395796
	{'unknown': 4876, 'not_prime': 9745, 'partitions': {11: 37892, 9: 24703, 10: 31480, 8: 33123, 14: 37965, 5: 37777, 2: 37315, 12: 37501}}
2019-06-17 16:20:10,048 INFO ./didatic/fina.py:40 fina fina_0x41f6 201.3427 s,    41 i,   0.20 i/s, 4910.80 ms/i, 4.0 bytes/s 395796
	{'prime': 418354, 'not_prime': 721276, 'unknown': 92924, 'total': 1139630}
2019-06-17 16:20:19,458 INFO ./didatic/detc.py:52 detc detc_0x41f5 210.7518 s, 97106 i, 460.76 i/s, 2.17 ms/i, 2.1 kB/s 98671
	{'prime': 36481, 'not_prime': 60625}
2019-06-17 16:20:20,089 INFO ./didatic/clas.py:60 clas clas_0x4211 211.3617 s, 290656 i, 1375.16 i/s, 0.73 ms/i, 6.2 kB/s 13
	{'unknown': 4321, 'not_prime': 8579, 'partitions': {11: 37892, 9: 37602, 10: 31480, 8: 33123, 14: 37965, 5: 37777, 2: 37315, 12: 37501, 3: 1}}
2019-06-17 16:20:20,092 INFO ./didatic/fina.py:40 fina fina_0x41f6 211.3865 s,    43 i,   0.20 i/s, 4915.96 ms/i, 4.0 bytes/s 13
	{'prime': 454835, 'not_prime': 790480, 'unknown': 97245, 'total': 1245315}
2019-06-17 16:20:29,462 INFO ./didatic/detc.py:52 detc detc_0x41f5 220.7560 s, 101855 i, 461.39 i/s, 2.17 ms/i, 2.1 kB/s 222913
	{'prime': 38055, 'not_prime': 63800}
2019-06-17 16:20:30,090 INFO ./didatic/clas.py:60 clas clas_0x4211 221.3624 s, 305361 i, 1379.46 i/s, 0.72 ms/i, 6.2 kB/s 237132
	{'unknown': 4963, 'not_prime': 9742, 'partitions': {11: 37892, 9: 37602, 10: 31480, 8: 33123, 14: 37965, 5: 37777, 2: 37315, 12: 37501, 3: 14706}}
2019-06-17 16:20:30,094 INFO ./didatic/fina.py:40 fina fina_0x41f6 221.3879 s,    45 i,   0.20 i/s, 4919.73 ms/i, 4.0 bytes/s 237132
	{'prime': 492890, 'not_prime': 864022, 'unknown': 102208, 'total': 1356912}
2019-06-17 16:20:39,465 INFO ./didatic/detc.py:52 detc detc_0x41f5 230.7596 s, 106979 i, 463.59 i/s, 2.16 ms/i, 2.1 kB/s 463861
	{'prime': 39673, 'not_prime': 67306}
2019-06-17 16:20:40,134 INFO ./didatic/clas.py:60 clas clas_0x4211 231.4065 s, 321088 i, 1387.55 i/s, 0.72 ms/i, 6.2 kB/s 487182
	{'unknown': 5205, 'not_prime': 10522, 'partitions': {11: 37892, 9: 37602, 10: 31480, 8: 33123, 14: 37965, 5: 37777, 2: 37315, 12: 37501, 3: 30433}}
2019-06-17 16:20:40,139 INFO ./didatic/fina.py:40 fina fina_0x41f6 231.4331 s,    47 i,   0.20 i/s, 4924.11 ms/i, 4.0 bytes/s 487182
	{'prime': 532563, 'not_prime': 941850, 'unknown': 107413, 'total': 1474413}
2019-06-17 16:20:49,467 INFO ./didatic/detc.py:52 detc detc_0x41f5 240.7614 s, 111803 i, 464.37 i/s, 2.15 ms/i, 2.1 kB/s 97429
	{'prime': 40541, 'not_prime': 71262}
2019-06-17 16:20:50,135 INFO ./didatic/clas.py:60 clas clas_0x4211 241.4073 s, 335771 i, 1390.89 i/s, 0.72 ms/i, 6.2 kB/s 120711
	{'unknown': 4916, 'not_prime': 9767, 'partitions': {11: 37892, 9: 37602, 10: 31480, 8: 33123, 14: 37965, 5: 37777, 2: 37315, 12: 37501, 3: 37572, 0: 7544}}
2019-06-17 16:20:50,139 INFO ./didatic/fina.py:40 fina fina_0x41f6 241.4338 s,    49 i,   0.20 i/s, 4927.22 ms/i, 4.0 bytes/s 120711
	{'prime': 573104, 'not_prime': 1022879, 'unknown': 112329, 'total': 1595983}
2019-06-17 16:20:59,470 INFO ./didatic/detc.py:52 detc detc_0x41f5 250.7644 s, 116852 i, 465.98 i/s, 2.15 ms/i, 2.1 kB/s 338707
	{'prime': 42001, 'not_prime': 74851}
2019-06-17 16:21:00,135 INFO ./didatic/clas.py:60 clas clas_0x4211 251.4081 s, 351398 i, 1397.72 i/s, 0.72 ms/i, 6.3 kB/s 370829
	{'unknown': 5177, 'not_prime': 10450, 'partitions': {11: 37892, 9: 37602, 10: 31480, 8: 33123, 14: 37965, 5: 37777, 2: 37315, 12: 37501, 3: 37572, 0: 23171}}
2019-06-17 16:21:09,471 INFO ./didatic/detc.py:52 detc detc_0x41f5 260.7651 s, 121687 i, 466.65 i/s, 2.14 ms/i, 2.1 kB/s 69787
	{'prime': 42919, 'not_prime': 78768}
2019-06-17 16:21:09,485 INFO ./didatic/fina.py:40 fina fina_0x41f6 260.7793 s,    52 i,   0.20 i/s, 5014.99 ms/i, 4.0 bytes/s 69787
	{'prime': 658024, 'not_prime': 1186948, 'unknown': 117506, 'total': 1844972}
2019-06-17 16:21:10,603 INFO ./didatic/clas.py:60 clas clas_0x4211 261.8756 s, 365887 i, 1397.18 i/s, 0.72 ms/i, 6.3 kB/s 15
	{'unknown': 4858, 'not_prime': 9631, 'partitions': {11: 37892, 9: 37602, 10: 31480, 8: 33123, 14: 37965, 5: 37777, 2: 37315, 12: 37501, 3: 37572, 0: 37659, 6: 1}}
2019-06-17 16:21:19,475 INFO ./didatic/detc.py:52 detc detc_0x41f5 270.7693 s, 125929 i, 465.08 i/s, 2.15 ms/i, 2.1 kB/s 197423
	{'prime': 44000, 'not_prime': 81929}
2019-06-17 16:21:20,607 INFO ./didatic/clas.py:60 clas clas_0x4211 271.8771 s, 380140 i, 1398.21 i/s, 0.72 ms/i, 6.3 kB/s 228793
	{'unknown': 4675, 'not_prime': 9578, 'partitions': {11: 37892, 9: 37602, 10: 31480, 8: 33123, 14: 37965, 5: 37777, 2: 37315, 12: 37501, 3: 37572, 0: 37659, 6: 14254}}
2019-06-17 16:21:20,610 INFO ./didatic/fina.py:40 fina fina_0x41f6 271.9044 s,    55 i,   0.20 i/s, 4943.72 ms/i, 4.0 bytes/s 228793
	{'prime': 702024, 'not_prime': 1288086, 'unknown': 127039, 'total': 1990110}
2019-06-17 16:21:29,478 INFO ./didatic/detc.py:52 detc detc_0x41f5 280.7719 s, 130949 i, 466.39 i/s, 2.14 ms/i, 2.1 kB/s 424349
	{'prime': 45381, 'not_prime': 85568}
2019-06-17 16:21:30,605 INFO ./didatic/clas.py:60 clas clas_0x4211 281.8772 s, 395321 i, 1402.46 i/s, 0.71 ms/i, 6.3 kB/s 473906
	{'unknown': 4929, 'not_prime': 10252, 'partitions': {11: 37892, 9: 37602, 10: 31480, 8: 33123, 14: 37965, 5: 37777, 2: 37315, 12: 37501, 3: 37572, 0: 37659, 6: 29435}}
2019-06-17 16:21:30,612 INFO ./didatic/fina.py:40 fina fina_0x41f6 281.9068 s,    57 i,   0.20 i/s, 4945.73 ms/i, 4.0 bytes/s 473906
	{'prime': 747405, 'not_prime': 1383906, 'unknown': 131968, 'total': 2131311}
2019-06-17 16:21:39,478 INFO ./didatic/detc.py:52 detc detc_0x41f5 290.7722 s, 135538 i, 466.13 i/s, 2.15 ms/i, 2.1 kB/s 61063
	{'prime': 46128, 'not_prime': 89410}
2019-06-17 16:21:40,605 INFO ./didatic/clas.py:60 clas clas_0x4211 291.8774 s, 408704 i, 1400.26 i/s, 0.71 ms/i, 6.2 kB/s 86855
	{'unknown': 4366, 'not_prime': 9017, 'partitions': {11: 37892, 9: 37602, 10: 31480, 8: 33123, 14: 37965, 5: 37777, 2: 37315, 12: 37501, 3: 37572, 0: 37659, 6: 37446, 15: 5372}}
2019-06-17 16:21:40,645 INFO ./didatic/fina.py:40 fina fina_0x41f6 291.9390 s,    59 i,   0.20 i/s, 4948.12 ms/i, 4.0 bytes/s 86855
	{'prime': 793533, 'not_prime': 1482333, 'unknown': 136334, 'total': 2275866}
2019-06-17 16:21:49,480 INFO ./didatic/detc.py:52 detc detc_0x41f5 300.7746 s, 140743 i, 467.94 i/s, 2.14 ms/i, 2.1 kB/s 297809
	{'prime': 47518, 'not_prime': 93225}
2019-06-17 16:21:50,605 INFO ./didatic/clas.py:60 clas clas_0x4211 301.8778 s, 424765 i, 1407.08 i/s, 0.71 ms/i, 6.3 kB/s 340975
	{'unknown': 5392, 'not_prime': 10669, 'partitions': {11: 37892, 9: 37602, 10: 31480, 8: 33123, 14: 37965, 5: 37777, 2: 37315, 12: 37501, 3: 37572, 0: 37659, 6: 37446, 15: 21433}}
2019-06-17 16:21:59,483 INFO ./didatic/detc.py:52 detc detc_0x41f5 310.7773 s, 146009 i, 469.82 i/s, 2.13 ms/i, 2.1 kB/s 48239
	{'prime': 48604, 'not_prime': 97405}
2019-06-17 16:21:59,490 INFO ./didatic/fina.py:40 fina fina_0x41f6 310.7842 s,    62 i,   0.20 i/s, 5012.65 ms/i, 4.0 bytes/s 48239
	{'prime': 889655, 'not_prime': 1683632, 'unknown': 141726, 'total': 2573287}
2019-06-17 16:22:00,605 INFO ./didatic/clas.py:60 clas clas_0x4211 311.8781 s, 440813 i, 1413.41 i/s, 0.71 ms/i, 6.3 kB/s 100056
	{'unknown': 5339, 'not_prime': 10709, 'partitions': {11: 37892, 9: 37602, 10: 31480, 8: 33123, 14: 37965, 5: 37777, 2: 37315, 12: 37501, 3: 37572, 0: 37659, 6: 37446, 15: 37481}}
2019-06-17 16:22:09,496 INFO ./didatic/fina.py:40 fina fina_0x41f6 320.7906 s,    64 i,   0.20 i/s, 5012.35 ms/i, 4.0 bytes/s 195859
	{'prime': 939409, 'not_prime': 1795801, 'unknown': 147065, 'total': 2735210}
2019-06-17 16:22:09,484 INFO ./didatic/detc.py:52 detc detc_0x41f5 320.7780 s, 151214 i, 471.40 i/s, 2.12 ms/i, 2.1 kB/s 195859
	{'prime': 49754, 'not_prime': 101460}
2019-06-17 16:22:10,606 INFO ./didatic/clas.py:60 clas clas_0x4211 321.8790 s, 455931 i, 1416.47 i/s, 0.71 ms/i, 6.3 kB/s 241252
	{'unknown': 5079, 'not_prime': 10039, 'partitions': {11: 37892, 9: 37602, 10: 31480, 8: 33123, 14: 37965, 5: 37777, 2: 37315, 12: 37501, 3: 37572, 0: 37659, 6: 37446, 15: 37548, 4: 15051}}
2019-06-17 16:22:19,489 INFO ./didatic/detc.py:52 detc detc_0x41f5 330.7829 s, 156505 i, 473.14 i/s, 2.11 ms/i, 2.1 kB/s 444253
	{'prime': 51061, 'not_prime': 105444}
2019-06-17 16:22:20,607 INFO ./didatic/clas.py:60 clas clas_0x4211 331.8795 s, 472478 i, 1423.64 i/s, 0.70 ms/i, 6.4 kB/s 9646
	{'unknown': 5470, 'not_prime': 11077, 'partitions': {11: 37892, 9: 37602, 10: 31480, 8: 33123, 14: 37965, 5: 37777, 2: 37315, 12: 37501, 3: 37572, 0: 37659, 6: 37446, 15: 37548, 4: 31598}}
2019-06-17 16:22:20,612 INFO ./didatic/fina.py:40 fina fina_0x41f6 331.9062 s,    67 i,   0.20 i/s, 4953.82 ms/i, 4.0 bytes/s 9646
	{'prime': 990470, 'not_prime': 1922361, 'unknown': 157614, 'total': 2912831}
2019-06-17 16:22:29,491 INFO ./didatic/detc.py:52 detc detc_0x41f5 340.7847 s, 161784 i, 474.74 i/s, 2.11 ms/i, 2.1 kB/s 111581
	{'prime': 51880, 'not_prime': 109904}
2019-06-17 16:22:30,607 INFO ./didatic/clas.py:60 clas clas_0x4211 341.8796 s, 488009 i, 1427.43 i/s, 0.70 ms/i, 6.4 kB/s 156592
	{'unknown': 5216, 'not_prime': 10315, 'partitions': {11: 37892, 9: 37602, 10: 31480, 8: 33123, 14: 37965, 5: 37777, 2: 37315, 12: 37501, 3: 37572, 0: 37659, 6: 37446, 15: 37548, 4: 37285, 1: 9844}}
2019-06-17 16:22:39,491 INFO ./didatic/detc.py:52 detc detc_0x41f5 350.7856 s, 166903 i, 475.80 i/s, 2.10 ms/i, 2.1 kB/s 365095
	{'prime': 53153, 'not_prime': 113750}
2019-06-17 16:22:39,495 INFO ./didatic/fina.py:40 fina fina_0x41f6 350.7898 s,    70 i,   0.20 i/s, 5011.28 ms/i, 4.0 bytes/s 365095
	{'prime': 1095503, 'not_prime': 2156330, 'unknown': 162830, 'total': 3251833}
2019-06-17 16:22:40,608 INFO ./didatic/clas.py:60 clas clas_0x4211 351.8802 s, 503540 i, 1431.00 i/s, 0.70 ms/i, 6.4 kB/s 407480
	{'unknown': 5185, 'not_prime': 10346, 'partitions': {11: 37892, 9: 37602, 10: 31480, 8: 33123, 14: 37965, 5: 37777, 2: 37315, 12: 37501, 3: 37572, 0: 37659, 6: 37446, 15: 37548, 4: 37285, 1: 25375}}
2019-06-17 16:22:49,495 INFO ./didatic/detc.py:52 detc detc_0x41f5 360.7887 s, 172224 i, 477.35 i/s, 2.09 ms/i, 2.1 kB/s 14981
	{'prime': 53942, 'not_prime': 118282}
2019-06-17 16:22:49,498 INFO ./didatic/fina.py:40 fina fina_0x41f6 360.7926 s,    72 i,   0.20 i/s, 5011.01 ms/i, 4.0 bytes/s 14981
	{'prime': 1149445, 'not_prime': 2284958, 'unknown': 168015, 'total': 3434403}
2019-06-17 16:22:50,608 INFO ./didatic/clas.py:60 clas clas_0x4211 361.8805 s, 518925 i, 1433.97 i/s, 0.70 ms/i, 6.4 kB/s 52902
	{'unknown': 5064, 'not_prime': 10321, 'partitions': {11: 37892, 9: 37602, 10: 31480, 8: 33123, 14: 37965, 5: 37777, 2: 37315, 12: 37501, 3: 37572, 0: 37659, 6: 37446, 15: 37548, 4: 37285, 1: 37450, 7: 3310}}
2019-06-17 16:22:59,499 INFO ./didatic/detc.py:52 detc detc_0x41f5 370.7926 s, 177196 i, 477.88 i/s, 2.09 ms/i, 2.1 kB/s 271367
	{'prime': 55303, 'not_prime': 121893}
2019-06-17 16:22:59,509 INFO ./didatic/fina.py:40 fina fina_0x41f6 370.8032 s,    74 i,   0.20 i/s, 5010.85 ms/i, 4.0 bytes/s 271367
	{'prime': 1204748, 'not_prime': 2417172, 'unknown': 173079, 'total': 3621920}
2019-06-17 16:23:00,609 INFO ./didatic/clas.py:60 clas clas_0x4211 371.8815 s, 535329 i, 1439.52 i/s, 0.69 ms/i, 6.4 kB/s 318101
	{'unknown': 5451, 'not_prime': 10953, 'partitions': {11: 37892, 9: 37602, 10: 31480, 8: 33123, 14: 37965, 5: 37777, 2: 37315, 12: 37501, 3: 37572, 0: 37659, 6: 37446, 15: 37548, 4: 37285, 1: 37450, 7: 19714}}
2019-06-17 16:23:09,498 INFO ./didatic/detc.py:52 detc detc_0x41f5 380.7926 s, 182199 i, 478.47 i/s, 2.09 ms/i, 2.1 kB/s 8641
	{'prime': 56490, 'not_prime': 125709}
2019-06-17 16:23:09,517 INFO ./didatic/fina.py:40 fina fina_0x41f6 380.8111 s,    76 i,   0.20 i/s, 5010.67 ms/i, 4.0 bytes/s 8641
	{'prime': 1261238, 'not_prime': 2553834, 'unknown': 178530, 'total': 3815072}
2019-06-17 16:23:10,610 INFO ./didatic/clas.py:60 clas clas_0x4211 381.8818 s, 550776 i, 1442.27 i/s, 0.69 ms/i, 6.4 kB/s 67224
	{'unknown': 5110, 'not_prime': 10337, 'partitions': {11: 37892, 9: 37602, 10: 31480, 8: 33123, 14: 37965, 5: 37777, 2: 37315, 12: 37501, 3: 37572, 0: 37659, 6: 37446, 15: 37548, 4: 37285, 1: 37450, 7: 35161}}
2019-06-17 16:23:19,500 INFO ./didatic/detc.py:52 detc detc_0x41f5 390.7935 s, 186741 i, 477.85 i/s, 2.09 ms/i, 2.1 kB/s 113455
	{'prime': 57214, 'not_prime': 129527}
2019-06-17 16:23:20,611 INFO ./didatic/clas.py:60 clas clas_0x4211 391.8831 s, 565933 i, 1444.14 i/s, 0.69 ms/i, 6.4 kB/s 208219
	{'unknown': 5027, 'not_prime': 10130, 'partitions': {11: 37892, 9: 37602, 10: 31480, 8: 33123, 14: 37965, 5: 37777, 2: 37315, 12: 37501, 3: 37572, 0: 37659, 6: 37446, 15: 37548, 4: 37285, 1: 37450, 7: 37305, 13: 13013}}
2019-06-17 16:23:20,619 INFO ./didatic/fina.py:40 fina fina_0x41f6 391.9138 s,    79 i,   0.20 i/s, 4960.93 ms/i, 4.0 bytes/s 208219
	{'prime': 1318452, 'not_prime': 2703828, 'unknown': 188667, 'total': 4022280}
2019-06-17 16:23:29,506 INFO ./didatic/detc.py:52 detc detc_0x41f5 400.8001 s, 191644 i, 478.15 i/s, 2.09 ms/i, 2.1 kB/s 339193
	{'prime': 58370, 'not_prime': 133274}
2019-06-17 16:23:30,611 INFO ./didatic/clas.py:60 clas clas_0x4211 401.8832 s, 582008 i, 1448.20 i/s, 0.69 ms/i, 6.5 kB/s 464967
	{'unknown': 5353, 'not_prime': 10722, 'partitions': {11: 37892, 9: 37602, 10: 31480, 8: 33123, 14: 37965, 5: 37777, 2: 37315, 12: 37501, 3: 37572, 0: 37659, 6: 37446, 15: 37548, 4: 37285, 1: 37450, 7: 37305, 13: 29088}}
2019-06-17 16:23:39,509 INFO ./didatic/detc.py:52 detc detc_0x41f5 410.8032 s, 195705 i, 476.40 i/s, 2.10 ms/i, 2.1 kB/s 79091
	{'prime': 59060, 'not_prime': 136645}
2019-06-17 16:23:39,514 INFO ./didatic/fina.py:40 fina fina_0x41f6 410.8079 s,    82 i,   0.20 i/s, 5009.85 ms/i, 4.0 bytes/s 79091
	{'prime': 1435882, 'not_prime': 2984469, 'unknown': 194020, 'total': 4420351}
2019-06-17 16:23:40,611 INFO ./didatic/clas.py:60 clas clas_0x4211 411.8839 s, 595243 i, 1445.17 i/s, 0.69 ms/i, 6.5 kB/s 177798
	{'unknown': 4404, 'not_prime': 8831, 'partitions': {11: 37892, 9: 37602, 10: 31480, 8: 33123, 14: 37965, 5: 37777, 2: 42121, 12: 37501, 3: 37572, 0: 37659, 6: 37446, 15: 37548, 4: 37285, 1: 37450, 7: 37305, 13: 37517}}
2019-06-17 16:23:49,528 INFO ./didatic/fina.py:40 fina fina_0x41f6 420.8217 s,    84 i,   0.20 i/s, 5009.78 ms/i, 4.0 bytes/s 277061
	{'prime': 1494942, 'not_prime': 3134791, 'unknown': 198424, 'total': 4629733}
2019-06-17 16:23:49,523 INFO ./didatic/detc.py:52 detc detc_0x41f5 420.8123 s, 200551 i, 476.58 i/s, 2.10 ms/i, 2.1 kB/s 277061
	{'prime': 59060, 'not_prime': 141491}
2019-06-17 16:23:50,612 INFO ./didatic/clas.py:60 clas clas_0x4211 421.8843 s, 606630 i, 1437.91 i/s, 0.70 ms/i, 6.4 kB/s 359100
	{'unknown': 3867, 'not_prime': 7520, 'partitions': {11: 37892, 9: 37602, 10: 31480, 8: 33123, 14: 37965, 5: 37777, 2: 53508, 12: 37501, 3: 37572, 0: 37659, 6: 37446, 15: 37548, 4: 37285, 1: 37450, 7: 37305, 13: 37517}}
2019-06-17 16:23:59,528 INFO ./didatic/fina.py:40 fina fina_0x41f6 430.8228 s,    86 i,   0.20 i/s, 5009.57 ms/i, 4.0 bytes/s 378085
	{'prime': 1554002, 'not_prime': 3285677, 'unknown': 202291, 'total': 4839679}
2019-06-17 16:23:59,525 INFO ./didatic/detc.py:52 detc detc_0x41f5 430.8163 s, 202426 i, 469.87 i/s, 2.13 ms/i, 2.1 kB/s 378085
	{'prime': 59060, 'not_prime': 143366}
2019-06-17 16:24:00,613 INFO ./didatic/clas.py:60 clas clas_0x4211 431.8843 s, 612401 i, 1417.97 i/s, 0.71 ms/i, 6.4 kB/s 452131
	{'unknown': 1923, 'not_prime': 3848, 'partitions': {11: 37892, 9: 37602, 10: 31480, 8: 33123, 14: 37965, 5: 37777, 2: 59279, 12: 37501, 3: 37572, 0: 37659, 6: 37446, 15: 37548, 4: 37285, 1: 37450, 7: 37305, 13: 37517}}
2019-06-17 16:24:09,542 INFO ./didatic/fina.py:40 fina fina_0x41f6 440.8361 s,    88 i,   0.20 i/s, 5009.50 ms/i, 4.0 bytes/s 469871
	{'prime': 1613062, 'not_prime': 3434840, 'unknown': 204214, 'total': 5047902}
2019-06-17 16:24:09,524 INFO ./didatic/detc.py:52 detc detc_0x41f5 440.8183 s, 204375 i, 463.63 i/s, 2.16 ms/i, 2.1 kB/s 469871
	{'prime': 59060, 'not_prime': 145315}
2019-06-17 16:24:10,614 INFO ./didatic/clas.py:60 clas clas_0x4211 441.8862 s, 618469 i, 1399.61 i/s, 0.71 ms/i, 6.3 kB/s 151244
	{'unknown': 1972, 'not_prime': 4096, 'partitions': {11: 41055, 9: 37602, 10: 31480, 8: 33123, 14: 37965, 5: 37777, 2: 62184, 12: 37501, 3: 37572, 0: 37659, 6: 37446, 15: 37548, 4: 37285, 1: 37450, 7: 37305, 13: 37517}}
2019-06-17 16:24:19,528 INFO ./didatic/detc.py:52 detc detc_0x41f5 450.8211 s, 206598 i, 458.27 i/s, 2.18 ms/i, 2.1 kB/s 199033
	{'prime': 59060, 'not_prime': 147538}
2019-06-17 16:24:20,615 INFO ./didatic/clas.py:60 clas clas_0x4211 451.8877 s, 625894 i, 1385.07 i/s, 0.72 ms/i, 6.2 kB/s 267927
	{'unknown': 2492, 'not_prime': 4933, 'partitions': {11: 48480, 9: 37602, 10: 31480, 8: 33123, 14: 37965, 5: 37777, 2: 62184, 12: 37501, 3: 37572, 0: 37659, 6: 37446, 15: 37548, 4: 37285, 1: 37450, 7: 37305, 13: 37517}}
2019-06-17 16:24:20,619 INFO ./didatic/fina.py:40 fina fina_0x41f6 451.9137 s,    91 i,   0.20 i/s, 4966.08 ms/i, 4.0 bytes/s 267927
	{'prime': 1672122, 'not_prime': 3591407, 'unknown': 208678, 'total': 5263529}
2019-06-17 16:24:29,530 INFO ./didatic/detc.py:52 detc detc_0x41f5 460.8236 s, 210451 i, 456.68 i/s, 2.19 ms/i, 2.1 kB/s 377911
	{'prime': 59060, 'not_prime': 151391}
2019-06-17 16:24:30,616 INFO ./didatic/clas.py:60 clas clas_0x4211 461.8882 s, 634261 i, 1373.19 i/s, 0.73 ms/i, 6.2 kB/s 399264
	{'unknown': 2774, 'not_prime': 5593, 'partitions': {11: 56847, 9: 37602, 10: 31480, 8: 33123, 14: 37965, 5: 37777, 2: 62184, 12: 37501, 3: 37572, 0: 37659, 6: 37446, 15: 37548, 4: 37285, 1: 37450, 7: 37305, 13: 37517}}
2019-06-17 16:24:30,760 INFO ./didatic/fina.py:40 fina fina_0x41f6 462.0542 s,    93 i,   0.20 i/s, 4968.32 ms/i, 4.0 bytes/s 399264
	{'prime': 1731182, 'not_prime': 3748391, 'unknown': 211452, 'total': 5479573}
2019-06-17 16:24:39,537 INFO ./didatic/detc.py:52 detc detc_0x41f5 470.8299 s, 213396 i, 453.23 i/s, 2.21 ms/i, 2.0 kB/s 490837
	{'prime': 59060, 'not_prime': 154336}
2019-06-17 16:24:40,617 INFO ./didatic/clas.py:60 clas clas_0x4211 471.8895 s, 640751 i, 1357.84 i/s, 0.74 ms/i, 6.1 kB/s 30156
	{'unknown': 2220, 'not_prime': 4270, 'partitions': {11: 63143, 9: 37602, 10: 31480, 8: 33317, 14: 37965, 5: 37777, 2: 62184, 12: 37501, 3: 37572, 0: 37659, 6: 37446, 15: 37548, 4: 37285, 1: 37450, 7: 37305, 13: 37517}}
2019-06-17 16:24:49,684 INFO ./didatic/detc.py:52 detc detc_0x41f5 480.9778 s, 215956 i, 448.99 i/s, 2.23 ms/i, 2.0 kB/s 141427
	{'prime': 59060, 'not_prime': 156896}
2019-06-17 16:24:49,690 INFO ./didatic/fina.py:40 fina fina_0x41f6 480.9847 s,    96 i,   0.20 i/s, 5010.26 ms/i, 4.0 bytes/s 141427
	{'prime': 1849302, 'not_prime': 4063893, 'unknown': 213672, 'total': 5913195}
2019-06-17 16:24:50,621 INFO ./didatic/clas.py:60 clas clas_0x4211 481.8927 s, 648814 i, 1346.39 i/s, 0.74 ms/i, 6.1 kB/s 159191
	{'unknown': 2683, 'not_prime': 5380, 'partitions': {11: 63143, 9: 37602, 10: 31480, 8: 41380, 14: 37965, 5: 37777, 2: 62184, 12: 37501, 3: 37572, 0: 37659, 6: 37446, 15: 37548, 4: 37285, 1: 37450, 7: 37305, 13: 37517}}
2019-06-17 16:24:59,932 INFO ./didatic/fina.py:40 fina fina_0x41f6 491.2267 s,    98 i,   0.20 i/s, 5012.52 ms/i, 4.0 bytes/s 308267
	{'prime': 1908362, 'not_prime': 4229713, 'unknown': 216355, 'total': 6138075}
2019-06-17 16:24:59,927 INFO ./didatic/detc.py:52 detc detc_0x41f5 491.2211 s, 219500 i, 446.85 i/s, 2.24 ms/i, 2.0 kB/s 308267
	{'prime': 59060, 'not_prime': 160440}
2019-06-17 16:25:00,621 INFO ./didatic/clas.py:60 clas clas_0x4211 491.8937 s, 659683 i, 1341.11 i/s, 0.75 ms/i, 6.0 kB/s 332977
	{'unknown': 3641, 'not_prime': 7228, 'partitions': {11: 63143, 9: 37602, 10: 31480, 8: 52249, 14: 37965, 5: 37777, 2: 62184, 12: 37501, 3: 37572, 0: 37659, 6: 37446, 15: 37548, 4: 37285, 1: 37450, 7: 37305, 13: 37517}}
2019-06-17 16:25:10,090 INFO ./didatic/fina.py:40 fina fina_0x41f6 501.3847 s,   100 i,   0.20 i/s, 5013.85 ms/i, 4.0 bytes/s 493525
	{'prime': 1967422, 'not_prime': 4401347, 'unknown': 219996, 'total': 6368769}
2019-06-17 16:25:10,087 INFO ./didatic/detc.py:52 detc detc_0x41f5 501.3810 s, 223466 i, 445.70 i/s, 2.24 ms/i, 2.0 kB/s 493525
	{'prime': 59060, 'not_prime': 164406}
2019-06-17 16:25:10,625 INFO ./didatic/clas.py:60 clas clas_0x4211 501.8964 s, 670389 i, 1335.71 i/s, 0.75 ms/i, 6.0 kB/s 103854
	{'unknown': 3615, 'not_prime': 7091, 'partitions': {11: 63143, 9: 37602, 10: 31480, 8: 62796, 14: 38124, 5: 37777, 2: 62184, 12: 37501, 3: 37572, 0: 37659, 6: 37446, 15: 37548, 4: 37285, 1: 37450, 7: 37305, 13: 37517}}
2019-06-17 16:25:20,088 INFO ./didatic/detc.py:52 detc detc_0x41f5 511.3823 s, 227194 i, 444.27 i/s, 2.25 ms/i, 2.0 kB/s 273305
	{'prime': 59060, 'not_prime': 168134}
2019-06-17 16:25:20,093 INFO ./didatic/fina.py:40 fina fina_0x41f6 511.3875 s,   102 i,   0.20 i/s, 5013.60 ms/i, 4.0 bytes/s 273305
	{'prime': 2026482, 'not_prime': 4576572, 'unknown': 223611, 'total': 6603054}
2019-06-17 16:25:20,624 INFO ./didatic/clas.py:60 clas clas_0x4211 511.8968 s, 682293 i, 1332.87 i/s, 0.75 ms/i, 6.0 kB/s 290291
	{'unknown': 3941, 'not_prime': 7963, 'partitions': {11: 63143, 9: 37602, 10: 31480, 8: 62796, 14: 50028, 5: 37777, 2: 62184, 12: 37501, 3: 37572, 0: 37659, 6: 37446, 15: 37548, 4: 37285, 1: 37450, 7: 37305, 13: 37517}}
2019-06-17 16:25:30,097 INFO ./didatic/fina.py:40 fina fina_0x41f6 521.3914 s,   104 i,   0.20 i/s, 5013.38 ms/i, 4.0 bytes/s 456701
	{'prime': 2085542, 'not_prime': 4756549, 'unknown': 227552, 'total': 6842091}
2019-06-17 16:25:30,088 INFO ./didatic/detc.py:52 detc detc_0x41f5 521.3825 s, 231074 i, 443.19 i/s, 2.26 ms/i, 2.0 kB/s 456701
	{'prime': 59060, 'not_prime': 172014}
2019-06-17 16:25:30,626 INFO ./didatic/clas.py:60 clas clas_0x4211 521.8972 s, 693424 i, 1328.66 i/s, 0.75 ms/i, 6.0 kB/s 467863
	{'unknown': 3758, 'not_prime': 7373, 'partitions': {11: 63143, 9: 37602, 10: 31480, 8: 62796, 14: 61159, 5: 37777, 2: 62184, 12: 37501, 3: 37572, 0: 37659, 6: 37446, 15: 37548, 4: 37285, 1: 37450, 7: 37305, 13: 37517}}
2019-06-17 16:25:40,088 INFO ./didatic/detc.py:52 detc detc_0x41f5 531.3826 s, 234866 i, 441.99 i/s, 2.26 ms/i, 2.0 kB/s 242683
	{'prime': 59060, 'not_prime': 175806}
2019-06-17 16:25:40,625 INFO ./didatic/clas.py:60 clas clas_0x4211 531.8975 s, 704938 i, 1325.33 i/s, 0.75 ms/i, 6.0 kB/s 253073
	{'unknown': 3850, 'not_prime': 7664, 'partitions': {11: 63143, 9: 37602, 10: 31480, 8: 62796, 14: 63111, 5: 47339, 2: 62184, 12: 37501, 3: 37572, 0: 37659, 6: 37446, 15: 37548, 4: 37285, 1: 37450, 7: 37305, 13: 37517}}
2019-06-17 16:25:40,627 INFO ./didatic/fina.py:40 fina fina_0x41f6 531.9213 s,   107 i,   0.20 i/s, 4971.23 ms/i, 4.0 bytes/s 253073
	{'prime': 2144602, 'not_prime': 4947392, 'unknown': 235160, 'total': 7091994}
2019-06-17 16:25:50,089 INFO ./didatic/detc.py:52 detc detc_0x41f5 541.3828 s, 238645 i, 440.81 i/s, 2.27 ms/i, 2.0 kB/s 421801
	{'prime': 59060, 'not_prime': 179585}
2019-06-17 16:25:50,626 INFO ./didatic/clas.py:60 clas clas_0x4211 541.8981 s, 716175 i, 1321.60 i/s, 0.76 ms/i, 6.0 kB/s 431671
	{'unknown': 3753, 'not_prime': 7484, 'partitions': {11: 63143, 9: 37602, 10: 31480, 8: 62796, 14: 63111, 5: 58576, 2: 62184, 12: 37501, 3: 37572, 0: 37659, 6: 37446, 15: 37548, 4: 37285, 1: 37450, 7: 37305, 13: 37517}}
2019-06-17 16:25:50,634 INFO ./didatic/fina.py:40 fina fina_0x41f6 541.9282 s,   109 i,   0.20 i/s, 4971.82 ms/i, 4.0 bytes/s 431671
	{'prime': 2203662, 'not_prime': 5134461, 'unknown': 238913, 'total': 7338123}
2019-06-17 16:26:00,089 INFO ./didatic/detc.py:52 detc detc_0x41f5 551.3833 s, 240981 i, 437.05 i/s, 2.29 ms/i, 2.0 kB/s 35579
	{'prime': 59060, 'not_prime': 181921}
2019-06-17 16:26:00,626 INFO ./didatic/clas.py:60 clas clas_0x4211 551.8982 s, 723004 i, 1310.03 i/s, 0.76 ms/i, 5.9 kB/s 44306
	{'unknown': 2319, 'not_prime': 4510, 'partitions': {11: 63143, 9: 37602, 10: 33959, 8: 62796, 14: 63111, 5: 62926, 2: 62184, 12: 37501, 3: 37572, 0: 37659, 6: 37446, 15: 37548, 4: 37285, 1: 37450, 7: 37305, 13: 37517}}
2019-06-17 16:26:10,089 INFO ./didatic/detc.py:52 detc detc_0x41f5 561.3834 s, 244413 i, 435.38 i/s, 2.30 ms/i, 2.0 kB/s 200827
	{'prime': 59060, 'not_prime': 185353}
2019-06-17 16:26:10,093 INFO ./didatic/fina.py:40 fina fina_0x41f6 561.3874 s,   112 i,   0.20 i/s, 5012.39 ms/i, 4.0 bytes/s 200827
	{'prime': 2321782, 'not_prime': 5506245, 'unknown': 241232, 'total': 7828027}
2019-06-17 16:26:10,627 INFO ./didatic/clas.py:60 clas clas_0x4211 561.8996 s, 733372 i, 1305.17 i/s, 0.77 ms/i, 5.9 kB/s 211565
	{'unknown': 3447, 'not_prime': 6921, 'partitions': {11: 63143, 9: 37602, 10: 44327, 8: 62796, 14: 63111, 5: 62926, 2: 62184, 12: 37501, 3: 37572, 0: 37659, 6: 37446, 15: 37548, 4: 37285, 1: 37450, 7: 37305, 13: 37517}}
2019-06-17 16:26:20,101 INFO ./didatic/detc.py:52 detc detc_0x41f5 571.3957 s, 248285 i, 434.52 i/s, 2.30 ms/i, 2.0 kB/s 389917
	{'prime': 59060, 'not_prime': 189225}
2019-06-17 16:26:20,106 INFO ./didatic/fina.py:40 fina fina_0x41f6 571.4000 s,   114 i,   0.20 i/s, 5012.28 ms/i, 4.0 bytes/s 389917
	{'prime': 2380842, 'not_prime': 5702391, 'unknown': 244679, 'total': 8083233}
2019-06-17 16:26:20,629 INFO ./didatic/clas.py:60 clas clas_0x4211 571.9014 s, 745186 i, 1303.00 i/s, 0.77 ms/i, 5.9 kB/s 400696
	{'unknown': 3910, 'not_prime': 7904, 'partitions': {11: 63143, 9: 37602, 10: 56141, 8: 62796, 14: 63111, 5: 62926, 2: 62184, 12: 37501, 3: 37572, 0: 37659, 6: 37446, 15: 37548, 4: 37285, 1: 37450, 7: 37305, 13: 37517}}
2019-06-17 16:26:30,115 INFO ./didatic/fina.py:40 fina fina_0x41f6 581.4089 s,   116 i,   0.20 i/s, 5012.15 ms/i, 4.0 bytes/s 147181
	{'prime': 2439902, 'not_prime': 5902797, 'unknown': 248589, 'total': 8342699}
2019-06-17 16:26:30,112 INFO ./didatic/detc.py:52 detc detc_0x41f5 581.4065 s, 251562 i, 432.68 i/s, 2.31 ms/i, 2.0 kB/s 147181
	{'prime': 59060, 'not_prime': 192502}
2019-06-17 16:26:30,629 INFO ./didatic/clas.py:60 clas clas_0x4211 581.9019 s, 755542 i, 1298.40 i/s, 0.77 ms/i, 5.9 kB/s 168705
	{'unknown': 3501, 'not_prime': 6855, 'partitions': {11: 63143, 9: 37602, 10: 62337, 8: 62796, 14: 63111, 5: 62926, 2: 62184, 12: 37501, 3: 37572, 0: 37659, 6: 37446, 15: 37548, 4: 41445, 1: 37450, 7: 37305, 13: 37517}}
2019-06-17 16:26:40,116 INFO ./didatic/detc.py:52 detc detc_0x41f5 591.4097 s, 254416 i, 430.19 i/s, 2.32 ms/i, 2.0 kB/s 276767
	{'prime': 59060, 'not_prime': 195356}
2019-06-17 16:26:40,128 INFO ./didatic/fina.py:40 fina fina_0x41f6 591.4224 s,   118 i,   0.20 i/s, 5012.05 ms/i, 4.0 bytes/s 276767
	{'prime': 2498962, 'not_prime': 6105008, 'unknown': 252090, 'total': 8603970}
2019-06-17 16:26:40,631 INFO ./didatic/clas.py:60 clas clas_0x4211 591.9031 s, 765034 i, 1292.50 i/s, 0.77 ms/i, 5.9 kB/s 319687
	{'unknown': 3119, 'not_prime': 6373, 'partitions': {11: 63143, 9: 37602, 10: 62337, 8: 62796, 14: 63111, 5: 62926, 2: 62184, 12: 37501, 3: 37572, 0: 37659, 6: 37446, 15: 37548, 4: 50937, 1: 37450, 7: 37305, 13: 37517}}
2019-06-17 16:26:50,117 INFO ./didatic/detc.py:52 detc detc_0x41f5 601.4113 s, 258570 i, 429.94 i/s, 2.33 ms/i, 2.0 kB/s 492509
	{'prime': 59061, 'not_prime': 199509}
2019-06-17 16:26:50,631 INFO ./didatic/clas.py:60 clas clas_0x4211 601.9033 s, 777469 i, 1291.68 i/s, 0.77 ms/i, 5.9 kB/s 123183
	{'unknown': 4136, 'not_prime': 8299, 'partitions': {11: 63143, 9: 37602, 10: 62337, 8: 62796, 14: 63111, 5: 62926, 2: 62184, 12: 37501, 3: 37572, 0: 37659, 6: 37446, 15: 37548, 4: 61970, 1: 38852, 7: 37305, 13: 37517}}
2019-06-17 16:26:50,634 INFO ./didatic/fina.py:40 fina fina_0x41f6 601.9287 s,   121 i,   0.20 i/s, 4974.62 ms/i, 4.0 bytes/s 123183
	{'prime': 2558023, 'not_prime': 6319189, 'unknown': 259345, 'total': 8877212}
2019-06-17 16:27:00,120 INFO ./didatic/detc.py:52 detc detc_0x41f5 611.4139 s, 263335 i, 430.70 i/s, 2.32 ms/i, 2.0 kB/s 321449
	{'prime': 59061, 'not_prime': 204274}
2019-06-17 16:27:00,631 INFO ./didatic/clas.py:60 clas clas_0x4211 611.9035 s, 792653 i, 1295.39 i/s, 0.77 ms/i, 5.9 kB/s 368958
	{'unknown': 5063, 'not_prime': 10121, 'partitions': {11: 63143, 9: 37602, 10: 62337, 8: 62796, 14: 63111, 5: 62926, 2: 62184, 12: 37501, 3: 37572, 0: 37659, 6: 37446, 15: 37548, 4: 61970, 1: 54036, 7: 37305, 13: 37517}}
2019-06-17 16:27:00,637 INFO ./didatic/fina.py:40 fina fina_0x41f6 611.9309 s,   123 i,   0.20 i/s, 4975.05 ms/i, 4.0 bytes/s 368958
	{'prime': 2617084, 'not_prime': 6533584, 'unknown': 264408, 'total': 9150668}
2019-06-17 16:27:10,120 INFO ./didatic/detc.py:52 detc detc_0x41f5 621.4141 s, 267593 i, 430.62 i/s, 2.32 ms/i, 2.0 kB/s 120925
	{'prime': 59061, 'not_prime': 208532}
2019-06-17 16:27:10,635 INFO ./didatic/clas.py:60 clas clas_0x4211 621.9046 s, 804719 i, 1293.96 i/s, 0.77 ms/i, 5.9 kB/s 162753
	{'unknown': 3953, 'not_prime': 8113, 'partitions': {11: 63143, 9: 37602, 10: 62337, 8: 62796, 14: 63111, 5: 62926, 2: 62184, 12: 37501, 3: 37572, 0: 37659, 6: 37446, 15: 41404, 4: 61970, 1: 62246, 7: 37305, 13: 37517}}
2019-06-17 16:27:10,638 INFO ./didatic/fina.py:40 fina fina_0x41f6 621.9320 s,   125 i,   0.20 i/s, 4975.46 ms/i, 4.0 bytes/s 162753
	{'prime': 2676145, 'not_prime': 6750229, 'unknown': 268361, 'total': 9426374}
2019-06-17 16:27:20,122 INFO ./didatic/detc.py:52 detc detc_0x41f5 631.4160 s, 271425 i, 429.87 i/s, 2.33 ms/i, 2.0 kB/s 297811
	{'prime': 59061, 'not_prime': 212364}
2019-06-17 16:27:20,635 INFO ./didatic/clas.py:60 clas clas_0x4211 631.9049 s, 816429 i, 1292.01 i/s, 0.77 ms/i, 5.9 kB/s 347172
	{'unknown': 3950, 'not_prime': 7760, 'partitions': {11: 63143, 9: 37602, 10: 62337, 8: 62796, 14: 63111, 5: 62926, 2: 62184, 12: 37501, 3: 37572, 0: 37659, 6: 37446, 15: 53114, 4: 61970, 1: 62246, 7: 37305, 13: 37517}}
2019-06-17 16:27:20,639 INFO ./didatic/fina.py:40 fina fina_0x41f6 631.9332 s,   127 i,   0.20 i/s, 4975.85 ms/i, 4.0 bytes/s 347172
	{'prime': 2735206, 'not_prime': 6970353, 'unknown': 272311, 'total': 9705559}
2019-06-17 16:27:30,122 INFO ./didatic/detc.py:52 detc detc_0x41f5 641.4161 s, 276778 i, 431.51 i/s, 2.32 ms/i, 2.0 kB/s 158819
	{'prime': 59061, 'not_prime': 217717}
2019-06-17 16:27:30,633 INFO ./didatic/clas.py:60 clas clas_0x4211 641.9058 s, 831611 i, 1295.53 i/s, 0.77 ms/i, 5.9 kB/s 193883
	{'unknown': 5068, 'not_prime': 10114, 'partitions': {11: 63143, 9: 37602, 10: 62337, 8: 62796, 14: 63111, 5: 62926, 2: 62184, 12: 37501, 3: 37572, 0: 37659, 6: 43183, 15: 62559, 4: 61970, 1: 62246, 7: 37305, 13: 37517}}
2019-06-17 16:27:40,126 INFO ./didatic/fina.py:40 fina fina_0x41f6 651.4207 s,   130 i,   0.20 i/s, 5010.93 ms/i, 4.0 bytes/s 397297
	{'prime': 2853328, 'not_prime': 7420501, 'unknown': 277379, 'total': 10273829}
2019-06-17 16:27:40,122 INFO ./didatic/detc.py:52 detc detc_0x41f5 651.4164 s, 281378 i, 431.95 i/s, 2.32 ms/i, 2.0 kB/s 397297
	{'prime': 59061, 'not_prime': 222317}
2019-06-17 16:27:40,633 INFO ./didatic/clas.py:60 clas clas_0x4211 651.9058 s, 845199 i, 1296.50 i/s, 0.77 ms/i, 5.9 kB/s 413841
	{'unknown': 4389, 'not_prime': 9199, 'partitions': {11: 63143, 9: 37602, 10: 62337, 8: 62796, 14: 63111, 5: 62926, 2: 62184, 12: 37501, 3: 37572, 0: 37659, 6: 56771, 15: 62559, 4: 61970, 1: 62246, 7: 37305, 13: 37517}}
2019-06-17 16:27:50,123 INFO ./didatic/detc.py:52 detc detc_0x41f5 661.4165 s, 285535 i, 431.70 i/s, 2.32 ms/i, 2.0 kB/s 196249
	{'prime': 59061, 'not_prime': 226474}
2019-06-17 16:27:50,633 INFO ./didatic/clas.py:60 clas clas_0x4211 661.9059 s, 857525 i, 1295.54 i/s, 0.77 ms/i, 5.9 kB/s 214851
	{'unknown': 4150, 'not_prime': 8176, 'partitions': {11: 63143, 9: 37602, 10: 62337, 8: 62796, 14: 63111, 5: 62926, 2: 62184, 12: 37501, 3: 44564, 0: 37659, 6: 62105, 15: 62559, 4: 61970, 1: 62246, 7: 37305, 13: 37517}}
2019-06-17 16:27:50,637 INFO ./didatic/fina.py:40 fina fina_0x41f6 661.9314 s,   133 i,   0.20 i/s, 4976.93 ms/i, 4.0 bytes/s 214851
	{'prime': 2912389, 'not_prime': 7664350, 'unknown': 285918, 'total': 10576739}
2019-06-17 16:28:00,124 INFO ./didatic/detc.py:52 detc detc_0x41f5 671.4181 s, 290342 i, 432.43 i/s, 2.31 ms/i, 2.0 kB/s 431429
	{'prime': 59061, 'not_prime': 231281}
2019-06-17 16:28:00,634 INFO ./didatic/clas.py:60 clas clas_0x4211 671.9066 s, 872446 i, 1298.46 i/s, 0.77 ms/i, 6.0 kB/s 452087
	{'unknown': 4978, 'not_prime': 9943, 'partitions': {11: 63143, 9: 37602, 10: 62337, 8: 62796, 14: 63111, 5: 62926, 2: 62184, 12: 37501, 3: 59485, 0: 37659, 6: 62105, 15: 62559, 4: 61970, 1: 62246, 7: 37305, 13: 37517}}
2019-06-17 16:28:00,638 INFO ./didatic/fina.py:40 fina fina_0x41f6 671.9324 s,   135 i,   0.20 i/s, 4977.28 ms/i, 4.0 bytes/s 452087
	{'prime': 2971450, 'not_prime': 7905574, 'unknown': 290896, 'total': 10877024}
2019-06-17 16:28:10,124 INFO ./didatic/detc.py:52 detc detc_0x41f5 681.4182 s, 294953 i, 432.85 i/s, 2.31 ms/i, 2.0 kB/s 244807
	{'prime': 59061, 'not_prime': 235892}
2019-06-17 16:28:10,636 INFO ./didatic/clas.py:60 clas clas_0x4211 681.9084 s, 886205 i, 1299.60 i/s, 0.77 ms/i, 6.0 kB/s 271270
	{'unknown': 4527, 'not_prime': 9232, 'partitions': {11: 63143, 9: 37602, 10: 62337, 8: 62796, 14: 63111, 5: 62926, 2: 62184, 12: 37501, 3: 62517, 0: 48386, 6: 62105, 15: 62559, 4: 61970, 1: 62246, 7: 37305, 13: 37517}}
2019-06-17 16:28:10,642 INFO ./didatic/fina.py:40 fina fina_0x41f6 681.9360 s,   137 i,   0.20 i/s, 4977.63 ms/i, 4.0 bytes/s 271270
	{'prime': 3030511, 'not_prime': 8150698, 'unknown': 295423, 'total': 11181209}
2019-06-17 16:28:20,125 INFO ./didatic/detc.py:52 detc detc_0x41f5 691.4189 s, 299979 i, 433.86 i/s, 2.30 ms/i, 2.0 kB/s 487691
	{'prime': 59061, 'not_prime': 240918}
2019-06-17 16:28:20,872 INFO ./didatic/clas.py:60 clas clas_0x4211 692.1439 s, 900585 i, 1301.15 i/s, 0.77 ms/i, 6.0 kB/s 101075
	{'unknown': 4792, 'not_prime': 9588, 'partitions': {11: 63143, 9: 37604, 10: 62337, 8: 62796, 14: 63111, 5: 62926, 2: 62184, 12: 37501, 3: 62517, 0: 62764, 6: 62105, 15: 62559, 4: 61970, 1: 62246, 7: 37305, 13: 37517}}
2019-06-17 16:28:20,881 INFO ./didatic/fina.py:40 fina fina_0x41f6 692.1749 s,   139 i,   0.20 i/s, 4979.68 ms/i, 4.0 bytes/s 101075
	{'prime': 3089572, 'not_prime': 8401204, 'unknown': 300215, 'total': 11490776}
2019-06-17 16:28:30,127 INFO ./didatic/detc.py:52 detc detc_0x41f5 701.4209 s, 303579 i, 432.81 i/s, 2.31 ms/i, 2.0 kB/s 270059
	{'prime': 59061, 'not_prime': 244518}
2019-06-17 16:28:30,872 INFO ./didatic/clas.py:60 clas clas_0x4211 702.1447 s, 912075 i, 1298.98 i/s, 0.77 ms/i, 6.0 kB/s 287845
	{'unknown': 3830, 'not_prime': 7660, 'partitions': {11: 63143, 9: 49094, 10: 62337, 8: 62796, 14: 63111, 5: 62926, 2: 62184, 12: 37501, 3: 62517, 0: 62764, 6: 62105, 15: 62559, 4: 61970, 1: 62246, 7: 37305, 13: 37517}}
2019-06-17 16:28:40,133 INFO ./didatic/fina.py:40 fina fina_0x41f6 711.4275 s,   142 i,   0.20 i/s, 5010.05 ms/i, 4.0 bytes/s 495647
	{'prime': 3207694, 'not_prime': 8902664, 'unknown': 304045, 'total': 12110358}
2019-06-17 16:28:40,129 INFO ./didatic/detc.py:52 detc detc_0x41f5 711.4227 s, 308343 i, 433.42 i/s, 2.31 ms/i, 2.0 kB/s 495647
	{'prime': 59061, 'not_prime': 249282}
2019-06-17 16:28:40,872 INFO ./didatic/clas.py:60 clas clas_0x4211 712.1447 s, 925719 i, 1299.90 i/s, 0.77 ms/i, 6.0 kB/s 106242
	{'unknown': 4564, 'not_prime': 9080, 'partitions': {11: 63143, 9: 62433, 10: 62337, 8: 62796, 14: 63111, 5: 62926, 2: 62184, 12: 37806, 3: 62517, 0: 62764, 6: 62105, 15: 62559, 4: 61970, 1: 62246, 7: 37305, 13: 37517}}
2019-06-17 16:28:50,129 INFO ./didatic/detc.py:52 detc detc_0x41f5 721.4236 s, 312847 i, 433.65 i/s, 2.31 ms/i, 2.0 kB/s 306589
	{'prime': 59061, 'not_prime': 253786}
2019-06-17 16:28:50,134 INFO ./didatic/fina.py:40 fina fina_0x41f6 721.4284 s,   144 i,   0.20 i/s, 5009.92 ms/i, 4.0 bytes/s 306589
	{'prime': 3266755, 'not_prime': 9165530, 'unknown': 308609, 'total': 12432285}
2019-06-17 16:28:50,872 INFO ./didatic/clas.py:60 clas clas_0x4211 722.1448 s, 939958 i, 1301.62 i/s, 0.77 ms/i, 6.0 kB/s 334408
	{'unknown': 4723, 'not_prime': 9516, 'partitions': {11: 63143, 9: 62433, 10: 62337, 8: 62796, 14: 63111, 5: 62926, 2: 62184, 12: 52045, 3: 62517, 0: 62764, 6: 62105, 15: 62559, 4: 61970, 1: 62246, 7: 37305, 13: 37517}}
2019-06-17 16:29:00,133 INFO ./didatic/detc.py:52 detc detc_0x41f5 731.4269 s, 317388 i, 433.93 i/s, 2.30 ms/i, 2.0 kB/s 122083
	{'prime': 59061, 'not_prime': 258327}
2019-06-17 16:29:00,142 INFO ./didatic/fina.py:40 fina fina_0x41f6 731.4366 s,   146 i,   0.20 i/s, 5009.84 ms/i, 4.0 bytes/s 122083
	{'prime': 3325816, 'not_prime': 9433373, 'unknown': 313332, 'total': 12759189}
2019-06-17 16:29:00,873 INFO ./didatic/clas.py:60 clas clas_0x4211 732.1454 s, 953666 i, 1302.56 i/s, 0.77 ms/i, 6.0 kB/s 153802
	{'unknown': 4606, 'not_prime': 9102, 'partitions': {11: 63143, 9: 62433, 10: 62337, 8: 62796, 14: 63111, 5: 62926, 2: 62184, 12: 62538, 3: 62517, 0: 62764, 6: 62105, 15: 62559, 4: 61970, 1: 62246, 7: 37305, 13: 40732}}
2019-06-17 16:29:10,136 INFO ./didatic/detc.py:52 detc detc_0x41f5 741.4298 s, 322098 i, 434.43 i/s, 2.30 ms/i, 2.0 kB/s 339155
	{'prime': 59061, 'not_prime': 263037}
2019-06-17 16:29:10,873 INFO ./didatic/clas.py:60 clas clas_0x4211 742.1458 s, 969342 i, 1306.13 i/s, 0.77 ms/i, 6.0 kB/s 402337
	{'unknown': 5183, 'not_prime': 10493, 'partitions': {11: 63143, 9: 62433, 10: 62337, 8: 62796, 14: 63111, 5: 62926, 2: 62184, 12: 62538, 3: 62517, 0: 62764, 6: 62105, 15: 62559, 4: 61970, 1: 62246, 7: 37305, 13: 56408}}
2019-06-17 16:29:10,877 INFO ./didatic/fina.py:40 fina fina_0x41f6 742.1716 s,   149 i,   0.20 i/s, 4981.02 ms/i, 4.0 bytes/s 402337
	{'prime': 3384877, 'not_prime': 9716005, 'unknown': 323121, 'total': 13100882}
2019-06-17 16:29:20,140 INFO ./didatic/detc.py:52 detc detc_0x41f5 751.4340 s, 327004 i, 435.17 i/s, 2.30 ms/i, 2.0 kB/s 218989
	{'prime': 59061, 'not_prime': 267943}
2019-06-17 16:29:20,874 INFO ./didatic/clas.py:60 clas clas_0x4211 752.1470 s, 984723 i, 1309.22 i/s, 0.76 ms/i, 6.1 kB/s 254177
	{'unknown': 5111, 'not_prime': 10270, 'partitions': {11: 63143, 9: 62433, 10: 62337, 8: 62796, 14: 63111, 5: 62926, 2: 62184, 12: 62538, 3: 62517, 0: 62764, 6: 62105, 15: 62559, 4: 61970, 1: 62246, 7: 46667, 13: 62427}}
2019-06-17 16:29:20,878 INFO ./didatic/fina.py:40 fina fina_0x41f6 752.1728 s,   151 i,   0.20 i/s, 4981.28 ms/i, 4.0 bytes/s 254177
	{'prime': 3443938, 'not_prime': 9994218, 'unknown': 328232, 'total': 13438156}
2019-06-17 16:29:30,370 INFO ./didatic/detc.py:52 detc detc_0x41f5 761.6635 s, 331800 i, 435.63 i/s, 2.30 ms/i, 2.0 kB/s 447455
	{'prime': 59061, 'not_prime': 272739}
2019-06-17 16:29:30,874 INFO ./didatic/clas.py:60 clas clas_0x4211 762.1470 s, 999932 i, 1311.99 i/s, 0.76 ms/i, 6.1 kB/s 499644
	{'unknown': 5080, 'not_prime': 10129, 'partitions': {11: 63143, 9: 62433, 10: 62337, 8: 62796, 14: 63111, 5: 62926, 2: 62184, 12: 62538, 3: 62517, 0: 62764, 6: 62105, 15: 62559, 4: 61970, 1: 62246, 7: 61876, 13: 62427}}
2019-06-17 16:29:31,994 INFO /home/puhl/project/minas-py/didatic/base.py:52 wrap clas_0x4211 DONE 763.2664 s, 999958 i, 1310.10 i/s, 0.76 ms/i, 6.1 kB/s
	{'unknown': 7, 'not_prime': 19, 'partitions': {11: 63143, 9: 62433, 10: 62337, 8: 62796, 14: 63111, 5: 62926, 2: 62184, 12: 62538, 3: 62517, 0: 62764, 6: 62105, 15: 62559, 4: 61970, 1: 62246, 7: 61902, 13: 62427}}
2019-06-17 16:29:40,879 INFO ./didatic/fina.py:44 fina fina_0x41f6 772.1735 s,   153 i,   0.20 i/s, 5046.89 ms/i, 4.0 bytes/s
	{'prime': 3502999, 'not_prime': 10277086, 'unknown': 333312, 'total': 13780085}
2019-06-17 16:29:40,981 INFO /home/puhl/project/minas-py/didatic/base.py:52 wrap fina_0x41f6 DONE 772.2757 s,   153 i,   0.20 i/s, 5047.55 ms/i, 4.0 bytes/s
16883
16884
16885
16885
2019-06-17 16:29:43,529 INFO ./didatic/detc.py:54 detc detc_0x41f5 774.8237 s, 333319 i, 430.19 i/s, 2.32 ms/i, 2.0 kB/s
	{'prime': 59061, 'not_prime': 274258}
2019-06-17 16:29:43,634 INFO /home/puhl/project/minas-py/didatic/base.py:52 wrap detc_0x41f5 DONE 774.9285 s, 333319 i, 430.13 i/s, 2.32 ms/i, 2.0 kB/s
	{'prime': 59061, 'not_prime': 274258, 'partitions': {5: 33683, 9: 33357, 7: 33098, 1: 33785, 3: 33112, 6: 33088, 4: 33405, 0: 33406, 8: 32982, 2: 33403}}
/didatic-init.sh 8 >> didatic/run/bkp/primes_4_x8.log  1353.58s user 75.70s system 184% cpu 12:55.15 total
