2019-06-17 17:51:51,722 INFO /home/puhl/project/minas-py/didatic/base.py:39 wrap init fina
2019-06-17 17:51:51,730 INFO /home/puhl/project/minas-py/didatic/base.py:39 wrap init clas
2019-06-17 17:51:51,732 INFO /home/puhl/project/minas-py/didatic/base.py:39 wrap init clas
2019-06-17 17:51:51,735 INFO /home/puhl/project/minas-py/didatic/base.py:39 wrap init clas
2019-06-17 17:51:51,736 INFO /home/puhl/project/minas-py/didatic/base.py:39 wrap init clas
2019-06-17 17:51:51,737 INFO /home/puhl/project/minas-py/didatic/base.py:39 wrap init clas
2019-06-17 17:51:51,761 INFO /home/puhl/project/minas-py/didatic/base.py:39 wrap init clas
2019-06-17 17:51:51,742 INFO /home/puhl/project/minas-py/didatic/base.py:39 wrap init clas
2019-06-17 17:51:51,761 INFO /home/puhl/project/minas-py/didatic/base.py:39 wrap init clas
2019-06-17 17:51:51,803 INFO /home/puhl/project/minas-py/didatic/base.py:39 wrap init detc
2019-06-17 17:51:51,806 INFO /home/puhl/project/minas-py/didatic/base.py:39 wrap init prod
2019-06-17 17:51:54,329 INFO ./didatic/clas.py:61 clas clas_0x528f 2.5756 s,     1 i,   0.39 i/s, 2575.62 ms/i, 1 byte/s 6237
	{'unknown': 0, 'not_prime': 1, 'total_clas': 1, 'partitions': {0: 1}}
2019-06-17 17:51:54,364 INFO ./didatic/clas.py:61 clas clas_0x529c 2.5945 s,     1 i,   0.39 i/s, 2594.54 ms/i, 1 byte/s 6606
	{'unknown': 0, 'not_prime': 1, 'total_clas': 1, 'partitions': {5: 1}}
2019-06-17 17:51:54,383 INFO ./didatic/clas.py:61 clas clas_0x52a2 2.5940 s,     1 i,   0.39 i/s, 2593.97 ms/i, 1 byte/s 6646
	{'unknown': 0, 'not_prime': 1, 'total_clas': 1, 'partitions': {7: 1}}
2019-06-17 17:51:54,381 INFO ./didatic/clas.py:61 clas clas_0x52a1 2.5556 s,     1 i,   0.39 i/s, 2555.58 ms/i, 1 byte/s 6232
	{'unknown': 0, 'not_prime': 1, 'total_clas': 1, 'partitions': {6: 1}}
2019-06-17 17:51:54,396 INFO ./didatic/clas.py:61 clas clas_0x5293 2.5972 s,     1 i,   0.39 i/s, 2597.18 ms/i, 1 byte/s 6726
	{'unknown': 0, 'not_prime': 1, 'total_clas': 1, 'partitions': {2: 1}}
2019-06-17 17:51:54,395 INFO ./didatic/clas.py:61 clas clas_0x5296 2.5909 s,     1 i,   0.39 i/s, 2590.93 ms/i, 1 byte/s 6236
	{'unknown': 0, 'not_prime': 1, 'total_clas': 1, 'partitions': {3: 1}}
2019-06-17 17:51:54,413 INFO ./didatic/clas.py:61 clas clas_0x5297 2.6171 s,     1 i,   0.38 i/s, 2617.09 ms/i, 1 byte/s 6794
	{'unknown': 0, 'not_prime': 1, 'total_clas': 1, 'partitions': {4: 1}}
waiting 8
2019-06-17 17:51:57,310 INFO ./didatic/clas.py:61 clas clas_0x5290 5.5665 s,     1 i,   0.18 i/s, 5566.52 ms/i, 0.0 bytes/s 15060
	{'unknown': 0, 'not_prime': 1, 'total_clas': 1, 'partitions': {1: 1}}
2019-06-17 17:52:01,815 INFO ./didatic/prod.py:28 prod prod_0x5281 10.0090 s, 28478 i, 2845.24 i/s, 0.35 ms/i, 8.3 kB/s
	{'partitions': {1: 3558, 4: 3509, 7: 3629, 2: 3597, 5: 3510, 0: 3540, 3: 3520, 6: 3602}}
2019-06-17 17:52:01,859 INFO ./didatic/detc.py:52 detc detc_0x5283 10.0009 s,  5800 i, 579.95 i/s, 1.72 ms/i, 1.7 kB/s 24049
	{'prime': 5800, 'not_prime': 0}
2019-06-17 17:52:01,867 INFO ./didatic/fina.py:39 fina fina_0x5284 10.1448 s,     3 i,   0.30 i/s, 3381.59 ms/i, 8.0 bytes/s 24049
	{'prime': 5800, 'not_prime': 2, 'unknown': 0, 'total_clas': 2, 'total': 5802}
waiting 8
2019-06-17 17:52:04,307 INFO ./didatic/clas.py:61 clas clas_0x528f 12.5758 s,  4978 i, 395.84 i/s, 2.53 ms/i, 1.2 kB/s 37609
	{'unknown': 1674, 'not_prime': 3303, 'total_clas': 4977, 'partitions': {0: 3935, 1: 1043}}
2019-06-17 17:52:04,346 INFO ./didatic/clas.py:61 clas clas_0x5296 12.6104 s,  3915 i, 310.46 i/s, 3.22 ms/i, 931.0 bytes/s 37704
	{'unknown': 1264, 'not_prime': 2650, 'total_clas': 3914, 'partitions': {3: 3915}}
2019-06-17 17:52:04,348 INFO ./didatic/clas.py:61 clas clas_0x529c 12.5979 s,  3856 i, 306.08 i/s, 3.27 ms/i, 918.0 bytes/s 37708
	{'unknown': 1331, 'not_prime': 2524, 'total_clas': 3855, 'partitions': {5: 3856}}
2019-06-17 17:52:04,355 INFO ./didatic/clas.py:61 clas clas_0x52a1 12.5937 s,  4028 i, 319.84 i/s, 3.13 ms/i, 959.0 bytes/s 37706
	{'unknown': 1306, 'not_prime': 2721, 'total_clas': 4027, 'partitions': {6: 4028}}
2019-06-17 17:52:04,374 INFO ./didatic/clas.py:61 clas clas_0x5297 12.6255 s,  3799 i, 300.90 i/s, 3.32 ms/i, 902.0 bytes/s 37716
	{'unknown': 1254, 'not_prime': 2544, 'total_clas': 3798, 'partitions': {4: 3799}}
2019-06-17 17:52:04,396 INFO ./didatic/clas.py:61 clas clas_0x52a2 12.6345 s,  3946 i, 312.32 i/s, 3.20 ms/i, 936.0 bytes/s 37786
	{'unknown': 1298, 'not_prime': 2647, 'total_clas': 3945, 'partitions': {7: 3946}}
2019-06-17 17:52:04,406 INFO ./didatic/clas.py:61 clas clas_0x5293 12.6664 s,  3825 i, 301.98 i/s, 3.31 ms/i, 905.0 bytes/s 37715
	{'unknown': 1314, 'not_prime': 2510, 'total_clas': 3824, 'partitions': {2: 3825}}
waiting 8
2019-06-17 17:52:07,301 INFO ./didatic/clas.py:61 clas clas_0x5290 15.5686 s,  3614 i, 232.13 i/s, 4.31 ms/i, 696.0 bytes/s 44360
	{'unknown': 1223, 'not_prime': 2390, 'total_clas': 3613, 'partitions': {1: 3614}}
2019-06-17 17:52:11,805 INFO ./didatic/detc.py:52 detc detc_0x5283 20.0011 s,  9972 i, 498.57 i/s, 2.01 ms/i, 1.5 kB/s 36613
	{'prime': 9730, 'not_prime': 242}
2019-06-17 17:52:11,816 INFO ./didatic/prod.py:28 prod prod_0x5281 20.0099 s, 52266 i, 2612.01 i/s, 0.38 ms/i, 7.6 kB/s
	{'partitions': {1: 6541, 4: 6464, 7: 6602, 2: 6508, 5: 6442, 0: 6536, 3: 6499, 6: 6646}}
waiting 8
2019-06-17 17:52:14,308 INFO ./didatic/clas.py:61 clas clas_0x528f 22.5778 s,  7643 i, 338.52 i/s, 2.95 ms/i, 1015.0 bytes/s 59045
	{'unknown': 930, 'not_prime': 1735, 'total_clas': 2665, 'partitions': {0: 6600, 1: 1043}}
2019-06-17 17:52:14,315 INFO ./didatic/fina.py:39 fina fina_0x5284 22.5932 s,    13 i,   0.58 i/s, 1737.94 ms/i, 20.0 bytes/s 59045
	{'prime': 15530, 'not_prime': 23268, 'unknown': 11594, 'total_clas': 34620, 'total': 38798}
2019-06-17 17:52:14,363 INFO ./didatic/clas.py:61 clas clas_0x52a1 22.5965 s,  6829 i, 302.22 i/s, 3.31 ms/i, 906.0 bytes/s 59506
	{'unknown': 911, 'not_prime': 1890, 'total_clas': 2801, 'partitions': {6: 6829}}
2019-06-17 17:52:14,352 INFO ./didatic/clas.py:61 clas clas_0x5296 22.6168 s,  6618 i, 292.61 i/s, 3.42 ms/i, 877.0 bytes/s 59405
	{'unknown': 891, 'not_prime': 1812, 'total_clas': 2703, 'partitions': {3: 6618}}
2019-06-17 17:52:14,350 INFO ./didatic/clas.py:61 clas clas_0x529c 22.6075 s,  6501 i, 287.56 i/s, 3.48 ms/i, 862.0 bytes/s 59407
	{'unknown': 886, 'not_prime': 1759, 'total_clas': 2645, 'partitions': {5: 6501}}
2019-06-17 17:52:14,388 INFO ./didatic/clas.py:61 clas clas_0x5297 22.6487 s,  6521 i, 287.92 i/s, 3.47 ms/i, 863.0 bytes/s 59505
	{'unknown': 902, 'not_prime': 1820, 'total_clas': 2722, 'partitions': {4: 6521}}
2019-06-17 17:52:14,406 INFO ./didatic/clas.py:61 clas clas_0x5293 22.6699 s,  6502 i, 286.81 i/s, 3.49 ms/i, 860.0 bytes/s 59390
	{'unknown': 924, 'not_prime': 1753, 'total_clas': 2677, 'partitions': {2: 6502}}
2019-06-17 17:52:14,410 INFO ./didatic/clas.py:61 clas clas_0x52a2 22.6410 s,  6673 i, 294.73 i/s, 3.39 ms/i, 884.0 bytes/s 59555
	{'unknown': 877, 'not_prime': 1850, 'total_clas': 2727, 'partitions': {7: 6673}}
waiting 8
2019-06-17 17:52:17,302 INFO ./didatic/clas.py:61 clas clas_0x5290 25.5702 s,  7240 i, 283.14 i/s, 3.53 ms/i, 917.0 bytes/s 72440
	{'unknown': 1203, 'not_prime': 2423, 'total_clas': 3626, 'partitions': {1: 7240}}
2019-06-17 17:52:21,805 INFO ./didatic/detc.py:52 detc detc_0x5283 30.0020 s, 16147 i, 538.20 i/s, 1.86 ms/i, 1.6 kB/s 55019
	{'prime': 14329, 'not_prime': 1818}
2019-06-17 17:52:21,816 INFO ./didatic/prod.py:28 prod prod_0x5281 30.0099 s, 93863 i, 3127.73 i/s, 0.32 ms/i, 11.0 kB/s
	{'partitions': {1: 11781, 4: 11602, 7: 11657, 2: 11579, 5: 11698, 0: 11563, 3: 11634, 6: 11869}}
waiting 8
2019-06-17 17:52:24,309 INFO ./didatic/clas.py:61 clas clas_0x528f 32.5779 s, 13527 i, 415.22 i/s, 2.41 ms/i, 1.5 kB/s 106541
	{'unknown': 1927, 'not_prime': 3957, 'total_clas': 5884, 'partitions': {0: 12484, 1: 1043}}
2019-06-17 17:52:24,351 INFO ./didatic/clas.py:61 clas clas_0x529c 32.6091 s, 12549 i, 384.83 i/s, 2.60 ms/i, 1.4 kB/s 106635
	{'unknown': 2037, 'not_prime': 4011, 'total_clas': 6048, 'partitions': {5: 12549}}
2019-06-17 17:52:24,362 INFO ./didatic/clas.py:61 clas clas_0x5296 32.6273 s, 12560 i, 384.95 i/s, 2.60 ms/i, 1.4 kB/s 106637
	{'unknown': 1995, 'not_prime': 3947, 'total_clas': 5942, 'partitions': {3: 12560}}
2019-06-17 17:52:24,366 INFO ./didatic/clas.py:61 clas clas_0x52a1 32.6053 s, 12792 i, 392.33 i/s, 2.55 ms/i, 1.5 kB/s 106604
	{'unknown': 1968, 'not_prime': 3995, 'total_clas': 5963, 'partitions': {6: 12792}}
2019-06-17 17:52:24,391 INFO ./didatic/clas.py:61 clas clas_0x5297 32.6539 s, 12330 i, 377.60 i/s, 2.65 ms/i, 1.4 kB/s 106700
	{'unknown': 1940, 'not_prime': 3869, 'total_clas': 5809, 'partitions': {4: 12330}}
2019-06-17 17:52:24,409 INFO ./didatic/fina.py:39 fina fina_0x5284 32.6871 s,    23 i,   0.70 i/s, 1421.18 ms/i, 25.0 bytes/s 106635
	{'prime': 29859, 'not_prime': 46361, 'unknown': 22152, 'total_clas': 66453, 'total': 76220}
2019-06-17 17:52:24,441 INFO ./didatic/clas.py:61 clas clas_0x52a2 32.6792 s, 12481 i, 381.93 i/s, 2.62 ms/i, 1.4 kB/s 106704
	{'unknown': 1920, 'not_prime': 3888, 'total_clas': 5808, 'partitions': {7: 12481}}
2019-06-17 17:52:24,450 INFO ./didatic/clas.py:61 clas clas_0x5293 32.7131 s, 12375 i, 378.29 i/s, 2.64 ms/i, 1.4 kB/s 106707
	{'unknown': 1950, 'not_prime': 3923, 'total_clas': 5873, 'partitions': {2: 12375}}
waiting 8
2019-06-17 17:52:27,303 INFO ./didatic/clas.py:61 clas clas_0x5290 35.5715 s, 13170 i, 370.24 i/s, 2.70 ms/i, 1.5 kB/s 119869
	{'unknown': 2012, 'not_prime': 3918, 'total_clas': 5930, 'partitions': {1: 13170}}
2019-06-17 17:52:31,816 INFO ./didatic/prod.py:28 prod prod_0x5281 40.0099 s, 143619 i, 3589.58 i/s, 0.28 ms/i, 14.3 kB/s
	{'partitions': {1: 18015, 4: 17806, 7: 17811, 2: 17841, 5: 17907, 0: 17950, 3: 17920, 6: 18209}}
2019-06-17 17:52:31,808 INFO ./didatic/detc.py:52 detc detc_0x5283 40.0033 s, 21920 i, 547.95 i/s, 1.82 ms/i, 1.7 kB/s 72389
	{'prime': 18267, 'not_prime': 3653}
waiting 8
2019-06-17 17:52:34,313 INFO ./didatic/clas.py:61 clas clas_0x528f 42.5819 s, 19770 i, 464.28 i/s, 2.15 ms/i, 1.9 kB/s 155532
	{'unknown': 2097, 'not_prime': 4146, 'total_clas': 6243, 'partitions': {0: 18727, 1: 1043}}
2019-06-17 17:52:34,351 INFO ./didatic/clas.py:61 clas clas_0x529c 42.6091 s, 18650 i, 437.70 i/s, 2.28 ms/i, 1.8 kB/s 155780
	{'unknown': 2095, 'not_prime': 4006, 'total_clas': 6101, 'partitions': {5: 18650}}
2019-06-17 17:52:34,369 INFO ./didatic/clas.py:61 clas clas_0x5296 42.6343 s, 18733 i, 439.39 i/s, 2.28 ms/i, 1.8 kB/s 155808
	{'unknown': 2071, 'not_prime': 4102, 'total_clas': 6173, 'partitions': {3: 18733}}
2019-06-17 17:52:34,382 INFO ./didatic/clas.py:61 clas clas_0x52a1 42.6208 s, 18977 i, 445.25 i/s, 2.25 ms/i, 1.8 kB/s 155814
	{'unknown': 2008, 'not_prime': 4177, 'total_clas': 6185, 'partitions': {6: 18977}}
2019-06-17 17:52:34,417 INFO ./didatic/fina.py:39 fina fina_0x5284 42.6949 s,    35 i,   0.82 i/s, 1219.85 ms/i, 30.0 bytes/s 156105
	{'prime': 48126, 'not_prime': 94120, 'unknown': 44252, 'total_clas': 132659, 'total': 142246}
2019-06-17 17:52:34,415 INFO ./didatic/clas.py:61 clas clas_0x5297 42.6761 s, 18509 i, 433.71 i/s, 2.31 ms/i, 1.8 kB/s 156105
	{'unknown': 2044, 'not_prime': 4135, 'total_clas': 6179, 'partitions': {4: 18509}}
2019-06-17 17:52:34,452 INFO ./didatic/clas.py:61 clas clas_0x5293 42.7155 s, 18569 i, 434.71 i/s, 2.30 ms/i, 1.8 kB/s 156377
	{'unknown': 2060, 'not_prime': 4134, 'total_clas': 6194, 'partitions': {2: 18569}}
2019-06-17 17:52:34,468 INFO ./didatic/clas.py:61 clas clas_0x52a2 42.6988 s, 18572 i, 434.95 i/s, 2.30 ms/i, 1.8 kB/s 156326
	{'unknown': 2023, 'not_prime': 4068, 'total_clas': 6091, 'partitions': {7: 18572}}
waiting 8
2019-06-17 17:52:37,307 INFO ./didatic/clas.py:61 clas clas_0x5290 45.5735 s, 19147 i, 420.13 i/s, 2.38 ms/i, 1.8 kB/s 168528
	{'unknown': 1950, 'not_prime': 4027, 'total_clas': 5977, 'partitions': {1: 19147}}
2019-06-17 17:52:41,809 INFO ./didatic/detc.py:52 detc detc_0x5283 50.0062 s, 27005 i, 540.03 i/s, 1.85 ms/i, 1.9 kB/s 87491
	{'prime': 21416, 'not_prime': 5589}
2019-06-17 17:52:41,819 INFO ./didatic/prod.py:28 prod prod_0x5281 50.0130 s, 189560 i, 3790.21 i/s, 0.26 ms/i, 15.9 kB/s
	{'partitions': {1: 23682, 4: 23629, 7: 23495, 2: 23552, 5: 23718, 0: 23767, 3: 23664, 6: 23983}}
waiting 8
2019-06-17 17:52:44,317 INFO ./didatic/clas.py:61 clas clas_0x528f 52.5873 s, 25241 i, 479.98 i/s, 2.08 ms/i, 2.0 kB/s 199018
	{'unknown': 1782, 'not_prime': 3689, 'total_clas': 5471, 'partitions': {0: 24198, 1: 1043}}
2019-06-17 17:52:44,383 INFO ./didatic/clas.py:61 clas clas_0x52a1 52.6224 s, 24396 i, 463.60 i/s, 2.16 ms/i, 2.0 kB/s 198787
	{'unknown': 1810, 'not_prime': 3609, 'total_clas': 5419, 'partitions': {6: 24396}}
2019-06-17 17:52:44,378 INFO ./didatic/clas.py:61 clas clas_0x5296 52.6432 s, 24102 i, 457.84 i/s, 2.18 ms/i, 2.0 kB/s 199118
	{'unknown': 1787, 'not_prime': 3582, 'total_clas': 5369, 'partitions': {3: 24102}}
2019-06-17 17:52:44,419 INFO ./didatic/clas.py:61 clas clas_0x5297 52.6817 s, 23998 i, 455.53 i/s, 2.20 ms/i, 2.0 kB/s 199285
	{'unknown': 1855, 'not_prime': 3634, 'total_clas': 5489, 'partitions': {4: 23998}}
2019-06-17 17:52:44,420 INFO ./didatic/clas.py:61 clas clas_0x529c 52.6778 s, 24114 i, 457.76 i/s, 2.18 ms/i, 2.0 kB/s 199032
	{'unknown': 1776, 'not_prime': 3688, 'total_clas': 5464, 'partitions': {5: 24114}}
2019-06-17 17:52:44,431 INFO ./didatic/fina.py:39 fina fina_0x5284 52.7095 s,    43 i,   0.82 i/s, 1225.80 ms/i, 30.0 bytes/s 199032
	{'prime': 69542, 'not_prime': 126506, 'unknown': 57440, 'total_clas': 172644, 'total': 196048}
2019-06-17 17:52:44,482 INFO ./didatic/clas.py:61 clas clas_0x5293 52.7460 s, 23892 i, 452.96 i/s, 2.21 ms/i, 1.9 kB/s 199627
	{'unknown': 1795, 'not_prime': 3528, 'total_clas': 5323, 'partitions': {2: 23892}}
2019-06-17 17:52:44,502 INFO ./didatic/clas.py:61 clas clas_0x52a2 52.7232 s, 23921 i, 453.71 i/s, 2.20 ms/i, 1.9 kB/s 199648
	{'unknown': 1806, 'not_prime': 3543, 'total_clas': 5349, 'partitions': {7: 23921}}
waiting 8
2019-06-17 17:52:47,314 INFO ./didatic/clas.py:61 clas clas_0x5290 55.5816 s, 24499 i, 440.78 i/s, 2.27 ms/i, 1.9 kB/s 211548
	{'unknown': 1802, 'not_prime': 3550, 'total_clas': 5352, 'partitions': {1: 24499}}
2019-06-17 17:52:51,811 INFO ./didatic/detc.py:52 detc detc_0x5283 60.0068 s, 31131 i, 518.79 i/s, 1.93 ms/i, 1.9 kB/s 99967
	{'prime': 23796, 'not_prime': 7335}
2019-06-17 17:52:51,820 INFO ./didatic/prod.py:28 prod prod_0x5281 60.0140 s, 232984 i, 3882.16 i/s, 0.26 ms/i, 16.8 kB/s
	{'partitions': {1: 29059, 4: 29031, 7: 28937, 2: 28925, 5: 29173, 0: 29180, 3: 29213, 6: 29465}}
waiting 8
2019-06-17 17:52:54,379 INFO ./didatic/clas.py:61 clas clas_0x528f 62.6491 s, 30984 i, 494.56 i/s, 2.02 ms/i, 2.2 kB/s 245442
	{'unknown': 1900, 'not_prime': 3843, 'total_clas': 5743, 'partitions': {0: 29941, 1: 1043}}
2019-06-17 17:52:54,384 INFO ./didatic/clas.py:61 clas clas_0x52a1 62.6227 s, 30298 i, 483.82 i/s, 2.07 ms/i, 2.1 kB/s 245531
	{'unknown': 1917, 'not_prime': 3985, 'total_clas': 5902, 'partitions': {6: 30298}}
2019-06-17 17:52:54,387 INFO ./didatic/clas.py:61 clas clas_0x5296 62.6498 s, 29962 i, 478.25 i/s, 2.09 ms/i, 2.1 kB/s 245460
	{'unknown': 2004, 'not_prime': 3856, 'total_clas': 5860, 'partitions': {3: 29962}}
2019-06-17 17:52:54,424 INFO ./didatic/clas.py:61 clas clas_0x529c 62.6808 s, 29954 i, 477.88 i/s, 2.09 ms/i, 2.1 kB/s 245510
	{'unknown': 1996, 'not_prime': 3844, 'total_clas': 5840, 'partitions': {5: 29954}}
2019-06-17 17:52:54,429 INFO ./didatic/clas.py:61 clas clas_0x5297 62.6857 s, 29773 i, 474.96 i/s, 2.11 ms/i, 2.1 kB/s 245782
	{'unknown': 1909, 'not_prime': 3866, 'total_clas': 5775, 'partitions': {4: 29773}}
2019-06-17 17:52:54,432 INFO ./didatic/fina.py:39 fina fina_0x5284 62.7098 s,    53 i,   0.85 i/s, 1183.20 ms/i, 31.0 bytes/s 245782
	{'prime': 93338, 'not_prime': 167490, 'unknown': 74424, 'total_clas': 223277, 'total': 260828}
2019-06-17 17:52:54,491 INFO ./didatic/clas.py:61 clas clas_0x52a2 62.7299 s, 29774 i, 474.64 i/s, 2.11 ms/i, 2.1 kB/s 246217
	{'unknown': 1925, 'not_prime': 3928, 'total_clas': 5853, 'partitions': {7: 29774}}
2019-06-17 17:52:54,497 INFO ./didatic/clas.py:61 clas clas_0x5293 62.7511 s, 29702 i, 473.33 i/s, 2.11 ms/i, 2.1 kB/s 246242
	{'unknown': 1989, 'not_prime': 3821, 'total_clas': 5810, 'partitions': {2: 29702}}
waiting 8
2019-06-17 17:52:57,317 INFO ./didatic/clas.py:61 clas clas_0x5290 65.5821 s, 30351 i, 462.79 i/s, 2.16 ms/i, 2.1 kB/s 259333
	{'unknown': 1944, 'not_prime': 3908, 'total_clas': 5852, 'partitions': {1: 30351}}
2019-06-17 17:53:01,814 INFO ./didatic/detc.py:52 detc detc_0x5283 70.0091 s, 35618 i, 508.76 i/s, 1.97 ms/i, 1.9 kB/s 113357
	{'prime': 26350, 'not_prime': 9268}
2019-06-17 17:53:01,820 INFO ./didatic/prod.py:28 prod prod_0x5281 70.0141 s, 282314 i, 4032.25 i/s, 0.25 ms/i, 17.9 kB/s
	{'partitions': {1: 35153, 4: 35222, 7: 35129, 2: 35139, 5: 35353, 0: 35325, 3: 35288, 6: 35622}}
waiting 8
2019-06-17 17:53:04,384 INFO ./didatic/clas.py:61 clas clas_0x52a1 72.6229 s, 36452 i, 501.94 i/s, 1.99 ms/i, 2.2 kB/s 295327
	{'unknown': 2004, 'not_prime': 4150, 'total_clas': 6154, 'partitions': {6: 36452}}
2019-06-17 17:53:04,380 INFO ./didatic/clas.py:61 clas clas_0x528f 72.6504 s, 37189 i, 511.89 i/s, 1.95 ms/i, 2.3 kB/s 295223
	{'unknown': 2042, 'not_prime': 4163, 'total_clas': 6205, 'partitions': {0: 36146, 1: 1043}}
2019-06-17 17:53:04,389 INFO ./didatic/clas.py:61 clas clas_0x5296 72.6538 s, 36191 i, 498.13 i/s, 2.01 ms/i, 2.2 kB/s 295406
	{'unknown': 2074, 'not_prime': 4155, 'total_clas': 6229, 'partitions': {3: 36191}}
2019-06-17 17:53:04,432 INFO ./didatic/clas.py:61 clas clas_0x5297 72.6944 s, 36000 i, 495.22 i/s, 2.02 ms/i, 2.2 kB/s 295497
	{'unknown': 2068, 'not_prime': 4159, 'total_clas': 6227, 'partitions': {4: 36000}}
2019-06-17 17:53:04,448 INFO ./didatic/clas.py:61 clas clas_0x529c 72.7054 s, 36197 i, 497.86 i/s, 2.01 ms/i, 2.2 kB/s 295493
	{'unknown': 2059, 'not_prime': 4184, 'total_clas': 6243, 'partitions': {5: 36197}}
2019-06-17 17:53:04,490 INFO ./didatic/fina.py:39 fina fina_0x5284 72.7684 s,    58 i,   0.80 i/s, 1254.63 ms/i, 29.0 bytes/s 295327
	{'prime': 119688, 'not_prime': 192565, 'unknown': 82286, 'total_clas': 246946, 'total': 312253}
2019-06-17 17:53:04,510 INFO ./didatic/clas.py:61 clas clas_0x52a2 72.7439 s, 35960 i, 494.34 i/s, 2.02 ms/i, 2.2 kB/s 295591
	{'unknown': 2098, 'not_prime': 4088, 'total_clas': 6186, 'partitions': {7: 35960}}
2019-06-17 17:53:04,514 INFO ./didatic/clas.py:61 clas clas_0x5293 72.7773 s, 35959 i, 494.10 i/s, 2.02 ms/i, 2.2 kB/s 295588
	{'unknown': 2109, 'not_prime': 4148, 'total_clas': 6257, 'partitions': {2: 35959}}
waiting 8
2019-06-17 17:53:07,345 INFO ./didatic/clas.py:61 clas clas_0x5290 75.6133 s, 36712 i, 485.52 i/s, 2.06 ms/i, 2.2 kB/s 309754
	{'unknown': 2184, 'not_prime': 4177, 'total_clas': 6361, 'partitions': {1: 36712}}
2019-06-17 17:53:11,816 INFO ./didatic/detc.py:52 detc detc_0x5283 80.0127 s, 39817 i, 497.63 i/s, 2.01 ms/i, 1.9 kB/s 126019
	{'prime': 28611, 'not_prime': 11206}
2019-06-17 17:53:11,820 INFO ./didatic/prod.py:28 prod prod_0x5281 80.0142 s, 331835 i, 4147.20 i/s, 0.24 ms/i, 18.6 kB/s
	{'partitions': {1: 41359, 4: 41312, 7: 41442, 2: 41332, 5: 41550, 0: 41544, 3: 41507, 6: 41701}}
waiting 8
2019-06-17 17:53:14,383 INFO ./didatic/clas.py:61 clas clas_0x528f 82.6528 s, 43387 i, 524.93 i/s, 1.91 ms/i, 2.4 kB/s 344603
	{'unknown': 2095, 'not_prime': 4103, 'total_clas': 6198, 'partitions': {0: 42344, 1: 1043}}
2019-06-17 17:53:14,386 INFO ./didatic/clas.py:61 clas clas_0x52a1 82.6249 s, 42538 i, 514.83 i/s, 1.94 ms/i, 2.3 kB/s 344694
	{'unknown': 2040, 'not_prime': 4046, 'total_clas': 6086, 'partitions': {6: 42538}}
2019-06-17 17:53:14,409 INFO ./didatic/clas.py:61 clas clas_0x5296 82.6736 s, 42410 i, 512.98 i/s, 1.95 ms/i, 2.3 kB/s 344764
	{'unknown': 2094, 'not_prime': 4125, 'total_clas': 6219, 'partitions': {3: 42410}}
2019-06-17 17:53:14,467 INFO ./didatic/clas.py:61 clas clas_0x529c 82.7250 s, 42382 i, 512.32 i/s, 1.95 ms/i, 2.3 kB/s 344885
	{'unknown': 2044, 'not_prime': 4141, 'total_clas': 6185, 'partitions': {5: 42382}}
2019-06-17 17:53:14,468 INFO ./didatic/clas.py:61 clas clas_0x5297 82.7304 s, 42134 i, 509.29 i/s, 1.96 ms/i, 2.3 kB/s 344887
	{'unknown': 2008, 'not_prime': 4126, 'total_clas': 6134, 'partitions': {4: 42134}}
2019-06-17 17:53:14,508 INFO ./didatic/clas.py:61 clas clas_0x52a2 82.7473 s, 42280 i, 510.95 i/s, 1.96 ms/i, 2.3 kB/s 345295
	{'unknown': 2100, 'not_prime': 4220, 'total_clas': 6320, 'partitions': {7: 42280}}
2019-06-17 17:53:14,512 INFO ./didatic/fina.py:39 fina fina_0x5284 82.7897 s,    72 i,   0.87 i/s, 1149.86 ms/i, 32.0 bytes/s 345295
	{'prime': 148299, 'not_prime': 257606, 'unknown': 109301, 'total_clas': 327796, 'total': 405905}
2019-06-17 17:53:14,525 INFO ./didatic/clas.py:61 clas clas_0x5293 82.7875 s, 42162 i, 509.28 i/s, 1.96 ms/i, 2.3 kB/s 345193
	{'unknown': 2013, 'not_prime': 4190, 'total_clas': 6203, 'partitions': {2: 42162}}
waiting 8
2019-06-17 17:53:17,364 INFO ./didatic/clas.py:61 clas clas_0x5290 85.6287 s, 43035 i, 502.58 i/s, 1.99 ms/i, 2.3 kB/s 360398
	{'unknown': 2132, 'not_prime': 4191, 'total_clas': 6323, 'partitions': {1: 43035}}
2019-06-17 17:53:21,819 INFO ./didatic/detc.py:52 detc detc_0x5283 90.0142 s, 44300 i, 492.14 i/s, 2.03 ms/i, 2.0 kB/s 139033
	{'prime': 30923, 'not_prime': 13377}
2019-06-17 17:53:21,821 INFO ./didatic/prod.py:28 prod prod_0x5281 90.0145 s, 385099 i, 4278.19 i/s, 0.23 ms/i, 19.5 kB/s
	{'partitions': {1: 47975, 4: 47979, 7: 48018, 2: 48058, 5: 48230, 0: 48187, 3: 48283, 6: 48368}}
waiting 8
2019-06-17 17:53:24,388 INFO ./didatic/clas.py:61 clas clas_0x528f 92.6555 s, 50134 i, 541.08 i/s, 1.85 ms/i, 2.5 kB/s 398731
	{'unknown': 2243, 'not_prime': 4504, 'total_clas': 6747, 'partitions': {0: 49091, 1: 1043}}
2019-06-17 17:53:24,391 INFO ./didatic/clas.py:61 clas clas_0x52a1 92.6288 s, 49315 i, 532.39 i/s, 1.88 ms/i, 2.4 kB/s 398843
	{'unknown': 2239, 'not_prime': 4538, 'total_clas': 6777, 'partitions': {6: 49315}}
2019-06-17 17:53:24,417 INFO ./didatic/clas.py:61 clas clas_0x5296 92.6783 s, 49259 i, 531.51 i/s, 1.88 ms/i, 2.4 kB/s 398842
	{'unknown': 2240, 'not_prime': 4609, 'total_clas': 6849, 'partitions': {3: 49259}}
2019-06-17 17:53:24,470 INFO ./didatic/clas.py:61 clas clas_0x5297 92.7325 s, 48905 i, 527.38 i/s, 1.90 ms/i, 2.4 kB/s 399132
	{'unknown': 2241, 'not_prime': 4530, 'total_clas': 6771, 'partitions': {4: 48905}}
2019-06-17 17:53:24,546 INFO ./didatic/clas.py:61 clas clas_0x52a2 92.7840 s, 48896 i, 526.99 i/s, 1.90 ms/i, 2.4 kB/s 399265
	{'unknown': 2200, 'not_prime': 4416, 'total_clas': 6616, 'partitions': {7: 48896}}
2019-06-17 17:53:24,550 INFO ./didatic/fina.py:39 fina fina_0x5284 92.8280 s,    80 i,   0.86 i/s, 1160.35 ms/i, 31.0 bytes/s 399256
	{'prime': 179222, 'not_prime': 301989, 'unknown': 124735, 'total_clas': 374236, 'total': 481211}
2019-06-17 17:53:24,553 INFO ./didatic/clas.py:61 clas clas_0x5293 92.8084 s, 48932 i, 527.24 i/s, 1.90 ms/i, 2.4 kB/s 399256
	{'unknown': 2326, 'not_prime': 4444, 'total_clas': 6770, 'partitions': {2: 48932}}
waiting 8
2019-06-17 17:53:27,363 INFO ./didatic/clas.py:61 clas clas_0x5290 95.6288 s, 49985 i, 522.70 i/s, 1.91 ms/i, 2.4 kB/s 416246
	{'unknown': 2279, 'not_prime': 4671, 'total_clas': 6950, 'partitions': {1: 49985}}
2019-06-17 17:53:31,818 INFO ./didatic/detc.py:52 detc detc_0x5283 100.0152 s, 48748 i, 487.41 i/s, 2.05 ms/i, 2.0 kB/s 152863
	{'prime': 33182, 'not_prime': 15566}
2019-06-17 17:53:31,822 INFO ./didatic/prod.py:28 prod prod_0x5281 100.0157 s, 444108 i, 4440.38 i/s, 0.23 ms/i, 20.4 kB/s
	{'partitions': {1: 55308, 4: 55323, 7: 55188, 2: 55444, 5: 55621, 0: 55596, 3: 55723, 6: 55665}}
waiting 8
2019-06-17 17:53:34,387 INFO ./didatic/clas.py:61 clas clas_0x528f 102.6571 s, 56530 i, 550.67 i/s, 1.82 ms/i, 2.5 kB/s 448345
	{'unknown': 2132, 'not_prime': 4264, 'total_clas': 6396, 'partitions': {0: 55378, 1: 1152}}
2019-06-17 17:53:34,392 INFO ./didatic/clas.py:61 clas clas_0x52a1 102.6309 s, 56919 i, 554.60 i/s, 1.80 ms/i, 2.6 kB/s 459755
	{'unknown': 2551, 'not_prime': 5053, 'total_clas': 7604, 'partitions': {6: 56919}}
2019-06-17 17:53:34,414 INFO ./didatic/clas.py:61 clas clas_0x5296 102.6785 s, 55758 i, 543.03 i/s, 1.84 ms/i, 2.5 kB/s 458878
	{'unknown': 2216, 'not_prime': 4283, 'total_clas': 6499, 'partitions': {3: 55434, 4: 324}}
2019-06-17 17:53:34,517 INFO ./didatic/clas.py:61 clas clas_0x5297 102.7655 s, 56047 i, 545.39 i/s, 1.83 ms/i, 2.5 kB/s 388164
	{'unknown': 2402, 'not_prime': 4740, 'total_clas': 7142, 'partitions': {4: 56007, 5: 40}}
2019-06-17 17:53:34,545 INFO ./didatic/clas.py:61 clas clas_0x52a2 102.7841 s, 55134 i, 536.41 i/s, 1.86 ms/i, 2.5 kB/s 450057
	{'unknown': 2040, 'not_prime': 4198, 'total_clas': 6238, 'partitions': {7: 55134}}
2019-06-17 17:53:34,549 INFO ./didatic/clas.py:61 clas clas_0x5293 102.8106 s, 55950 i, 544.20 i/s, 1.84 ms/i, 2.5 kB/s 451651
	{'unknown': 2324, 'not_prime': 4694, 'total_clas': 7018, 'partitions': {2: 55448, 3: 502}}
waiting 8
2019-06-17 17:53:37,366 INFO ./didatic/clas.py:61 clas clas_0x5290 105.6303 s, 58023 i, 549.30 i/s, 1.82 ms/i, 2.6 kB/s 474662
	{'unknown': 2649, 'not_prime': 5389, 'total_clas': 8038, 'partitions': {1: 55209, 2: 2814}}
2019-06-17 17:53:41,826 INFO ./didatic/detc.py:52 detc detc_0x5283 110.0184 s, 52243 i, 474.86 i/s, 2.11 ms/i, 2.0 kB/s 163403
	{'prime': 34910, 'not_prime': 17333}
2019-06-17 17:53:41,822 INFO ./didatic/prod.py:28 prod prod_0x5281 110.0159 s, 495055 i, 4499.85 i/s, 0.22 ms/i, 20.8 kB/s
	{'partitions': {1: 61673, 4: 61635, 7: 61594, 2: 61619, 5: 62022, 0: 62126, 3: 62174, 6: 62023}}
2019-06-17 17:53:43,202 INFO /home/puhl/project/minas-py/didatic/base.py:52 wrap prod_0x5281 DONE 111.3963 s, 500000 i, 4488.48 i/s, 0.22 ms/i, 20.8 kB/s
	{'partitions': {1: 62337, 4: 62253, 7: 62225, 2: 62255, 5: 62674, 0: 62779, 3: 62826, 6: 62605}}
waiting 8
2019-06-17 17:53:44,503 INFO ./didatic/clas.py:61 clas clas_0x5297 112.7659 s, 69986 i, 620.63 i/s, 1.61 ms/i, 2.9 kB/s 498793
	{'unknown': 4642, 'not_prime': 9297, 'total_clas': 13939, 'partitions': {4: 56007, 5: 13979}}
2019-06-17 17:53:51,823 INFO ./didatic/detc.py:52 detc detc_0x5283 120.0195 s, 59213 i, 493.36 i/s, 2.03 ms/i, 2.1 kB/s 184241
	{'prime': 38332, 'not_prime': 20881}
2019-06-17 17:54:01,823 INFO ./didatic/detc.py:52 detc detc_0x5283 130.0197 s, 66736 i, 513.28 i/s, 1.95 ms/i, 2.2 kB/s 206137
	{'prime': 41900, 'not_prime': 24836}
2019-06-17 17:54:11,824 INFO ./didatic/detc.py:52 detc detc_0x5283 140.0207 s, 73475 i, 524.74 i/s, 1.91 ms/i, 2.3 kB/s 227257
	{'prime': 44998, 'not_prime': 28477}
2019-06-17 17:54:21,825 INFO ./didatic/detc.py:52 detc detc_0x5283 150.0222 s, 79549 i, 530.25 i/s, 1.89 ms/i, 2.3 kB/s 245207
	{'prime': 47767, 'not_prime': 31782}
waiting 8
waiting 8
waiting 8
waiting 8
waiting 8
waiting 8
waiting 8
waiting 8
2019-06-17 17:54:22,909 INFO /home/puhl/project/minas-py/didatic/base.py:52 wrap clas_0x529c DONE 151.1675 s, 48021 i, 317.67 i/s, 3.15 ms/i, 1.5 kB/s
	{'unknown': 1917, 'not_prime': 3722, 'total_clas': 5639, 'partitions': {5: 48021}}
2019-06-17 17:51:51,735 INFO /home/puhl/project/minas-py/didatic/base.py:39 wrap init clas
2019-06-17 17:54:24,600 INFO /home/puhl/project/minas-py/didatic/base.py:52 wrap fina_0x5284 DONE 152.8780 s,    80 i,   0.52 i/s, 1910.98 ms/i, 19.0 bytes/s
	{'prime': 179222, 'not_prime': 301989, 'unknown': 124735, 'total_clas': 374236, 'total': 481211}
21121
21122
21123
21122
2019-06-17 17:54:31,826 INFO ./didatic/detc.py:52 detc detc_0x5283 160.0226 s, 86037 i, 537.66 i/s, 1.86 ms/i, 2.4 kB/s 264631
	{'prime': 50665, 'not_prime': 35372}
2019-06-17 17:54:41,828 INFO ./didatic/detc.py:52 detc detc_0x5283 170.0249 s, 92333 i, 543.06 i/s, 1.84 ms/i, 2.4 kB/s 283639
	{'prime': 53421, 'not_prime': 38912}
end 0 classifier-5 0x529c 8
waiting 7
waiting 7
waiting 7
waiting 7
2019-06-17 17:54:43,204 INFO /home/puhl/project/minas-py/didatic/base.py:52 wrap clas_0x5293 DONE 171.4678 s, 62060 i, 361.93 i/s, 2.76 ms/i, 1.7 kB/s
	{'unknown': 2043, 'not_prime': 4067, 'total_clas': 6110, 'partitions': {2: 55448, 3: 6612}}
2019-06-17 17:54:43,297 INFO /home/puhl/project/minas-py/didatic/base.py:52 wrap clas_0x52a2 DONE 171.5368 s, 61405 i, 357.97 i/s, 2.79 ms/i, 1.7 kB/s
	{'unknown': 2158, 'not_prime': 4113, 'total_clas': 6271, 'partitions': {7: 61405}}
2019-06-17 17:54:43,321 INFO /home/puhl/project/minas-py/didatic/base.py:52 wrap clas_0x52a1 DONE 171.5599 s, 61857 i, 360.56 i/s, 2.77 ms/i, 1.7 kB/s
	{'unknown': 1590, 'not_prime': 3348, 'total_clas': 4938, 'partitions': {6: 61857}}
2019-06-17 17:54:43,336 INFO /home/puhl/project/minas-py/didatic/base.py:52 wrap clas_0x5290 DONE 171.6047 s, 61129 i, 356.22 i/s, 2.81 ms/i, 1.7 kB/s
	{'unknown': 992, 'not_prime': 2114, 'total_clas': 3106, 'partitions': {1: 55209, 2: 5920}}
2019-06-17 17:54:43,361 INFO /home/puhl/project/minas-py/didatic/base.py:52 wrap clas_0x5296 DONE 171.6259 s, 60821 i, 354.38 i/s, 2.82 ms/i, 1.6 kB/s
	{'unknown': 1666, 'not_prime': 3397, 'total_clas': 5063, 'partitions': {3: 55434, 4: 5387}}
2019-06-17 17:54:43,638 INFO /home/puhl/project/minas-py/didatic/base.py:52 wrap clas_0x528f DONE 171.9079 s, 68251 i, 397.02 i/s, 2.52 ms/i, 1.8 kB/s
	{'unknown': 3979, 'not_prime': 7742, 'total_clas': 11721, 'partitions': {0: 61999, 1: 6252}}
2019-06-17 17:54:44,678 INFO /home/puhl/project/minas-py/didatic/base.py:52 wrap clas_0x5297 DONE 172.9409 s, 70120 i, 405.46 i/s, 2.47 ms/i, 1.9 kB/s
	{'unknown': 47, 'not_prime': 87, 'total_clas': 134, 'partitions': {4: 56007, 5: 14113}}
2019-06-17 17:54:51,831 INFO ./didatic/detc.py:52 detc detc_0x5283 180.0279 s, 98188 i, 545.40 i/s, 1.83 ms/i, 2.4 kB/s 300851
	{'prime': 55906, 'not_prime': 42282}
end 0 classifier-0 0x528f 7
end 0 classifier-2 0x5293 6
end 0 classifier-4 0x5297 5
end 0 classifier-7 0x52a2 4
waiting 3
end 0 classifier-1 0x5290 3
end 0 classifier-6 0x52a1 2
waiting 1
join end 0 classifier-3 0x5296 1
__main__ DONE
21123
2019-06-17 17:55:01,834 INFO ./didatic/detc.py:52 detc detc_0x5283 190.0307 s, 104114 i, 547.88 i/s, 1.83 ms/i, 2.5 kB/s 318827
	{'prime': 58407, 'not_prime': 45707}
2019-06-17 17:55:11,834 INFO ./didatic/detc.py:52 detc detc_0x5283 200.0308 s, 109826 i, 549.05 i/s, 1.82 ms/i, 2.5 kB/s 336037
	{'prime': 60791, 'not_prime': 49035}
2019-06-17 17:55:21,834 INFO ./didatic/detc.py:52 detc detc_0x5283 210.0314 s, 115283 i, 548.88 i/s, 1.82 ms/i, 2.5 kB/s 352369
	{'prime': 63046, 'not_prime': 52237}
2019-06-17 17:55:31,837 INFO ./didatic/detc.py:52 detc detc_0x5283 220.0337 s, 120804 i, 549.03 i/s, 1.82 ms/i, 2.5 kB/s 368969
	{'prime': 65308, 'not_prime': 55496}
2019-06-17 17:55:41,838 INFO ./didatic/detc.py:52 detc detc_0x5283 230.0349 s, 126181 i, 548.53 i/s, 1.82 ms/i, 2.5 kB/s 384809
	{'prime': 67479, 'not_prime': 58702}
2019-06-17 17:55:51,839 INFO ./didatic/detc.py:52 detc detc_0x5283 240.0359 s, 131386 i, 547.36 i/s, 1.83 ms/i, 2.5 kB/s 401993
	{'prime': 69603, 'not_prime': 61783}
2019-06-17 17:56:02,101 INFO ./didatic/detc.py:52 detc detc_0x5283 250.2977 s, 136430 i, 545.07 i/s, 1.83 ms/i, 2.5 kB/s 419623
	{'prime': 71630, 'not_prime': 64800}
2019-06-17 17:56:12,104 INFO ./didatic/detc.py:52 detc detc_0x5283 260.3006 s, 141470 i, 543.49 i/s, 1.84 ms/i, 2.5 kB/s 436847
	{'prime': 73613, 'not_prime': 67857}
2019-06-17 17:56:22,104 INFO ./didatic/detc.py:52 detc detc_0x5283 270.3008 s, 146355 i, 541.45 i/s, 1.85 ms/i, 2.5 kB/s 459053
	{'prime': 75546, 'not_prime': 70809}
2019-06-17 17:56:32,107 INFO ./didatic/detc.py:52 detc detc_0x5283 280.3044 s, 151355 i, 539.97 i/s, 1.85 ms/i, 2.5 kB/s 468859
	{'prime': 77399, 'not_prime': 73956}
2019-06-17 17:56:42,108 INFO ./didatic/detc.py:52 detc detc_0x5283 290.3050 s, 156134 i, 537.83 i/s, 1.86 ms/i, 2.5 kB/s 480977
	{'prime': 79246, 'not_prime': 76888}
2019-06-17 17:56:52,109 INFO ./didatic/detc.py:52 detc detc_0x5283 300.3054 s, 160797 i, 535.45 i/s, 1.87 ms/i, 2.5 kB/s 492959
	{'prime': 81023, 'not_prime': 79774}
2019-06-17 17:58:00,218 INFO ./didatic/detc.py:54 detc detc_0x5283 368.4154 s, 164562 i, 446.68 i/s, 2.24 ms/i, 2.1 kB/s
	{'prime': 82461, 'not_prime': 82101}
2019-06-17 17:58:00,226 INFO /home/puhl/project/minas-py/didatic/base.py:52 wrap detc_0x5283 DONE 368.4233 s, 164562 i, 446.67 i/s, 2.24 ms/i, 2.1 kB/s
	{'prime': 82461, 'not_prime': 82101, 'partitions': {0: 164562}}


./didatic-init.sh 8 >> didatic/run/bkp/primes_x8_1.log  743.00s user 22.22s system 207% cpu 6:08.72 total
