2019-05-02 18:44:21,866 INFO ./minas.py:202 clustering clustering 79, Example(Class #0, ) # ${'len': 3, 'timestamp': 1556833461.4742785, 'tries': 0}
2019-05-02 18:44:21,938 INFO ./minas.py:202 clustering clustering 84, Example(Class #1, ) # ${'len': 3, 'timestamp': 1556833461.4832146, 'tries': 0}
2019-05-02 18:44:22,015 INFO ./minas.py:308 offline [offline end]
2019-05-02 18:44:22,016 INFO C:\dev\minas-py\self_test.py:41 runMinas <Model Status clusters: 16, sleepers: 0, known: 0, unkown: 0 (0), total: 0># <Model Status clusters: 16, sleepers: 0, known: 0, unkown: 0 (0), total: 0>
Minas({'k': 100, 'radiusFactor': 1.1, 'noveltyThr': 100, 'windowTimeSize': 100, 'ndProcedureThr': 163, 'representationThr': 3, 'globalCount': 0, 'lastExapleTMS': -inf, 'lastCleaningCycle': -inf, 'counter': 0, 'noveltyIndex': 0, 'clusters': 16, 'sleepers': 0, 'unknownBuffer': 0, 'diff': 0, 'known': 0}
	Cluster(label=Class #0,	n=6,	sum=21.82,	max=7.78,	center=[1.68, -2.16, -0.31])
	Cluster(label=Class #0,	n=8,	sum=20.40,	max=3.62,	center=[0.53, 1.32, 4.32])
	Cluster(label=Class #0,	n=11,	sum=26.03,	max=4.38,	center=[7.56, 3.24, 6.04])
	Cluster(label=Class #0,	n=13,	sum=35.70,	max=5.40,	center=[1.51, 5.70, -0.48])
	Cluster(label=Class #0,	n=14,	sum=35.42,	max=7.14,	center=[3.38, 1.37, 7.75])
	Cluster(label=Class #0,	n=16,	sum=41.19,	max=4.89,	center=[2.76, 6.53, 6.29])
	Cluster(label=Class #0,	n=8,	sum=24.87,	max=5.57,	center=[7.83, 1.87, 0.71])
	Cluster(label=Class #1,	n=16,	sum=20.69,	max=2.16,	center=[4.26, 5.03, 6.50])
	Cluster(label=Class #1,	n=13,	sum=20.26,	max=3.30,	center=[6.71, 4.69, 4.12])
	Cluster(label=Class #1,	n=10,	sum=19.15,	max=3.17,	center=[6.98, 7.72, 3.22])
	Cluster(label=Class #1,	n=9,	sum=12.97,	max=2.88,	center=[4.80, 2.53, 5.63])
	Cluster(label=Class #1,	n=7,	sum=9.90,	max=2.19,	center=[5.76, 7.01, 8.42])
	Cluster(label=Class #1,	n=6,	sum=6.43,	max=1.98,	center=[7.16, 4.10, 7.33])
	Cluster(label=Class #1,	n=5,	sum=8.81,	max=3.01,	center=[1.25, 5.75, 4.47])
	Cluster(label=Class #1,	n=6,	sum=11.49,	max=3.24,	center=[5.18, 3.18, 2.22])
	Cluster(label=Class #1,	n=12,	sum=18.13,	max=2.42,	center=[4.23, 6.67, 4.03])
)
2019-05-02 18:44:23,370 INFO C:\dev\minas-py\self_test.py:155 testRun aggregatin resutls
2019-05-02 18:44:24,344 INFO C:\dev\minas-py\self_test.py:191 testRun 

	=== Final Results ===
# <Model Status clusters: 16, sleepers: 0, known: 1352, unkown: 118 (118), total: 1470>
Minas({'k': 100, 'radiusFactor': 1.1, 'noveltyThr': 100, 'windowTimeSize': 100, 'ndProcedureThr': 163, 'representationThr': 3, 'globalCount': 1470, 'lastExapleTMS': 1556833463.3703425, 'lastCleaningCycle': -inf, 'counter': 1352, 'noveltyIndex': 0, 'clusters': 16, 'sleepers': 0, 'unknownBuffer': 118, 'diff': 118, 'known': 1352}
	Cluster(label=Class #0,	n=44,	sum=160.07,	max=7.79,	center=[1.68, -2.16, -0.31])
	Cluster(label=Class #0,	n=72,	sum=177.19,	max=3.99,	center=[0.53, 1.32, 4.32])
	Cluster(label=Class #0,	n=72,	sum=151.05,	max=4.52,	center=[7.56, 3.24, 6.04])
	Cluster(label=Class #0,	n=110,	sum=326.31,	max=5.93,	center=[1.51, 5.70, -0.48])
	Cluster(label=Class #0,	n=95,	sum=253.92,	max=7.51,	center=[3.38, 1.37, 7.75])
	Cluster(label=Class #0,	n=116,	sum=244.82,	max=5.37,	center=[2.76, 6.53, 6.29])
	Cluster(label=Class #0,	n=52,	sum=156.67,	max=5.66,	center=[7.83, 1.87, 0.71])
	Cluster(label=Class #1,	n=122,	sum=177.96,	max=2.71,	center=[4.26, 5.03, 6.50])
	Cluster(label=Class #1,	n=123,	sum=197.76,	max=3.30,	center=[6.71, 4.69, 4.12])
	Cluster(label=Class #1,	n=115,	sum=257.05,	max=4.64,	center=[6.98, 7.72, 3.22])
	Cluster(label=Class #1,	n=108,	sum=171.83,	max=2.97,	center=[4.80, 2.53, 5.63])
	Cluster(label=Class #1,	n=80,	sum=147.49,	max=2.97,	center=[5.76, 7.01, 8.42])
	Cluster(label=Class #1,	n=53,	sum=77.08,	max=2.17,	center=[7.16, 4.10, 7.33])
	Cluster(label=Class #1,	n=95,	sum=195.11,	max=3.59,	center=[1.25, 5.75, 4.47])
	Cluster(label=Class #1,	n=111,	sum=236.69,	max=3.69,	center=[5.18, 3.18, 2.22])
	Cluster(label=Class #1,	n=144,	sum=245.05,	max=3.15,	center=[4.23, 6.67, 4.03])
)
[seed 204] positive: 1064(65.16%), negative: 487(29.82%), unknown: 82(5.02%)

