2019-05-02 18:44:28,433 INFO ./minas.py:202 clustering clustering 36, Example(Class #0, ) # ${'len': 23, 'timestamp': 1556833467.7927809, 'tries': 0}
2019-05-02 18:44:28,461 INFO ./minas.py:202 clustering clustering 98, Example(Class #1, ) # ${'len': 23, 'timestamp': 1556833467.882719, 'tries': 0}
2019-05-02 18:44:28,548 INFO ./minas.py:202 clustering clustering 66, Example(Class #2, ) # ${'len': 23, 'timestamp': 1556833467.9557226, 'tries': 0}
2019-05-02 18:44:28,605 INFO ./minas.py:202 clustering clustering 42, Example(Class #3, ) # ${'len': 23, 'timestamp': 1556833468.0347173, 'tries': 0}
2019-05-02 18:44:28,639 INFO ./minas.py:308 offline [offline end]
2019-05-02 18:44:28,641 INFO C:\dev\minas-py\self_test.py:41 runMinas <Model Status clusters: 22, sleepers: 0, known: 0, unkown: 0 (0), total: 0># <Model Status clusters: 22, sleepers: 0, known: 0, unkown: 0 (0), total: 0>
Minas({'k': 100, 'radiusFactor': 1.1, 'noveltyThr': 100, 'windowTimeSize': 100, 'ndProcedureThr': 242, 'representationThr': 3, 'globalCount': 0, 'lastExapleTMS': -inf, 'lastCleaningCycle': -inf, 'counter': 0, 'noveltyIndex': 0, 'clusters': 22, 'sleepers': 0, 'unknownBuffer': 0, 'diff': 0, 'known': 0}
	Cluster(label=Class #0,	n=12,	sum=11.86,	max=1.20,	center=[4.79, 4.83, 4.75, 4.90, 4.86, 4.79, 4.79, 4.58, 4.73, 4.80, 4.82, 4.65, 4.86, 4.80, 4.86, 4.81, 4.90, 4.70, 4.91, 5.05, 4.77, 4.82, 4.78])
	Cluster(label=Class #0,	n=6,	sum=5.83,	max=1.09,	center=[4.75, 5.01, 4.92, 4.63, 4.93, 4.85, 4.92, 5.07, 4.62, 4.85, 4.81, 4.68, 4.74, 4.91, 5.00, 4.79, 4.97, 4.93, 4.52, 5.03, 5.00, 4.91, 5.03])
	Cluster(label=Class #0,	n=15,	sum=14.00,	max=1.24,	center=[4.87, 4.93, 4.94, 4.89, 4.83, 4.86, 4.82, 4.83, 4.94, 4.82, 4.89, 4.91, 4.84, 4.81, 4.80, 4.89, 4.82, 4.86, 4.89, 4.76, 4.90, 4.86, 4.89])
	Cluster(label=Class #1,	n=4,	sum=24.53,	max=7.08,	center=[3.79, 3.74, 4.48, 3.89, 2.67, 7.00, 1.71, 6.79, 5.28, 3.56, 3.13, 5.76, 2.52, 3.94, 2.83, 4.85, 5.08, 5.06, 4.28, 3.41, 6.77, 5.15, 5.89])
	Cluster(label=Class #1,	n=19,	sum=145.03,	max=10.08,	center=[4.09, 3.19, 4.79, 4.61, 4.46, 3.57, 3.01, 5.08, 3.56, 3.08, 4.44, 4.22, 5.72, 4.31, 3.91, 3.35, 3.36, 3.83, 3.34, 3.45, 4.42, 4.17, 4.26])
	Cluster(label=Class #1,	n=6,	sum=41.44,	max=8.49,	center=[2.39, 2.78, 3.25, 3.74, 4.47, 4.47, 4.56, 2.73, 2.68, 4.04, 2.96, 3.92, 4.79, 1.77, 4.86, 3.94, 3.37, 2.80, 5.91, 1.68, 2.74, 4.61, 2.82])
	Cluster(label=Class #1,	n=8,	sum=65.47,	max=10.73,	center=[4.35, 2.52, 3.84, 6.56, 3.67, 3.49, 3.46, 2.87, 5.33, 4.74, 3.95, 1.99, 4.36, 3.97, 4.38, 3.85, 6.01, 5.39, 4.66, 4.35, 4.59, 4.20, 2.95])
	Cluster(label=Class #1,	n=13,	sum=97.40,	max=9.33,	center=[2.62, 4.06, 2.93, 3.62, 4.43, 4.21, 3.15, 4.24, 2.34, 5.77, 3.38, 5.37, 2.39, 4.24, 4.47, 4.32, 5.06, 4.06, 4.00, 3.33, 2.62, 3.39, 3.06])
	Cluster(label=Class #1,	n=18,	sum=148.94,	max=10.62,	center=[3.64, 4.24, 3.40, 3.49, 2.10, 4.99, 4.40, 2.29, 4.42, 4.04, 4.53, 3.80, 4.67, 4.69, 2.80, 3.80, 4.47, 4.42, 4.04, 3.46, 3.89, 2.85, 2.08])
	Cluster(label=Class #1,	n=17,	sum=124.70,	max=9.39,	center=[3.81, 5.02, 3.66, 4.90, 4.08, 4.63, 5.21, 4.47, 5.17, 3.97, 2.99, 3.41, 4.55, 4.85, 3.60, 2.66, 3.21, 4.20, 3.73, 4.69, 4.05, 4.18, 5.21])
	Cluster(label=Class #1,	n=8,	sum=62.47,	max=9.75,	center=[4.26, 4.12, 2.91, 1.42, 5.68, 3.81, 3.91, 2.45, 5.46, 4.25, 5.11, 4.97, 4.46, 4.29, 3.10, 5.63, 2.62, 3.57, 3.53, 6.82, 3.40, 4.20, 3.97])
	Cluster(label=Class #2,	n=9,	sum=128.91,	max=18.53,	center=[8.46, 5.61, 7.98, 6.94, 8.05, 5.09, 6.16, 7.44, 5.46, 9.07, 7.09, 4.71, 6.97, 9.90, 7.36, 8.07, 10.62, 10.73, 4.91, 8.46, 8.73, 6.02, 1.99])
	Cluster(label=Class #2,	n=13,	sum=192.55,	max=18.58,	center=[7.17, 7.27, 4.91, 7.90, 6.44, 5.51, 7.18, 5.47, 8.28, 5.28, 10.42, 5.25, 5.67, 7.31, 8.02, 8.15, 7.59, 7.52, 6.33, 10.10, 11.07, 8.47, 6.90])
	Cluster(label=Class #2,	n=13,	sum=199.12,	max=18.21,	center=[5.92, 8.89, 8.03, 4.47, 7.88, 7.25, 5.72, 7.62, 6.54, 4.98, 7.24, 8.83, 9.00, 5.11, 7.96, 5.05, 6.54, 9.19, 9.21, 6.43, 8.21, 6.04, 6.01])
	Cluster(label=Class #2,	n=4,	sum=48.22,	max=13.56,	center=[10.25, 7.03, 12.16, 10.17, 1.74, 3.89, 5.62, 7.18, 11.05, 6.95, 4.81, 7.62, 8.94, 6.74, 3.42, 3.41, 10.73, 8.64, 6.91, 5.94, 8.19, 9.02, 3.73])
	Cluster(label=Class #2,	n=6,	sum=84.53,	max=16.48,	center=[4.86, 4.26, 7.33, 8.84, 5.30, 9.19, 7.92, 6.87, 4.95, 10.60, 6.40, 11.54, 7.93, 10.07, 4.69, 5.90, 7.70, 4.08, 7.18, 8.20, 6.36, 11.44, 8.10])
	Cluster(label=Class #2,	n=13,	sum=182.33,	max=16.39,	center=[8.01, 7.52, 7.67, 4.68, 9.00, 8.70, 8.91, 8.40, 8.83, 7.59, 8.40, 7.00, 4.94, 7.23, 6.99, 8.62, 8.60, 4.53, 9.54, 7.58, 6.08, 9.22, 5.50])
	Cluster(label=Class #2,	n=8,	sum=121.91,	max=18.25,	center=[4.94, 9.08, 7.37, 8.61, 5.79, 7.13, 4.72, 4.71, 7.00, 6.86, 3.49, 6.08, 8.26, 4.47, 6.17, 8.15, 6.75, 7.09, 6.39, 3.21, 7.73, 9.21, 8.95])
	Cluster(label=Class #3,	n=13,	sum=126.30,	max=12.31,	center=[7.02, 6.58, 6.21, 6.65, 5.88, 7.86, 6.05, 5.86, 5.52, 5.42, 6.85, 5.70, 5.69, 7.79, 5.98, 7.26, 6.83, 5.77, 7.19, 6.89, 3.93, 8.24, 6.60])
	Cluster(label=Class #3,	n=11,	sum=95.71,	max=12.11,	center=[5.73, 5.45, 6.03, 6.29, 7.88, 6.26, 6.04, 8.29, 7.22, 7.52, 7.22, 7.31, 5.40, 6.27, 7.21, 3.74, 6.48, 6.65, 4.78, 4.68, 4.60, 4.84, 6.29])
	Cluster(label=Class #3,	n=8,	sum=70.18,	max=10.45,	center=[6.79, 6.74, 5.35, 6.85, 6.34, 6.11, 6.85, 7.71, 8.50, 6.76, 6.19, 4.24, 5.56, 4.66, 6.90, 6.48, 7.78, 5.50, 6.58, 6.39, 9.15, 4.83, 6.91])
	Cluster(label=Class #3,	n=10,	sum=84.14,	max=10.82,	center=[4.29, 5.17, 6.70, 5.09, 5.25, 5.91, 7.52, 6.98, 6.26, 7.15, 7.82, 5.62, 7.00, 6.52, 5.37, 7.37, 6.11, 8.72, 4.76, 5.98, 6.57, 7.48, 4.96])
)
2019-05-02 18:44:30,658 INFO ./minas.py:374 bufferFull bufferFull, <Model Status clusters: 22, sleepers: 0, known: 1408, unkown: 243 (243), total: 1651>
2019-05-02 18:44:30,669 INFO ./minas.py:387 bufferFull [after sleep check]<Model Status clusters: 22, sleepers: 0, known: 1408, unkown: 243 (243), total: 1651>
2019-05-02 18:44:30,670 INFO ./minas.py:444 noveltyDetection [noveltyDetection]	 unknownBuffer: 243, sleepClusters: 0
2019-05-02 18:44:30,670 INFO ./minas.py:202 clustering clustering 243, Example(None, ) # ${'len': 23, 'timestamp': 1556833469.417707, 'tries': 2}
2019-05-02 18:44:31,267 INFO ./minas.py:390 bufferFull [after novelty Detection]<Model Status clusters: 22, sleepers: 0, known: 1408, unkown: 243 (243), total: 1651>
2019-05-02 18:44:31,268 INFO ./minas.py:400 bufferFull Sleep 0
2019-05-02 18:44:31,269 INFO ./minas.py:404 bufferFull [after Sleep Clean] <Model Status clusters: 22, sleepers: 0, known: 1408, unkown: 243 (243), total: 1651>
2019-05-02 18:44:31,269 INFO ./minas.py:411 bufferFull [Cleaning Cycle]	Discarting 243 examples
2019-05-02 18:44:31,279 INFO ./minas.py:412 bufferFull [after Unkown Clean] <Model Status clusters: 22, sleepers: 0, known: 1408, unkown: 0 (243), total: 1651>
2019-05-02 18:44:31,668 INFO C:\dev\minas-py\self_test.py:155 testRun aggregatin resutls
2019-05-02 18:44:33,721 INFO C:\dev\minas-py\self_test.py:191 testRun 

	=== Final Results ===
# <Model Status clusters: 22, sleepers: 0, known: 1887, unkown: 52 (295), total: 2182>
Minas({'k': 100, 'radiusFactor': 1.1, 'noveltyThr': 100, 'windowTimeSize': 100, 'ndProcedureThr': 242, 'representationThr': 3, 'globalCount': 2182, 'lastExapleTMS': 1556833471.6676726, 'lastCleaningCycle': 1556833471.2696762, 'counter': 1887, 'noveltyIndex': 0, 'clusters': 22, 'sleepers': 0, 'unknownBuffer': 52, 'diff': 295, 'known': 1887}
	Cluster(label=Class #0,	n=109,	sum=117.21,	max=1.40,	center=[4.79, 4.83, 4.75, 4.90, 4.86, 4.79, 4.79, 4.58, 4.73, 4.80, 4.82, 4.65, 4.86, 4.80, 4.86, 4.81, 4.90, 4.70, 4.91, 5.05, 4.77, 4.82, 4.78])
	Cluster(label=Class #0,	n=49,	sum=50.96,	max=1.50,	center=[4.75, 5.01, 4.92, 4.63, 4.93, 4.85, 4.92, 5.07, 4.62, 4.85, 4.81, 4.68, 4.74, 4.91, 5.00, 4.79, 4.97, 4.93, 4.52, 5.03, 5.00, 4.91, 5.03])
	Cluster(label=Class #0,	n=308,	sum=330.57,	max=1.54,	center=[4.87, 4.93, 4.94, 4.89, 4.83, 4.86, 4.82, 4.83, 4.94, 4.82, 4.89, 4.91, 4.84, 4.81, 4.80, 4.89, 4.82, 4.86, 4.89, 4.76, 4.90, 4.86, 4.89])
	Cluster(label=Class #1,	n=7,	sum=46.09,	max=7.25,	center=[3.79, 3.74, 4.48, 3.89, 2.67, 7.00, 1.71, 6.79, 5.28, 3.56, 3.13, 5.76, 2.52, 3.94, 2.83, 4.85, 5.08, 5.06, 4.28, 3.41, 6.77, 5.15, 5.89])
	Cluster(label=Class #1,	n=205,	sum=1715.37,	max=11.80,	center=[4.09, 3.19, 4.79, 4.61, 4.46, 3.57, 3.01, 5.08, 3.56, 3.08, 4.44, 4.22, 5.72, 4.31, 3.91, 3.35, 3.36, 3.83, 3.34, 3.45, 4.42, 4.17, 4.26])
	Cluster(label=Class #1,	n=60,	sum=500.95,	max=10.87,	center=[2.39, 2.78, 3.25, 3.74, 4.47, 4.47, 4.56, 2.73, 2.68, 4.04, 2.96, 3.92, 4.79, 1.77, 4.86, 3.94, 3.37, 2.80, 5.91, 1.68, 2.74, 4.61, 2.82])
	Cluster(label=Class #1,	n=54,	sum=460.94,	max=11.53,	center=[4.35, 2.52, 3.84, 6.56, 3.67, 3.49, 3.46, 2.87, 5.33, 4.74, 3.95, 1.99, 4.36, 3.97, 4.38, 3.85, 6.01, 5.39, 4.66, 4.35, 4.59, 4.20, 2.95])
	Cluster(label=Class #1,	n=113,	sum=962.41,	max=11.53,	center=[2.62, 4.06, 2.93, 3.62, 4.43, 4.21, 3.15, 4.24, 2.34, 5.77, 3.38, 5.37, 2.39, 4.24, 4.47, 4.32, 5.06, 4.06, 4.00, 3.33, 2.62, 3.39, 3.06])
	Cluster(label=Class #1,	n=115,	sum=987.48,	max=11.36,	center=[3.64, 4.24, 3.40, 3.49, 2.10, 4.99, 4.40, 2.29, 4.42, 4.04, 4.53, 3.80, 4.67, 4.69, 2.80, 3.80, 4.47, 4.42, 4.04, 3.46, 3.89, 2.85, 2.08])
	Cluster(label=Class #1,	n=142,	sum=1208.27,	max=12.16,	center=[3.81, 5.02, 3.66, 4.90, 4.08, 4.63, 5.21, 4.47, 5.17, 3.97, 2.99, 3.41, 4.55, 4.85, 3.60, 2.66, 3.21, 4.20, 3.73, 4.69, 4.05, 4.18, 5.21])
	Cluster(label=Class #1,	n=75,	sum=658.69,	max=11.50,	center=[4.26, 4.12, 2.91, 1.42, 5.68, 3.81, 3.91, 2.45, 5.46, 4.25, 5.11, 4.97, 4.46, 4.29, 3.10, 5.63, 2.62, 3.57, 3.53, 6.82, 3.40, 4.20, 3.97])
	Cluster(label=Class #2,	n=52,	sum=810.96,	max=20.75,	center=[8.46, 5.61, 7.98, 6.94, 8.05, 5.09, 6.16, 7.44, 5.46, 9.07, 7.09, 4.71, 6.97, 9.90, 7.36, 8.07, 10.62, 10.73, 4.91, 8.46, 8.73, 6.02, 1.99])
	Cluster(label=Class #2,	n=62,	sum=929.30,	max=20.21,	center=[7.17, 7.27, 4.91, 7.90, 6.44, 5.51, 7.18, 5.47, 8.28, 5.28, 10.42, 5.25, 5.67, 7.31, 8.02, 8.15, 7.59, 7.52, 6.33, 10.10, 11.07, 8.47, 6.90])
	Cluster(label=Class #2,	n=110,	sum=1651.86,	max=21.71,	center=[5.92, 8.89, 8.03, 4.47, 7.88, 7.25, 5.72, 7.62, 6.54, 4.98, 7.24, 8.83, 9.00, 5.11, 7.96, 5.05, 6.54, 9.19, 9.21, 6.43, 8.21, 6.04, 6.01])
	Cluster(label=Class #2,	n=6,	sum=73.57,	max=13.56,	center=[10.25, 7.03, 12.16, 10.17, 1.74, 3.89, 5.62, 7.18, 11.05, 6.95, 4.81, 7.62, 8.94, 6.74, 3.42, 3.41, 10.73, 8.64, 6.91, 5.94, 8.19, 9.02, 3.73])
	Cluster(label=Class #2,	n=21,	sum=303.19,	max=18.10,	center=[4.86, 4.26, 7.33, 8.84, 5.30, 9.19, 7.92, 6.87, 4.95, 10.60, 6.40, 11.54, 7.93, 10.07, 4.69, 5.90, 7.70, 4.08, 7.18, 8.20, 6.36, 11.44, 8.10])
	Cluster(label=Class #2,	n=87,	sum=1370.64,	max=22.10,	center=[8.01, 7.52, 7.67, 4.68, 9.00, 8.70, 8.91, 8.40, 8.83, 7.59, 8.40, 7.00, 4.94, 7.23, 6.99, 8.62, 8.60, 4.53, 9.54, 7.58, 6.08, 9.22, 5.50])
	Cluster(label=Class #2,	n=64,	sum=967.49,	max=20.20,	center=[4.94, 9.08, 7.37, 8.61, 5.79, 7.13, 4.72, 4.71, 7.00, 6.86, 3.49, 6.08, 8.26, 4.47, 6.17, 8.15, 6.75, 7.09, 6.39, 3.21, 7.73, 9.21, 8.95])
	Cluster(label=Class #3,	n=172,	sum=2008.05,	max=20.63,	center=[7.02, 6.58, 6.21, 6.65, 5.88, 7.86, 6.05, 5.86, 5.52, 5.42, 6.85, 5.70, 5.69, 7.79, 5.98, 7.26, 6.83, 5.77, 7.19, 6.89, 3.93, 8.24, 6.60])
	Cluster(label=Class #3,	n=110,	sum=1230.89,	max=19.65,	center=[5.73, 5.45, 6.03, 6.29, 7.88, 6.26, 6.04, 8.29, 7.22, 7.52, 7.22, 7.31, 5.40, 6.27, 7.21, 3.74, 6.48, 6.65, 4.78, 4.68, 4.60, 4.84, 6.29])
	Cluster(label=Class #3,	n=98,	sum=1072.00,	max=18.57,	center=[6.79, 6.74, 5.35, 6.85, 6.34, 6.11, 6.85, 7.71, 8.50, 6.76, 6.19, 4.24, 5.56, 4.66, 6.90, 6.48, 7.78, 5.50, 6.58, 6.39, 9.15, 4.83, 6.91])
	Cluster(label=Class #3,	n=102,	sum=1031.33,	max=15.98,	center=[4.29, 5.17, 6.70, 5.09, 5.25, 5.91, 7.52, 6.98, 6.26, 7.15, 7.82, 5.62, 7.00, 6.52, 5.37, 7.37, 6.11, 8.72, 4.76, 5.98, 6.57, 7.48, 4.96])
)
[seed 206] positive: 1989(82.05%), negative: 228(9.41%), unknown: 207(8.54%)

