2019-05-02 18:44:34,752 INFO ./minas.py:202 clustering clustering 82, Example(Class #0, ) # ${'len': 8, 'timestamp': 1556833474.254639, 'tries': 0}
2019-05-02 18:44:34,828 INFO ./minas.py:202 clustering clustering 56, Example(Class #1, ) # ${'len': 8, 'timestamp': 1556833474.2646387, 'tries': 0}
2019-05-02 18:44:34,881 INFO ./minas.py:202 clustering clustering 30, Example(Class #2, ) # ${'len': 8, 'timestamp': 1556833474.2906375, 'tries': 0}
2019-05-02 18:44:34,912 INFO ./minas.py:202 clustering clustering 81, Example(Class #3, ) # ${'len': 8, 'timestamp': 1556833474.3046374, 'tries': 0}
2019-05-02 18:44:35,002 INFO ./minas.py:308 offline [offline end]
2019-05-02 18:44:35,004 INFO C:\dev\minas-py\self_test.py:41 runMinas <Model Status clusters: 25, sleepers: 0, known: 0, unkown: 0 (0), total: 0># <Model Status clusters: 25, sleepers: 0, known: 0, unkown: 0 (0), total: 0>
Minas({'k': 100, 'radiusFactor': 1.1, 'noveltyThr': 100, 'windowTimeSize': 100, 'ndProcedureThr': 249, 'representationThr': 3, 'globalCount': 0, 'lastExapleTMS': -inf, 'lastCleaningCycle': -inf, 'counter': 0, 'noveltyIndex': 0, 'clusters': 25, 'sleepers': 0, 'unknownBuffer': 0, 'diff': 0, 'known': 0}
	Cluster(label=Class #0,	n=15,	sum=66.26,	max=6.58,	center=[2.10, 2.25, 3.71, 5.82, 4.21, 2.78, 5.87, 4.88])
	Cluster(label=Class #0,	n=5,	sum=18.34,	max=4.59,	center=[5.91, 5.13, 4.70, 3.84, 2.13, 3.11, 4.55, -1.01])
	Cluster(label=Class #0,	n=4,	sum=18.50,	max=5.09,	center=[3.55, 4.23, 2.61, -0.10, 5.31, 6.30, 3.23, 7.45])
	Cluster(label=Class #0,	n=19,	sum=89.49,	max=7.25,	center=[2.59, 5.30, 1.82, 3.51, 3.30, 4.44, 5.19, 2.47])
	Cluster(label=Class #0,	n=12,	sum=56.98,	max=6.47,	center=[1.93, 3.86, 6.01, 4.25, 2.82, 4.24, 3.14, 6.06])
	Cluster(label=Class #0,	n=12,	sum=56.37,	max=7.74,	center=[5.32, 1.79, 3.82, 3.94, 2.85, 3.76, 3.82, 2.96])
	Cluster(label=Class #0,	n=9,	sum=42.78,	max=6.79,	center=[3.59, 2.92, 4.09, 5.76, 4.53, 1.88, 0.38, 2.84])
	Cluster(label=Class #0,	n=4,	sum=17.22,	max=4.81,	center=[2.13, 5.74, 3.44, 1.27, 4.33, -1.73, 4.31, 2.06])
	Cluster(label=Class #1,	n=12,	sum=80.61,	max=10.59,	center=[-1.14, 0.59, -1.23, -2.82, -1.68, 0.69, 0.18, -1.01])
	Cluster(label=Class #1,	n=5,	sum=22.71,	max=6.56,	center=[1.35, 0.78, -2.52, 3.89, 1.82, 2.68, 4.81, 0.96])
	Cluster(label=Class #1,	n=7,	sum=33.61,	max=5.77,	center=[-0.44, 1.56, 2.82, 4.80, 1.21, -1.79, 1.30, -0.62])
	Cluster(label=Class #1,	n=16,	sum=89.68,	max=9.31,	center=[2.46, 1.02, -0.89, 0.41, 1.51, -0.81, -0.35, -0.06])
	Cluster(label=Class #1,	n=7,	sum=42.68,	max=8.62,	center=[1.06, -3.85, 1.83, -0.47, -0.01, 2.48, 1.17, 2.92])
	Cluster(label=Class #1,	n=9,	sum=45.66,	max=6.54,	center=[2.18, 1.91, 2.02, 2.44, 1.12, 3.32, -0.05, 2.14])
	Cluster(label=Class #2,	n=7,	sum=11.42,	max=1.97,	center=[7.24, 6.29, 6.44, 6.16, 6.34, 6.43, 5.17, 6.31])
	Cluster(label=Class #2,	n=9,	sum=15.85,	max=2.88,	center=[6.85, 5.92, 5.68, 7.07, 6.37, 7.14, 6.62, 5.98])
	Cluster(label=Class #2,	n=14,	sum=26.22,	max=2.50,	center=[5.69, 6.49, 6.75, 6.50, 6.03, 5.92, 6.56, 6.72])
	Cluster(label=Class #3,	n=15,	sum=93.06,	max=7.68,	center=[7.07, 2.20, 2.46, 3.89, 8.32, 4.34, 5.47, 5.33])
	Cluster(label=Class #3,	n=12,	sum=82.66,	max=9.42,	center=[7.03, 4.44, 4.17, 8.19, 3.47, 3.42, 2.40, 2.48])
	Cluster(label=Class #3,	n=6,	sum=36.98,	max=7.82,	center=[2.45, 6.90, 4.98, 6.36, -1.09, 6.99, 5.71, 3.31])
	Cluster(label=Class #3,	n=12,	sum=82.78,	max=10.16,	center=[1.25, 4.28, 7.95, 5.44, 7.03, 4.88, 4.75, 6.43])
	Cluster(label=Class #3,	n=7,	sum=48.41,	max=8.98,	center=[6.54, 1.09, 7.34, 2.63, 4.15, 4.71, 11.39, 3.89])
	Cluster(label=Class #3,	n=13,	sum=90.70,	max=10.94,	center=[1.79, 4.31, 0.76, 4.19, 3.92, 6.55, 6.03, 3.66])
	Cluster(label=Class #3,	n=6,	sum=39.77,	max=9.01,	center=[5.20, 9.05, 5.30, 2.13, 4.74, 1.28, 2.41, 8.75])
	Cluster(label=Class #3,	n=9,	sum=57.07,	max=9.01,	center=[4.68, 6.87, 7.04, 0.31, 4.39, 4.54, 5.91, 1.86])
)
2019-05-02 18:44:37,115 INFO ./minas.py:374 bufferFull bufferFull, <Model Status clusters: 25, sleepers: 0, known: 1434, unkown: 250 (250), total: 1684>
2019-05-02 18:44:37,128 INFO ./minas.py:387 bufferFull [after sleep check]<Model Status clusters: 25, sleepers: 0, known: 1434, unkown: 250 (250), total: 1684>
2019-05-02 18:44:37,128 INFO ./minas.py:444 noveltyDetection [noveltyDetection]	 unknownBuffer: 250, sleepClusters: 0
2019-05-02 18:44:37,129 INFO ./minas.py:202 clustering clustering 250, Example(None, ) # ${'len': 8, 'timestamp': 1556833475.7126312, 'tries': 2}
2019-05-02 18:44:37,699 INFO ./minas.py:390 bufferFull [after novelty Detection]<Model Status clusters: 25, sleepers: 0, known: 1434, unkown: 250 (250), total: 1684>
2019-05-02 18:44:37,700 INFO ./minas.py:400 bufferFull Sleep 0
2019-05-02 18:44:37,700 INFO ./minas.py:404 bufferFull [after Sleep Clean] <Model Status clusters: 25, sleepers: 0, known: 1434, unkown: 250 (250), total: 1684>
2019-05-02 18:44:37,701 INFO ./minas.py:411 bufferFull [Cleaning Cycle]	Discarting 250 examples
2019-05-02 18:44:37,710 INFO ./minas.py:412 bufferFull [after Unkown Clean] <Model Status clusters: 25, sleepers: 0, known: 1434, unkown: 0 (250), total: 1684>
2019-05-02 18:44:38,202 INFO C:\dev\minas-py\self_test.py:155 testRun aggregatin resutls
2019-05-02 18:44:40,389 INFO C:\dev\minas-py\self_test.py:191 testRun 

	=== Final Results ===
# <Model Status clusters: 25, sleepers: 0, known: 1956, unkown: 43 (293), total: 2249>
Minas({'k': 100, 'radiusFactor': 1.1, 'noveltyThr': 100, 'windowTimeSize': 100, 'ndProcedureThr': 249, 'representationThr': 3, 'globalCount': 2249, 'lastExapleTMS': 1556833478.2016485, 'lastCleaningCycle': 1556833477.7005966, 'counter': 1956, 'noveltyIndex': 0, 'clusters': 25, 'sleepers': 0, 'unknownBuffer': 43, 'diff': 293, 'known': 1956}
	Cluster(label=Class #0,	n=128,	sum=673.63,	max=8.36,	center=[2.10, 2.25, 3.71, 5.82, 4.21, 2.78, 5.87, 4.88])
	Cluster(label=Class #0,	n=50,	sum=241.25,	max=7.42,	center=[5.91, 5.13, 4.70, 3.84, 2.13, 3.11, 4.55, -1.01])
	Cluster(label=Class #0,	n=40,	sum=197.07,	max=7.09,	center=[3.55, 4.23, 2.61, -0.10, 5.31, 6.30, 3.23, 7.45])
	Cluster(label=Class #0,	n=150,	sum=757.26,	max=9.83,	center=[2.59, 5.30, 1.82, 3.51, 3.30, 4.44, 5.19, 2.47])
	Cluster(label=Class #0,	n=118,	sum=613.61,	max=7.76,	center=[1.93, 3.86, 6.01, 4.25, 2.82, 4.24, 3.14, 6.06])
	Cluster(label=Class #0,	n=163,	sum=887.93,	max=9.07,	center=[5.32, 1.79, 3.82, 3.94, 2.85, 3.76, 3.82, 2.96])
	Cluster(label=Class #0,	n=90,	sum=480.99,	max=8.80,	center=[3.59, 2.92, 4.09, 5.76, 4.53, 1.88, 0.38, 2.84])
	Cluster(label=Class #0,	n=42,	sum=214.28,	max=6.42,	center=[2.13, 5.74, 3.44, 1.27, 4.33, -1.73, 4.31, 2.06])
	Cluster(label=Class #1,	n=107,	sum=757.83,	max=11.53,	center=[-1.14, 0.59, -1.23, -2.82, -1.68, 0.69, 0.18, -1.01])
	Cluster(label=Class #1,	n=45,	sum=277.70,	max=8.70,	center=[1.35, 0.78, -2.52, 3.89, 1.82, 2.68, 4.81, 0.96])
	Cluster(label=Class #1,	n=59,	sum=358.43,	max=9.09,	center=[-0.44, 1.56, 2.82, 4.80, 1.21, -1.79, 1.30, -0.62])
	Cluster(label=Class #1,	n=154,	sum=1015.59,	max=11.68,	center=[2.46, 1.02, -0.89, 0.41, 1.51, -0.81, -0.35, -0.06])
	Cluster(label=Class #1,	n=75,	sum=506.12,	max=9.40,	center=[1.06, -3.85, 1.83, -0.47, -0.01, 2.48, 1.17, 2.92])
	Cluster(label=Class #1,	n=124,	sum=727.06,	max=9.05,	center=[2.18, 1.91, 2.02, 2.44, 1.12, 3.32, -0.05, 2.14])
	Cluster(label=Class #2,	n=83,	sum=174.98,	max=3.52,	center=[7.24, 6.29, 6.44, 6.16, 6.34, 6.43, 5.17, 6.31])
	Cluster(label=Class #2,	n=113,	sum=246.91,	max=3.56,	center=[6.85, 5.92, 5.68, 7.07, 6.37, 7.14, 6.62, 5.98])
	Cluster(label=Class #2,	n=159,	sum=340.48,	max=3.52,	center=[5.69, 6.49, 6.75, 6.50, 6.03, 5.92, 6.56, 6.72])
	Cluster(label=Class #3,	n=83,	sum=513.52,	max=10.03,	center=[7.07, 2.20, 2.46, 3.89, 8.32, 4.34, 5.47, 5.33])
	Cluster(label=Class #3,	n=84,	sum=537.99,	max=10.37,	center=[7.03, 4.44, 4.17, 8.19, 3.47, 3.42, 2.40, 2.48])
	Cluster(label=Class #3,	n=37,	sum=251.21,	max=9.03,	center=[2.45, 6.90, 4.98, 6.36, -1.09, 6.99, 5.71, 3.31])
	Cluster(label=Class #3,	n=67,	sum=448.92,	max=10.82,	center=[1.25, 4.28, 7.95, 5.44, 7.03, 4.88, 4.75, 6.43])
	Cluster(label=Class #3,	n=32,	sum=220.37,	max=9.81,	center=[6.54, 1.09, 7.34, 2.63, 4.15, 4.71, 11.39, 3.89])
	Cluster(label=Class #3,	n=89,	sum=581.16,	max=11.46,	center=[1.79, 4.31, 0.76, 4.19, 3.92, 6.55, 6.03, 3.66])
	Cluster(label=Class #3,	n=38,	sum=251.95,	max=9.73,	center=[5.20, 9.05, 5.30, 2.13, 4.74, 1.28, 2.41, 8.75])
	Cluster(label=Class #3,	n=72,	sum=454.34,	max=11.91,	center=[4.68, 6.87, 7.04, 0.31, 4.39, 4.54, 5.91, 1.86])
)
[seed 207] positive: 1816(72.70%), negative: 505(20.22%), unknown: 177(7.09%)

