Model(k=100, clusters=18)(
	[Class #0]	n=18	c=1.95, 2.40, 1.14, 2.22, 0.24, 1.60, 2.70, 1.79, 1.48, 2.37, 2.01, 1.86, 1.55, 0.88, 2.19, 2.21, 2.34, 2.49, 2.33, 2.19, 1.37, 1.59, 3.51, 2.95, 1.64, 3.79, 2.47, 2.09,	r=18.19
	[Class #0]	n=7	c=3.79, 1.46, 5.91, 1.08, 2.33, 0.89, 1.72, 4.56, 3.15, 2.72, 3.69, 2.84, 3.16, 7.03, 2.61, 3.04, 2.57, 2.25, 0.53, 1.70, 4.03, 1.09, 0.43, 1.18, 2.90, 2.62, 2.43, 3.50,	r=14.71
	[Class #1]	n=20	c=1.90, 3.48, 2.88, 4.83, 2.83, 2.96, 3.39, 4.08, 1.42, 1.43, 2.81, 2.16, 0.53, 2.83, 4.12, 2.44, 2.74, 2.39, 1.26, 3.06, 2.53, 3.91, 3.22, 4.53, 3.23, 2.19, 1.43, 2.63,	r=20.74
	[Class #1]	n=8	c=0.42, 2.33, 1.36, 1.24, 2.85, 0.88, 4.72, 2.03, 4.17, 2.99, 1.03, 2.97, 5.21, -0.28, 2.35, 1.41, 4.22, 2.36, 4.40, 3.07, 1.69, 1.75, 1.78, 1.22, 5.28, 4.32, 4.27, 3.31,	r=16.65
	[Class #1]	n=11	c=4.84, 2.18, 2.73, 2.83, 5.60, 2.34, 1.33, 5.07, 2.52, 3.16, 3.40, 0.22, 2.11, 3.91, 2.35, 4.13, 4.58, 1.94, 3.38, 0.73, 2.64, 1.39, 1.32, 2.88, 3.83, -0.12, 1.24, 3.23,	r=16.34
	[Class #1]	n=8	c=3.21, -0.84, 0.34, 2.72, 0.45, 2.78, 1.01, 5.17, 2.79, 2.73, 3.92, 3.68, 4.64, 1.75, 3.56, 0.60, 3.93, 2.31, 1.13, 3.19, 4.23, 2.49, 2.79, 1.65, 3.04, 2.25, 0.62, 0.44,	r=17.46
	[Class #1]	n=4	c=4.26, -0.19, 4.51, 2.51, 6.49, 0.34, 1.97, 1.28, 2.35, 6.33, 4.50, 2.85, 2.87, 0.65, -0.48, 0.20, 5.07, 2.30, 4.02, 3.21, 3.49, 5.72, 6.65, 5.72, -0.83, 4.81, 1.45, 2.30,	r=11.25
	[Class #1]	n=11	c=0.51, 4.05, 2.79, 0.86, 6.93, 1.79, 2.59, 0.65, 2.57, 3.51, 3.78, 4.60, 2.55, 4.22, 4.99, 2.16, 3.56, 3.29, 2.79, 1.23, 4.80, 1.93, 0.21, -0.03, 0.69, 1.12, 2.15, 2.37,	r=17.35
	[Class #2]	n=17	c=7.35, 7.70, 7.70, 7.72, 7.73, 7.62, 7.60, 7.78, 7.84, 7.47, 7.61, 7.63, 7.82, 7.50, 7.51, 7.74, 7.62, 7.57, 7.69, 7.86, 7.52, 7.55, 7.72, 7.80, 7.51, 7.65, 7.66, 7.78,	r=1.99
	[Class #2]	n=11	c=7.55, 7.57, 7.61, 8.00, 7.82, 7.66, 7.53, 7.53, 7.28, 7.63, 7.57, 7.99, 7.44, 7.91, 7.78, 7.82, 7.74, 7.71, 7.72, 7.37, 7.69, 7.78, 7.86, 7.73, 7.77, 7.76, 7.73, 7.81,	r=1.91
	[Class #2]	n=6	c=7.69, 7.95, 7.78, 7.42, 7.76, 7.84, 7.41, 7.56, 7.61, 7.68, 8.00, 7.60, 7.54, 7.83, 7.54, 7.65, 8.04, 7.87, 7.99, 7.90, 7.61, 7.76, 7.37, 7.62, 7.77, 7.61, 7.67, 7.31,	r=1.51
	[Class #2]	n=14	c=8.06, 7.70, 7.56, 7.54, 7.50, 7.67, 7.66, 7.91, 7.74, 7.51, 7.53, 7.65, 7.72, 7.84, 7.71, 7.69, 7.53, 7.58, 7.48, 7.57, 7.77, 7.84, 7.89, 7.61, 7.68, 7.39, 7.45, 7.70,	r=2.00
	[Class #2]	n=4	c=7.99, 7.91, 8.00, 7.73, 7.92, 7.42, 7.70, 7.72, 7.79, 7.71, 7.21, 7.37, 7.96, 7.84, 7.82, 7.58, 7.69, 7.32, 7.78, 7.30, 7.89, 7.59, 7.47, 7.91, 7.77, 7.80, 7.37, 7.43,	r=1.47
	[Class #2]	n=8	c=7.60, 7.45, 7.68, 7.67, 7.78, 7.91, 7.43, 7.44, 7.49, 7.94, 7.71, 7.46, 7.61, 7.74, 7.79, 7.72, 7.52, 7.82, 7.74, 7.45, 7.38, 7.68, 7.32, 7.58, 7.61, 7.71, 7.74, 7.74,	r=1.72
	[Class #2]	n=6	c=7.80, 7.59, 7.61, 7.40, 8.06, 7.98, 7.39, 7.52, 7.73, 7.46, 7.49, 7.47, 7.37, 7.57, 7.64, 7.69, 8.02, 7.43, 7.64, 7.72, 7.82, 7.47, 7.70, 7.50, 7.76, 6.99, 8.01, 7.66,	r=1.55
	[Class #2]	n=10	c=7.89, 7.81, 7.62, 7.85, 7.57, 7.70, 7.59, 7.81, 7.84, 7.89, 7.62, 7.42, 7.62, 7.54, 7.66, 7.41, 7.61, 7.98, 7.40, 7.67, 7.21, 7.61, 7.66, 7.42, 7.65, 7.51, 7.26, 7.63,	r=1.96
	[Class #2]	n=18	c=7.71, 7.48, 7.70, 7.62, 7.51, 7.62, 7.73, 7.44, 7.89, 7.45, 7.76, 7.63, 7.51, 7.67, 7.56, 7.69, 7.70, 7.52, 7.52, 7.51, 7.58, 7.48, 7.64, 7.42, 7.62, 7.84, 7.72, 7.69,	r=2.00
	[Class #2]	n=7	c=7.34, 7.67, 7.57, 7.66, 7.46, 7.97, 7.77, 7.70, 7.45, 7.69, 7.39, 7.67, 7.78, 7.86, 7.77, 7.52, 7.60, 7.56, 7.69, 7.92, 7.78, 7.83, 7.50, 7.73, 7.50, 7.65, 7.97, 7.34,	r=1.86
)
=== Final Results ===
Model(k=100, clusters=18)(
	[Class #0]	n=291	c=1.95, 2.40, 1.14, 2.22, 0.24, 1.60, 2.70, 1.79, 1.48, 2.37, 2.01, 1.86, 1.55, 0.88, 2.19, 2.21, 2.34, 2.49, 2.33, 2.19, 1.37, 1.59, 3.51, 2.95, 1.64, 3.79, 2.47, 2.09,	r=20.57
	[Class #0]	n=79	c=3.79, 1.46, 5.91, 1.08, 2.33, 0.89, 1.72, 4.56, 3.15, 2.72, 3.69, 2.84, 3.16, 7.03, 2.61, 3.04, 2.57, 2.25, 0.53, 1.70, 4.03, 1.09, 0.43, 1.18, 2.90, 2.62, 2.43, 3.50,	r=19.68
	[Class #1]	n=177	c=1.90, 3.48, 2.88, 4.83, 2.83, 2.96, 3.39, 4.08, 1.42, 1.43, 2.81, 2.16, 0.53, 2.83, 4.12, 2.44, 2.74, 2.39, 1.26, 3.06, 2.53, 3.91, 3.22, 4.53, 3.23, 2.19, 1.43, 2.63,	r=20.74
	[Class #1]	n=81	c=0.42, 2.33, 1.36, 1.24, 2.85, 0.88, 4.72, 2.03, 4.17, 2.99, 1.03, 2.97, 5.21, -0.28, 2.35, 1.41, 4.22, 2.36, 4.40, 3.07, 1.69, 1.75, 1.78, 1.22, 5.28, 4.32, 4.27, 3.31,	r=19.09
	[Class #1]	n=88	c=4.84, 2.18, 2.73, 2.83, 5.60, 2.34, 1.33, 5.07, 2.52, 3.16, 3.40, 0.22, 2.11, 3.91, 2.35, 4.13, 4.58, 1.94, 3.38, 0.73, 2.64, 1.39, 1.32, 2.88, 3.83, -0.12, 1.24, 3.23,	r=19.18
	[Class #1]	n=89	c=3.21, -0.84, 0.34, 2.72, 0.45, 2.78, 1.01, 5.17, 2.79, 2.73, 3.92, 3.68, 4.64, 1.75, 3.56, 0.60, 3.93, 2.31, 1.13, 3.19, 4.23, 2.49, 2.79, 1.65, 3.04, 2.25, 0.62, 0.44,	r=18.76
	[Class #1]	n=5	c=4.26, -0.19, 4.51, 2.51, 6.49, 0.34, 1.97, 1.28, 2.35, 6.33, 4.50, 2.85, 2.87, 0.65, -0.48, 0.20, 5.07, 2.30, 4.02, 3.21, 3.49, 5.72, 6.65, 5.72, -0.83, 4.81, 1.45, 2.30,	r=11.25
	[Class #1]	n=77	c=0.51, 4.05, 2.79, 0.86, 6.93, 1.79, 2.59, 0.65, 2.57, 3.51, 3.78, 4.60, 2.55, 4.22, 4.99, 2.16, 3.56, 3.29, 2.79, 1.23, 4.80, 1.93, 0.21, -0.03, 0.69, 1.12, 2.15, 2.37,	r=20.71
	[Class #2]	n=173	c=7.35, 7.70, 7.70, 7.72, 7.73, 7.62, 7.60, 7.78, 7.84, 7.47, 7.61, 7.63, 7.82, 7.50, 7.51, 7.74, 7.62, 7.57, 7.69, 7.86, 7.52, 7.55, 7.72, 7.80, 7.51, 7.65, 7.66, 7.78,	r=2.19
	[Class #2]	n=85	c=7.55, 7.57, 7.61, 8.00, 7.82, 7.66, 7.53, 7.53, 7.28, 7.63, 7.57, 7.99, 7.44, 7.91, 7.78, 7.82, 7.74, 7.71, 7.72, 7.37, 7.69, 7.78, 7.86, 7.73, 7.77, 7.76, 7.73, 7.81,	r=2.14
	[Class #2]	n=40	c=7.69, 7.95, 7.78, 7.42, 7.76, 7.84, 7.41, 7.56, 7.61, 7.68, 8.00, 7.60, 7.54, 7.83, 7.54, 7.65, 8.04, 7.87, 7.99, 7.90, 7.61, 7.76, 7.37, 7.62, 7.77, 7.61, 7.67, 7.31,	r=2.13
	[Class #2]	n=135	c=8.06, 7.70, 7.56, 7.54, 7.50, 7.67, 7.66, 7.91, 7.74, 7.51, 7.53, 7.65, 7.72, 7.84, 7.71, 7.69, 7.53, 7.58, 7.48, 7.57, 7.77, 7.84, 7.89, 7.61, 7.68, 7.39, 7.45, 7.70,	r=2.38
	[Class #2]	n=31	c=7.99, 7.91, 8.00, 7.73, 7.92, 7.42, 7.70, 7.72, 7.79, 7.71, 7.21, 7.37, 7.96, 7.84, 7.82, 7.58, 7.69, 7.32, 7.78, 7.30, 7.89, 7.59, 7.47, 7.91, 7.77, 7.80, 7.37, 7.43,	r=2.04
	[Class #2]	n=98	c=7.60, 7.45, 7.68, 7.67, 7.78, 7.91, 7.43, 7.44, 7.49, 7.94, 7.71, 7.46, 7.61, 7.74, 7.79, 7.72, 7.52, 7.82, 7.74, 7.45, 7.38, 7.68, 7.32, 7.58, 7.61, 7.71, 7.74, 7.74,	r=2.18
	[Class #2]	n=31	c=7.80, 7.59, 7.61, 7.40, 8.06, 7.98, 7.39, 7.52, 7.73, 7.46, 7.49, 7.47, 7.37, 7.57, 7.64, 7.69, 8.02, 7.43, 7.64, 7.72, 7.82, 7.47, 7.70, 7.50, 7.76, 6.99, 8.01, 7.66,	r=2.06
	[Class #2]	n=63	c=7.89, 7.81, 7.62, 7.85, 7.57, 7.70, 7.59, 7.81, 7.84, 7.89, 7.62, 7.42, 7.62, 7.54, 7.66, 7.41, 7.61, 7.98, 7.40, 7.67, 7.21, 7.61, 7.66, 7.42, 7.65, 7.51, 7.26, 7.63,	r=2.18
	[Class #2]	n=206	c=7.71, 7.48, 7.70, 7.62, 7.51, 7.62, 7.73, 7.44, 7.89, 7.45, 7.76, 7.63, 7.51, 7.67, 7.56, 7.69, 7.70, 7.52, 7.52, 7.51, 7.58, 7.48, 7.64, 7.42, 7.62, 7.84, 7.72, 7.69,	r=2.22
	[Class #2]	n=90	c=7.34, 7.67, 7.57, 7.66, 7.46, 7.97, 7.77, 7.70, 7.45, 7.69, 7.39, 7.67, 7.78, 7.86, 7.77, 7.52, 7.60, 7.56, 7.69, 7.92, 7.78, 7.83, 7.50, 7.73, 7.50, 7.65, 7.97, 7.34,	r=2.29
)

positive: 1509(80.14%), negative: 352(18.69%), unknown: 22(1.17%), 